08-Oct-2019 19:33:04.848 信息 [main] org.apache.catalina.startup.VersionLoggerListener.log Server version:        Apache Tomcat/8.0.52
08-Oct-2019 19:33:04.856 信息 [main] org.apache.catalina.startup.VersionLoggerListener.log Server built:          Apr 28 2018 16:24:29 UTC
08-Oct-2019 19:33:04.857 信息 [main] org.apache.catalina.startup.VersionLoggerListener.log Server number:         8.0.52.0
08-Oct-2019 19:33:04.858 信息 [main] org.apache.catalina.startup.VersionLoggerListener.log OS Name:               Windows 7
08-Oct-2019 19:33:04.859 信息 [main] org.apache.catalina.startup.VersionLoggerListener.log OS Version:            6.1
08-Oct-2019 19:33:04.860 信息 [main] org.apache.catalina.startup.VersionLoggerListener.log Architecture:          amd64
08-Oct-2019 19:33:04.861 信息 [main] org.apache.catalina.startup.VersionLoggerListener.log Java Home:             C:\Program Files\Java\jdk1.8.0_201\jre
08-Oct-2019 19:33:04.862 信息 [main] org.apache.catalina.startup.VersionLoggerListener.log JVM Version:           1.8.0_201-b09
08-Oct-2019 19:33:04.862 信息 [main] org.apache.catalina.startup.VersionLoggerListener.log JVM Vendor:            Oracle Corporation
08-Oct-2019 19:33:04.863 信息 [main] org.apache.catalina.startup.VersionLoggerListener.log CATALINA_BASE:         E:\soft\eclipes绿色版及maven\apache-tomcat-8.0.52
08-Oct-2019 19:33:04.864 信息 [main] org.apache.catalina.startup.VersionLoggerListener.log CATALINA_HOME:         E:\soft\eclipes绿色版及maven\apache-tomcat-8.0.52
08-Oct-2019 19:33:04.866 信息 [main] org.apache.catalina.startup.VersionLoggerListener.log Command line argument: -Djava.util.logging.config.file=E:\soft\eclipes绿色版及maven\apache-tomcat-8.0.52\conf\logging.properties
08-Oct-2019 19:33:04.867 信息 [main] org.apache.catalina.startup.VersionLoggerListener.log Command line argument: -Djava.util.logging.manager=org.apache.juli.ClassLoaderLogManager
08-Oct-2019 19:33:04.868 信息 [main] org.apache.catalina.startup.VersionLoggerListener.log Command line argument: -Djdk.tls.ephemeralDHKeySize=2048
08-Oct-2019 19:33:04.869 信息 [main] org.apache.catalina.startup.VersionLoggerListener.log Command line argument: -Djava.protocol.handler.pkgs=org.apache.catalina.webresources
08-Oct-2019 19:33:04.870 信息 [main] org.apache.catalina.startup.VersionLoggerListener.log Command line argument: -Dignore.endorsed.dirs=
08-Oct-2019 19:33:04.871 信息 [main] org.apache.catalina.startup.VersionLoggerListener.log Command line argument: -Dcatalina.base=E:\soft\eclipes绿色版及maven\apache-tomcat-8.0.52
08-Oct-2019 19:33:04.873 信息 [main] org.apache.catalina.startup.VersionLoggerListener.log Command line argument: -Dcatalina.home=E:\soft\eclipes绿色版及maven\apache-tomcat-8.0.52
08-Oct-2019 19:33:04.874 信息 [main] org.apache.catalina.startup.VersionLoggerListener.log Command line argument: -Djava.io.tmpdir=E:\soft\eclipes绿色版及maven\apache-tomcat-8.0.52\temp
08-Oct-2019 19:33:04.877 信息 [main] org.apache.catalina.core.AprLifecycleListener.lifecycleEvent The APR based Apache Tomcat Native library which allows optimal performance in production environments was not found on the java.library.path: C:\Program Files\Java\jdk1.8.0_201\bin;C:\Windows\Sun\Java\bin;C:\Windows\system32;C:\Windows;C:\Program Files\Java\jdk1.8.0_201\bin;C:\Program Files\Java\jdk1.8.0_201\jre\bin;C:\Program Files (x86)\Common Files\Oracle\Java\javapath;C:\Windows\system32;C:\Windows;C:\Windows\System32\Wbem;C:\Windows\System32\WindowsPowerShell\v1.0\;C:\Program Files (x86)\Intel\OpenCL SDK\2.0\bin\x86;C:\Program Files (x86)\Intel\OpenCL SDK\2.0\bin\x64;C:\Program Files\ThinkPad\Bluetooth Software\;C:\Program Files\ThinkPad\Bluetooth Software\syswow64;E:\soft\node\;C:\Users\My\AppData\Roaming\npm;.;;.
08-Oct-2019 19:33:05.098 信息 [main] org.apache.coyote.AbstractProtocol.init Initializing ProtocolHandler ["http-nio-8080"]
08-Oct-2019 19:33:05.401 信息 [main] org.apache.tomcat.util.net.NioSelectorPool.getSharedSelector Using a shared selector for servlet write/read
08-Oct-2019 19:33:05.404 信息 [main] org.apache.coyote.AbstractProtocol.init Initializing ProtocolHandler ["ajp-nio-8009"]
08-Oct-2019 19:33:05.407 信息 [main] org.apache.tomcat.util.net.NioSelectorPool.getSharedSelector Using a shared selector for servlet write/read
08-Oct-2019 19:33:05.409 信息 [main] org.apache.catalina.startup.Catalina.load Initialization processed in 1104 ms
08-Oct-2019 19:33:05.441 信息 [main] org.apache.catalina.core.StandardService.startInternal Starting service Catalina
08-Oct-2019 19:33:05.442 信息 [main] org.apache.catalina.core.StandardEngine.startInternal Starting Servlet Engine: Apache Tomcat/8.0.52
08-Oct-2019 19:33:05.460 信息 [localhost-startStop-1] org.apache.catalina.startup.HostConfig.deployDirectory Deploying web application directory E:\soft\eclipes绿色版及maven\apache-tomcat-8.0.52\webapps\docs
08-Oct-2019 19:33:05.836 信息 [localhost-startStop-1] org.apache.catalina.startup.HostConfig.deployDirectory Deployment of web application directory E:\soft\eclipes绿色版及maven\apache-tomcat-8.0.52\webapps\docs has finished in 383 ms
08-Oct-2019 19:33:05.838 信息 [localhost-startStop-1] org.apache.catalina.startup.HostConfig.deployDirectory Deploying web application directory E:\soft\eclipes绿色版及maven\apache-tomcat-8.0.52\webapps\examples
08-Oct-2019 19:33:06.307 信息 [localhost-startStop-1] org.apache.catalina.startup.HostConfig.deployDirectory Deployment of web application directory E:\soft\eclipes绿色版及maven\apache-tomcat-8.0.52\webapps\examples has finished in 468 ms
08-Oct-2019 19:33:06.309 信息 [localhost-startStop-1] org.apache.catalina.startup.HostConfig.deployDirectory Deploying web application directory E:\soft\eclipes绿色版及maven\apache-tomcat-8.0.52\webapps\host-manager
08-Oct-2019 19:33:06.348 信息 [localhost-startStop-1] org.apache.catalina.startup.HostConfig.deployDirectory Deployment of web application directory E:\soft\eclipes绿色版及maven\apache-tomcat-8.0.52\webapps\host-manager has finished in 39 ms
08-Oct-2019 19:33:06.350 信息 [localhost-startStop-1] org.apache.catalina.startup.HostConfig.deployDirectory Deploying web application directory E:\soft\eclipes绿色版及maven\apache-tomcat-8.0.52\webapps\manager
08-Oct-2019 19:33:06.386 信息 [localhost-startStop-1] org.apache.catalina.startup.HostConfig.deployDirectory Deployment of web application directory E:\soft\eclipes绿色版及maven\apache-tomcat-8.0.52\webapps\manager has finished in 36 ms
08-Oct-2019 19:33:06.387 信息 [localhost-startStop-1] org.apache.catalina.startup.HostConfig.deployDirectory Deploying web application directory E:\soft\eclipes绿色版及maven\apache-tomcat-8.0.52\webapps\ROOT
08-Oct-2019 19:33:06.410 信息 [localhost-startStop-1] org.apache.catalina.startup.HostConfig.deployDirectory Deployment of web application directory E:\soft\eclipes绿色版及maven\apache-tomcat-8.0.52\webapps\ROOT has finished in 22 ms
08-Oct-2019 19:33:06.414 信息 [main] org.apache.coyote.AbstractProtocol.start Starting ProtocolHandler ["http-nio-8080"]
08-Oct-2019 19:33:06.422 信息 [main] org.apache.coyote.AbstractProtocol.start Starting ProtocolHandler ["ajp-nio-8009"]
08-Oct-2019 19:33:06.425 信息 [main] org.apache.catalina.startup.Catalina.start Server startup in 1015 ms
08-Oct-2019 19:38:51.911 信息 [Thread-5] org.apache.coyote.AbstractProtocol.pause Pausing ProtocolHandler ["http-nio-8080"]
08-Oct-2019 19:38:51.966 信息 [Thread-5] org.apache.coyote.AbstractProtocol.pause Pausing ProtocolHandler ["ajp-nio-8009"]
08-Oct-2019 19:38:52.018 信息 [Thread-5] org.apache.catalina.core.StandardService.stopInternal Stopping service Catalina
08-Oct-2019 19:38:52.055 信息 [Thread-5] org.apache.coyote.AbstractProtocol.stop Stopping ProtocolHandler ["http-nio-8080"]
08-Oct-2019 19:38:52.059 信息 [Thread-5] org.apache.coyote.AbstractProtocol.stop Stopping ProtocolHandler ["ajp-nio-8009"]
08-Oct-2019 19:38:52.063 信息 [Thread-5] org.apache.coyote.AbstractProtocol.destroy Destroying ProtocolHandler ["http-nio-8080"]
08-Oct-2019 19:38:52.066 信息 [Thread-5] org.apache.coyote.AbstractProtocol.destroy Destroying ProtocolHandler ["ajp-nio-8009"]
