06-Jan-2020 08:34:20.135 信息 [main] org.apache.catalina.startup.VersionLoggerListener.log Server version:        Apache Tomcat/8.0.52
06-Jan-2020 08:34:20.140 信息 [main] org.apache.catalina.startup.VersionLoggerListener.log Server built:          Apr 28 2018 16:24:29 UTC
06-Jan-2020 08:34:20.144 信息 [main] org.apache.catalina.startup.VersionLoggerListener.log Server number:         8.0.52.0
06-Jan-2020 08:34:20.144 信息 [main] org.apache.catalina.startup.VersionLoggerListener.log OS Name:               Windows 10
06-Jan-2020 08:34:20.144 信息 [main] org.apache.catalina.startup.VersionLoggerListener.log OS Version:            10.0
06-Jan-2020 08:34:20.145 信息 [main] org.apache.catalina.startup.VersionLoggerListener.log Architecture:          amd64
06-Jan-2020 08:34:20.145 信息 [main] org.apache.catalina.startup.VersionLoggerListener.log Java Home:             C:\Program Files\Java\jdk1.8.0_181\jre
06-Jan-2020 08:34:20.145 信息 [main] org.apache.catalina.startup.VersionLoggerListener.log JVM Version:           1.8.0_181-b13
06-Jan-2020 08:34:20.145 信息 [main] org.apache.catalina.startup.VersionLoggerListener.log JVM Vendor:            Oracle Corporation
06-Jan-2020 08:34:20.145 信息 [main] org.apache.catalina.startup.VersionLoggerListener.log CATALINA_BASE:         F:\solr\tomcatsolr
06-Jan-2020 08:34:20.146 信息 [main] org.apache.catalina.startup.VersionLoggerListener.log CATALINA_HOME:         F:\solr\tomcatsolr
06-Jan-2020 08:34:20.146 信息 [main] org.apache.catalina.startup.VersionLoggerListener.log Command line argument: -Djava.util.logging.config.file=F:\solr\tomcatsolr\conf\logging.properties
06-Jan-2020 08:34:20.146 信息 [main] org.apache.catalina.startup.VersionLoggerListener.log Command line argument: -Djava.util.logging.manager=org.apache.juli.ClassLoaderLogManager
06-Jan-2020 08:34:20.146 信息 [main] org.apache.catalina.startup.VersionLoggerListener.log Command line argument: -Djdk.tls.ephemeralDHKeySize=2048
06-Jan-2020 08:34:20.147 信息 [main] org.apache.catalina.startup.VersionLoggerListener.log Command line argument: -Djava.protocol.handler.pkgs=org.apache.catalina.webresources
06-Jan-2020 08:34:20.148 信息 [main] org.apache.catalina.startup.VersionLoggerListener.log Command line argument: -Dignore.endorsed.dirs=
06-Jan-2020 08:34:20.149 信息 [main] org.apache.catalina.startup.VersionLoggerListener.log Command line argument: -Dcatalina.base=F:\solr\tomcatsolr
06-Jan-2020 08:34:20.149 信息 [main] org.apache.catalina.startup.VersionLoggerListener.log Command line argument: -Dcatalina.home=F:\solr\tomcatsolr
06-Jan-2020 08:34:20.150 信息 [main] org.apache.catalina.startup.VersionLoggerListener.log Command line argument: -Djava.io.tmpdir=F:\solr\tomcatsolr\temp
06-Jan-2020 08:34:20.156 信息 [main] org.apache.catalina.core.AprLifecycleListener.lifecycleEvent The APR based Apache Tomcat Native library which allows optimal performance in production environments was not found on the java.library.path: C:\Program Files\Java\jdk1.8.0_181\bin;C:\WINDOWS\Sun\Java\bin;C:\WINDOWS\system32;C:\WINDOWS;C:\Program Files (x86)\Common Files\Oracle\Java\javapath;C:\WINDOWS\system32;C:\WINDOWS;C:\WINDOWS\System32\Wbem;C:\WINDOWS\System32\WindowsPowerShell\v1.0\;C:\Program Files (x86)\Microsoft SQL Server\110\Tools\Binn\ManagementStudio\;C:\Program Files (x86)\Microsoft SQL Server\110\Tools\Binn\;C:\Program Files\Microsoft SQL Server\110\Tools\Binn\;C:\Program Files (x86)\Microsoft Visual Studio 10.0\Common7\IDE\PrivateAssemblies\;C:\Program Files (x86)\Microsoft SQL Server\110\DTS\Binn\;C:\Program Files\Microsoft SQL Server\110\DTS\Binn\;C:\Program Files\Java\jdk1.8.0_181\bin;C:\Program Files\Java\jdk1.8.0_181\jre\bin;C:\WINDOWS\System32\OpenSSH\;F:\工作安装包\node安装路径\;C:\Users\15718\AppData\Local\Microsoft\WindowsApps;F:\python\PyCharm 193.4932.14\bin;;F:\工作安装包\ssm框架\整合包\mysql\bin;C:\Users\15718\AppData\Roaming\npm;.
06-Jan-2020 08:34:20.404 信息 [main] org.apache.coyote.AbstractProtocol.init Initializing ProtocolHandler ["http-nio-8081"]
06-Jan-2020 08:34:20.955 信息 [main] org.apache.tomcat.util.net.NioSelectorPool.getSharedSelector Using a shared selector for servlet write/read
06-Jan-2020 08:34:20.959 信息 [main] org.apache.coyote.AbstractProtocol.init Initializing ProtocolHandler ["ajp-nio-9009"]
06-Jan-2020 08:34:20.963 信息 [main] org.apache.tomcat.util.net.NioSelectorPool.getSharedSelector Using a shared selector for servlet write/read
06-Jan-2020 08:34:20.963 信息 [main] org.apache.catalina.startup.Catalina.load Initialization processed in 1464 ms
06-Jan-2020 08:34:20.998 信息 [main] org.apache.catalina.core.StandardService.startInternal Starting service Catalina
06-Jan-2020 08:34:20.999 信息 [main] org.apache.catalina.core.StandardEngine.startInternal Starting Servlet Engine: Apache Tomcat/8.0.52
06-Jan-2020 08:34:21.011 信息 [localhost-startStop-1] org.apache.catalina.startup.HostConfig.deployDirectory Deploying web application directory F:\solr\tomcatsolr\webapps\docs
06-Jan-2020 08:34:21.496 信息 [localhost-startStop-1] org.apache.catalina.startup.HostConfig.deployDirectory Deployment of web application directory F:\solr\tomcatsolr\webapps\docs has finished in 485 ms
06-Jan-2020 08:34:21.496 信息 [localhost-startStop-1] org.apache.catalina.startup.HostConfig.deployDirectory Deploying web application directory F:\solr\tomcatsolr\webapps\examples
06-Jan-2020 08:34:22.038 信息 [localhost-startStop-1] org.apache.catalina.startup.HostConfig.deployDirectory Deployment of web application directory F:\solr\tomcatsolr\webapps\examples has finished in 542 ms
06-Jan-2020 08:34:22.039 信息 [localhost-startStop-1] org.apache.catalina.startup.HostConfig.deployDirectory Deploying web application directory F:\solr\tomcatsolr\webapps\host-manager
06-Jan-2020 08:34:22.077 信息 [localhost-startStop-1] org.apache.catalina.startup.HostConfig.deployDirectory Deployment of web application directory F:\solr\tomcatsolr\webapps\host-manager has finished in 39 ms
06-Jan-2020 08:34:22.077 信息 [localhost-startStop-1] org.apache.catalina.startup.HostConfig.deployDirectory Deploying web application directory F:\solr\tomcatsolr\webapps\manager
06-Jan-2020 08:34:22.140 信息 [localhost-startStop-1] org.apache.catalina.startup.HostConfig.deployDirectory Deployment of web application directory F:\solr\tomcatsolr\webapps\manager has finished in 63 ms
06-Jan-2020 08:34:22.140 信息 [localhost-startStop-1] org.apache.catalina.startup.HostConfig.deployDirectory Deploying web application directory F:\solr\tomcatsolr\webapps\ROOT
06-Jan-2020 08:34:22.169 信息 [localhost-startStop-1] org.apache.catalina.startup.HostConfig.deployDirectory Deployment of web application directory F:\solr\tomcatsolr\webapps\ROOT has finished in 29 ms
06-Jan-2020 08:34:22.170 信息 [localhost-startStop-1] org.apache.catalina.startup.HostConfig.deployDirectory Deploying web application directory F:\solr\tomcatsolr\webapps\solr
06-Jan-2020 08:34:25.961 信息 [localhost-startStop-1] org.apache.jasper.servlet.TldScanner.scanJars At least one JAR was scanned for TLDs yet contained no TLDs. Enable debug logging for this logger for a complete list of JARs that were scanned but no TLDs were found in them. Skipping unneeded JARs during scanning can improve startup time and JSP compilation time.
06-Jan-2020 08:34:31.768 信息 [localhost-startStop-1] org.apache.catalina.startup.HostConfig.deployDirectory Deployment of web application directory F:\solr\tomcatsolr\webapps\solr has finished in 9,599 ms
06-Jan-2020 08:34:31.773 信息 [main] org.apache.coyote.AbstractProtocol.start Starting ProtocolHandler ["http-nio-8081"]
06-Jan-2020 08:34:31.906 信息 [main] org.apache.coyote.AbstractProtocol.start Starting ProtocolHandler ["ajp-nio-9009"]
06-Jan-2020 08:34:31.914 信息 [main] org.apache.catalina.startup.Catalina.start Server startup in 10950 ms
06-Jan-2020 09:00:47.894 信息 [main] org.apache.catalina.startup.VersionLoggerListener.log Server version:        Apache Tomcat/8.0.52
06-Jan-2020 09:00:47.899 信息 [main] org.apache.catalina.startup.VersionLoggerListener.log Server built:          Apr 28 2018 16:24:29 UTC
06-Jan-2020 09:00:47.900 信息 [main] org.apache.catalina.startup.VersionLoggerListener.log Server number:         8.0.52.0
06-Jan-2020 09:00:47.900 信息 [main] org.apache.catalina.startup.VersionLoggerListener.log OS Name:               Windows 10
06-Jan-2020 09:00:47.901 信息 [main] org.apache.catalina.startup.VersionLoggerListener.log OS Version:            10.0
06-Jan-2020 09:00:47.901 信息 [main] org.apache.catalina.startup.VersionLoggerListener.log Architecture:          amd64
06-Jan-2020 09:00:47.901 信息 [main] org.apache.catalina.startup.VersionLoggerListener.log Java Home:             C:\Program Files\Java\jdk1.8.0_181\jre
06-Jan-2020 09:00:47.901 信息 [main] org.apache.catalina.startup.VersionLoggerListener.log JVM Version:           1.8.0_181-b13
06-Jan-2020 09:00:47.901 信息 [main] org.apache.catalina.startup.VersionLoggerListener.log JVM Vendor:            Oracle Corporation
06-Jan-2020 09:00:47.901 信息 [main] org.apache.catalina.startup.VersionLoggerListener.log CATALINA_BASE:         F:\solr\tomcatsolr
06-Jan-2020 09:00:47.902 信息 [main] org.apache.catalina.startup.VersionLoggerListener.log CATALINA_HOME:         F:\solr\tomcatsolr
06-Jan-2020 09:00:47.902 信息 [main] org.apache.catalina.startup.VersionLoggerListener.log Command line argument: -Djava.util.logging.config.file=F:\solr\tomcatsolr\conf\logging.properties
06-Jan-2020 09:00:47.902 信息 [main] org.apache.catalina.startup.VersionLoggerListener.log Command line argument: -Djava.util.logging.manager=org.apache.juli.ClassLoaderLogManager
06-Jan-2020 09:00:47.902 信息 [main] org.apache.catalina.startup.VersionLoggerListener.log Command line argument: -Djdk.tls.ephemeralDHKeySize=2048
06-Jan-2020 09:00:47.903 信息 [main] org.apache.catalina.startup.VersionLoggerListener.log Command line argument: -Djava.protocol.handler.pkgs=org.apache.catalina.webresources
06-Jan-2020 09:00:47.903 信息 [main] org.apache.catalina.startup.VersionLoggerListener.log Command line argument: -Dignore.endorsed.dirs=
06-Jan-2020 09:00:47.903 信息 [main] org.apache.catalina.startup.VersionLoggerListener.log Command line argument: -Dcatalina.base=F:\solr\tomcatsolr
06-Jan-2020 09:00:47.904 信息 [main] org.apache.catalina.startup.VersionLoggerListener.log Command line argument: -Dcatalina.home=F:\solr\tomcatsolr
06-Jan-2020 09:00:47.904 信息 [main] org.apache.catalina.startup.VersionLoggerListener.log Command line argument: -Djava.io.tmpdir=F:\solr\tomcatsolr\temp
06-Jan-2020 09:00:47.910 信息 [main] org.apache.catalina.core.AprLifecycleListener.lifecycleEvent The APR based Apache Tomcat Native library which allows optimal performance in production environments was not found on the java.library.path: C:\Program Files\Java\jdk1.8.0_181\bin;C:\WINDOWS\Sun\Java\bin;C:\WINDOWS\system32;C:\WINDOWS;C:\Program Files (x86)\Common Files\Oracle\Java\javapath;C:\WINDOWS\system32;C:\WINDOWS;C:\WINDOWS\System32\Wbem;C:\WINDOWS\System32\WindowsPowerShell\v1.0\;C:\Program Files (x86)\Microsoft SQL Server\110\Tools\Binn\ManagementStudio\;C:\Program Files (x86)\Microsoft SQL Server\110\Tools\Binn\;C:\Program Files\Microsoft SQL Server\110\Tools\Binn\;C:\Program Files (x86)\Microsoft Visual Studio 10.0\Common7\IDE\PrivateAssemblies\;C:\Program Files (x86)\Microsoft SQL Server\110\DTS\Binn\;C:\Program Files\Microsoft SQL Server\110\DTS\Binn\;C:\Program Files\Java\jdk1.8.0_181\bin;C:\Program Files\Java\jdk1.8.0_181\jre\bin;C:\WINDOWS\System32\OpenSSH\;F:\工作安装包\node安装路径\;C:\Users\15718\AppData\Local\Microsoft\WindowsApps;F:\python\PyCharm 193.4932.14\bin;;F:\工作安装包\ssm框架\整合包\mysql\bin;C:\Users\15718\AppData\Roaming\npm;.
06-Jan-2020 09:00:48.106 信息 [main] org.apache.coyote.AbstractProtocol.init Initializing ProtocolHandler ["http-nio-8081"]
06-Jan-2020 09:00:48.603 信息 [main] org.apache.tomcat.util.net.NioSelectorPool.getSharedSelector Using a shared selector for servlet write/read
06-Jan-2020 09:00:48.607 信息 [main] org.apache.coyote.AbstractProtocol.init Initializing ProtocolHandler ["ajp-nio-9009"]
06-Jan-2020 09:00:48.610 信息 [main] org.apache.tomcat.util.net.NioSelectorPool.getSharedSelector Using a shared selector for servlet write/read
06-Jan-2020 09:00:48.611 信息 [main] org.apache.catalina.startup.Catalina.load Initialization processed in 1343 ms
06-Jan-2020 09:00:48.647 信息 [main] org.apache.catalina.core.StandardService.startInternal Starting service Catalina
06-Jan-2020 09:00:48.647 信息 [main] org.apache.catalina.core.StandardEngine.startInternal Starting Servlet Engine: Apache Tomcat/8.0.52
06-Jan-2020 09:00:48.659 信息 [localhost-startStop-1] org.apache.catalina.startup.HostConfig.deployDirectory Deploying web application directory F:\solr\tomcatsolr\webapps\docs
06-Jan-2020 09:00:49.062 信息 [localhost-startStop-1] org.apache.catalina.startup.HostConfig.deployDirectory Deployment of web application directory F:\solr\tomcatsolr\webapps\docs has finished in 403 ms
06-Jan-2020 09:00:49.063 信息 [localhost-startStop-1] org.apache.catalina.startup.HostConfig.deployDirectory Deploying web application directory F:\solr\tomcatsolr\webapps\examples
06-Jan-2020 09:00:49.618 信息 [localhost-startStop-1] org.apache.catalina.startup.HostConfig.deployDirectory Deployment of web application directory F:\solr\tomcatsolr\webapps\examples has finished in 555 ms
06-Jan-2020 09:00:49.619 信息 [localhost-startStop-1] org.apache.catalina.startup.HostConfig.deployDirectory Deploying web application directory F:\solr\tomcatsolr\webapps\host-manager
06-Jan-2020 09:00:49.670 信息 [localhost-startStop-1] org.apache.catalina.startup.HostConfig.deployDirectory Deployment of web application directory F:\solr\tomcatsolr\webapps\host-manager has finished in 52 ms
06-Jan-2020 09:00:49.671 信息 [localhost-startStop-1] org.apache.catalina.startup.HostConfig.deployDirectory Deploying web application directory F:\solr\tomcatsolr\webapps\manager
06-Jan-2020 09:00:49.723 信息 [localhost-startStop-1] org.apache.catalina.startup.HostConfig.deployDirectory Deployment of web application directory F:\solr\tomcatsolr\webapps\manager has finished in 52 ms
06-Jan-2020 09:00:49.723 信息 [localhost-startStop-1] org.apache.catalina.startup.HostConfig.deployDirectory Deploying web application directory F:\solr\tomcatsolr\webapps\ROOT
06-Jan-2020 09:00:49.751 信息 [localhost-startStop-1] org.apache.catalina.startup.HostConfig.deployDirectory Deployment of web application directory F:\solr\tomcatsolr\webapps\ROOT has finished in 27 ms
06-Jan-2020 09:00:49.751 信息 [localhost-startStop-1] org.apache.catalina.startup.HostConfig.deployDirectory Deploying web application directory F:\solr\tomcatsolr\webapps\solr
06-Jan-2020 09:00:53.310 信息 [localhost-startStop-1] org.apache.jasper.servlet.TldScanner.scanJars At least one JAR was scanned for TLDs yet contained no TLDs. Enable debug logging for this logger for a complete list of JARs that were scanned but no TLDs were found in them. Skipping unneeded JARs during scanning can improve startup time and JSP compilation time.
06-Jan-2020 09:00:57.842 信息 [localhost-startStop-1] org.apache.catalina.startup.HostConfig.deployDirectory Deployment of web application directory F:\solr\tomcatsolr\webapps\solr has finished in 8,091 ms
06-Jan-2020 09:00:57.849 信息 [main] org.apache.coyote.AbstractProtocol.start Starting ProtocolHandler ["http-nio-8081"]
06-Jan-2020 09:00:57.860 信息 [main] org.apache.coyote.AbstractProtocol.start Starting ProtocolHandler ["ajp-nio-9009"]
06-Jan-2020 09:00:57.864 信息 [main] org.apache.catalina.startup.Catalina.start Server startup in 9251 ms
06-Jan-2020 09:01:43.602 信息 [main] org.apache.catalina.startup.VersionLoggerListener.log Server version:        Apache Tomcat/8.0.52
06-Jan-2020 09:01:43.606 信息 [main] org.apache.catalina.startup.VersionLoggerListener.log Server built:          Apr 28 2018 16:24:29 UTC
06-Jan-2020 09:01:43.606 信息 [main] org.apache.catalina.startup.VersionLoggerListener.log Server number:         8.0.52.0
06-Jan-2020 09:01:43.606 信息 [main] org.apache.catalina.startup.VersionLoggerListener.log OS Name:               Windows 10
06-Jan-2020 09:01:43.606 信息 [main] org.apache.catalina.startup.VersionLoggerListener.log OS Version:            10.0
06-Jan-2020 09:01:43.607 信息 [main] org.apache.catalina.startup.VersionLoggerListener.log Architecture:          amd64
06-Jan-2020 09:01:43.607 信息 [main] org.apache.catalina.startup.VersionLoggerListener.log Java Home:             C:\Program Files\Java\jdk1.8.0_181\jre
06-Jan-2020 09:01:43.607 信息 [main] org.apache.catalina.startup.VersionLoggerListener.log JVM Version:           1.8.0_181-b13
06-Jan-2020 09:01:43.607 信息 [main] org.apache.catalina.startup.VersionLoggerListener.log JVM Vendor:            Oracle Corporation
06-Jan-2020 09:01:43.607 信息 [main] org.apache.catalina.startup.VersionLoggerListener.log CATALINA_BASE:         F:\solr\tomcatsolr
06-Jan-2020 09:01:43.607 信息 [main] org.apache.catalina.startup.VersionLoggerListener.log CATALINA_HOME:         F:\solr\tomcatsolr
06-Jan-2020 09:01:43.607 信息 [main] org.apache.catalina.startup.VersionLoggerListener.log Command line argument: -Djava.util.logging.config.file=F:\solr\tomcatsolr\conf\logging.properties
06-Jan-2020 09:01:43.608 信息 [main] org.apache.catalina.startup.VersionLoggerListener.log Command line argument: -Djava.util.logging.manager=org.apache.juli.ClassLoaderLogManager
06-Jan-2020 09:01:43.608 信息 [main] org.apache.catalina.startup.VersionLoggerListener.log Command line argument: -Djdk.tls.ephemeralDHKeySize=2048
06-Jan-2020 09:01:43.608 信息 [main] org.apache.catalina.startup.VersionLoggerListener.log Command line argument: -Djava.protocol.handler.pkgs=org.apache.catalina.webresources
06-Jan-2020 09:01:43.608 信息 [main] org.apache.catalina.startup.VersionLoggerListener.log Command line argument: -Dignore.endorsed.dirs=
06-Jan-2020 09:01:43.609 信息 [main] org.apache.catalina.startup.VersionLoggerListener.log Command line argument: -Dcatalina.base=F:\solr\tomcatsolr
06-Jan-2020 09:01:43.609 信息 [main] org.apache.catalina.startup.VersionLoggerListener.log Command line argument: -Dcatalina.home=F:\solr\tomcatsolr
06-Jan-2020 09:01:43.610 信息 [main] org.apache.catalina.startup.VersionLoggerListener.log Command line argument: -Djava.io.tmpdir=F:\solr\tomcatsolr\temp
06-Jan-2020 09:01:43.616 信息 [main] org.apache.catalina.core.AprLifecycleListener.lifecycleEvent The APR based Apache Tomcat Native library which allows optimal performance in production environments was not found on the java.library.path: C:\Program Files\Java\jdk1.8.0_181\bin;C:\WINDOWS\Sun\Java\bin;C:\WINDOWS\system32;C:\WINDOWS;C:\Program Files (x86)\Common Files\Oracle\Java\javapath;C:\WINDOWS\system32;C:\WINDOWS;C:\WINDOWS\System32\Wbem;C:\WINDOWS\System32\WindowsPowerShell\v1.0\;C:\Program Files (x86)\Microsoft SQL Server\110\Tools\Binn\ManagementStudio\;C:\Program Files (x86)\Microsoft SQL Server\110\Tools\Binn\;C:\Program Files\Microsoft SQL Server\110\Tools\Binn\;C:\Program Files (x86)\Microsoft Visual Studio 10.0\Common7\IDE\PrivateAssemblies\;C:\Program Files (x86)\Microsoft SQL Server\110\DTS\Binn\;C:\Program Files\Microsoft SQL Server\110\DTS\Binn\;C:\Program Files\Java\jdk1.8.0_181\bin;C:\Program Files\Java\jdk1.8.0_181\jre\bin;C:\WINDOWS\System32\OpenSSH\;F:\工作安装包\node安装路径\;C:\Users\15718\AppData\Local\Microsoft\WindowsApps;F:\python\PyCharm 193.4932.14\bin;;F:\工作安装包\ssm框架\整合包\mysql\bin;C:\Users\15718\AppData\Roaming\npm;.
06-Jan-2020 09:01:43.814 信息 [main] org.apache.coyote.AbstractProtocol.init Initializing ProtocolHandler ["http-nio-8081"]
06-Jan-2020 09:01:44.321 信息 [main] org.apache.tomcat.util.net.NioSelectorPool.getSharedSelector Using a shared selector for servlet write/read
06-Jan-2020 09:01:44.324 信息 [main] org.apache.coyote.AbstractProtocol.init Initializing ProtocolHandler ["ajp-nio-9009"]
06-Jan-2020 09:01:44.328 信息 [main] org.apache.tomcat.util.net.NioSelectorPool.getSharedSelector Using a shared selector for servlet write/read
06-Jan-2020 09:01:44.329 信息 [main] org.apache.catalina.startup.Catalina.load Initialization processed in 1354 ms
06-Jan-2020 09:01:44.363 信息 [main] org.apache.catalina.core.StandardService.startInternal Starting service Catalina
06-Jan-2020 09:01:44.363 信息 [main] org.apache.catalina.core.StandardEngine.startInternal Starting Servlet Engine: Apache Tomcat/8.0.52
06-Jan-2020 09:01:44.375 信息 [localhost-startStop-1] org.apache.catalina.startup.HostConfig.deployDirectory Deploying web application directory F:\solr\tomcatsolr\webapps\docs
06-Jan-2020 09:01:44.778 信息 [localhost-startStop-1] org.apache.catalina.startup.HostConfig.deployDirectory Deployment of web application directory F:\solr\tomcatsolr\webapps\docs has finished in 403 ms
06-Jan-2020 09:01:44.779 信息 [localhost-startStop-1] org.apache.catalina.startup.HostConfig.deployDirectory Deploying web application directory F:\solr\tomcatsolr\webapps\examples
06-Jan-2020 09:01:45.334 信息 [localhost-startStop-1] org.apache.catalina.startup.HostConfig.deployDirectory Deployment of web application directory F:\solr\tomcatsolr\webapps\examples has finished in 555 ms
06-Jan-2020 09:01:45.336 信息 [localhost-startStop-1] org.apache.catalina.startup.HostConfig.deployDirectory Deploying web application directory F:\solr\tomcatsolr\webapps\host-manager
06-Jan-2020 09:01:45.385 信息 [localhost-startStop-1] org.apache.catalina.startup.HostConfig.deployDirectory Deployment of web application directory F:\solr\tomcatsolr\webapps\host-manager has finished in 48 ms
06-Jan-2020 09:01:45.385 信息 [localhost-startStop-1] org.apache.catalina.startup.HostConfig.deployDirectory Deploying web application directory F:\solr\tomcatsolr\webapps\manager
06-Jan-2020 09:01:45.436 信息 [localhost-startStop-1] org.apache.catalina.startup.HostConfig.deployDirectory Deployment of web application directory F:\solr\tomcatsolr\webapps\manager has finished in 51 ms
06-Jan-2020 09:01:45.439 信息 [localhost-startStop-1] org.apache.catalina.startup.HostConfig.deployDirectory Deploying web application directory F:\solr\tomcatsolr\webapps\ROOT
06-Jan-2020 09:01:45.469 信息 [localhost-startStop-1] org.apache.catalina.startup.HostConfig.deployDirectory Deployment of web application directory F:\solr\tomcatsolr\webapps\ROOT has finished in 30 ms
06-Jan-2020 09:01:45.469 信息 [localhost-startStop-1] org.apache.catalina.startup.HostConfig.deployDirectory Deploying web application directory F:\solr\tomcatsolr\webapps\solr
06-Jan-2020 09:01:48.808 信息 [localhost-startStop-1] org.apache.jasper.servlet.TldScanner.scanJars At least one JAR was scanned for TLDs yet contained no TLDs. Enable debug logging for this logger for a complete list of JARs that were scanned but no TLDs were found in them. Skipping unneeded JARs during scanning can improve startup time and JSP compilation time.
06-Jan-2020 09:01:52.963 信息 [localhost-startStop-1] org.apache.catalina.startup.HostConfig.deployDirectory Deployment of web application directory F:\solr\tomcatsolr\webapps\solr has finished in 7,494 ms
06-Jan-2020 09:01:52.969 信息 [main] org.apache.coyote.AbstractProtocol.start Starting ProtocolHandler ["http-nio-8081"]
06-Jan-2020 09:01:52.981 信息 [main] org.apache.coyote.AbstractProtocol.start Starting ProtocolHandler ["ajp-nio-9009"]
06-Jan-2020 09:01:52.985 信息 [main] org.apache.catalina.startup.Catalina.start Server startup in 8655 ms
06-Jan-2020 09:03:30.294 信息 [main] org.apache.catalina.startup.VersionLoggerListener.log Server version:        Apache Tomcat/8.0.52
06-Jan-2020 09:03:30.298 信息 [main] org.apache.catalina.startup.VersionLoggerListener.log Server built:          Apr 28 2018 16:24:29 UTC
06-Jan-2020 09:03:30.299 信息 [main] org.apache.catalina.startup.VersionLoggerListener.log Server number:         8.0.52.0
06-Jan-2020 09:03:30.299 信息 [main] org.apache.catalina.startup.VersionLoggerListener.log OS Name:               Windows 10
06-Jan-2020 09:03:30.299 信息 [main] org.apache.catalina.startup.VersionLoggerListener.log OS Version:            10.0
06-Jan-2020 09:03:30.299 信息 [main] org.apache.catalina.startup.VersionLoggerListener.log Architecture:          amd64
06-Jan-2020 09:03:30.299 信息 [main] org.apache.catalina.startup.VersionLoggerListener.log Java Home:             C:\Program Files\Java\jdk1.8.0_181\jre
06-Jan-2020 09:03:30.299 信息 [main] org.apache.catalina.startup.VersionLoggerListener.log JVM Version:           1.8.0_181-b13
06-Jan-2020 09:03:30.299 信息 [main] org.apache.catalina.startup.VersionLoggerListener.log JVM Vendor:            Oracle Corporation
06-Jan-2020 09:03:30.300 信息 [main] org.apache.catalina.startup.VersionLoggerListener.log CATALINA_BASE:         F:\solr\tomcatsolr
06-Jan-2020 09:03:30.300 信息 [main] org.apache.catalina.startup.VersionLoggerListener.log CATALINA_HOME:         F:\solr\tomcatsolr
06-Jan-2020 09:03:30.300 信息 [main] org.apache.catalina.startup.VersionLoggerListener.log Command line argument: -Djava.util.logging.config.file=F:\solr\tomcatsolr\conf\logging.properties
06-Jan-2020 09:03:30.300 信息 [main] org.apache.catalina.startup.VersionLoggerListener.log Command line argument: -Djava.util.logging.manager=org.apache.juli.ClassLoaderLogManager
06-Jan-2020 09:03:30.301 信息 [main] org.apache.catalina.startup.VersionLoggerListener.log Command line argument: -Djdk.tls.ephemeralDHKeySize=2048
06-Jan-2020 09:03:30.301 信息 [main] org.apache.catalina.startup.VersionLoggerListener.log Command line argument: -Djava.protocol.handler.pkgs=org.apache.catalina.webresources
06-Jan-2020 09:03:30.301 信息 [main] org.apache.catalina.startup.VersionLoggerListener.log Command line argument: -Dignore.endorsed.dirs=
06-Jan-2020 09:03:30.301 信息 [main] org.apache.catalina.startup.VersionLoggerListener.log Command line argument: -Dcatalina.base=F:\solr\tomcatsolr
06-Jan-2020 09:03:30.302 信息 [main] org.apache.catalina.startup.VersionLoggerListener.log Command line argument: -Dcatalina.home=F:\solr\tomcatsolr
06-Jan-2020 09:03:30.303 信息 [main] org.apache.catalina.startup.VersionLoggerListener.log Command line argument: -Djava.io.tmpdir=F:\solr\tomcatsolr\temp
06-Jan-2020 09:03:30.308 信息 [main] org.apache.catalina.core.AprLifecycleListener.lifecycleEvent The APR based Apache Tomcat Native library which allows optimal performance in production environments was not found on the java.library.path: C:\Program Files\Java\jdk1.8.0_181\bin;C:\WINDOWS\Sun\Java\bin;C:\WINDOWS\system32;C:\WINDOWS;C:\Program Files (x86)\Common Files\Oracle\Java\javapath;C:\WINDOWS\system32;C:\WINDOWS;C:\WINDOWS\System32\Wbem;C:\WINDOWS\System32\WindowsPowerShell\v1.0\;C:\Program Files (x86)\Microsoft SQL Server\110\Tools\Binn\ManagementStudio\;C:\Program Files (x86)\Microsoft SQL Server\110\Tools\Binn\;C:\Program Files\Microsoft SQL Server\110\Tools\Binn\;C:\Program Files (x86)\Microsoft Visual Studio 10.0\Common7\IDE\PrivateAssemblies\;C:\Program Files (x86)\Microsoft SQL Server\110\DTS\Binn\;C:\Program Files\Microsoft SQL Server\110\DTS\Binn\;C:\Program Files\Java\jdk1.8.0_181\bin;C:\Program Files\Java\jdk1.8.0_181\jre\bin;C:\WINDOWS\System32\OpenSSH\;F:\工作安装包\node安装路径\;C:\Users\15718\AppData\Local\Microsoft\WindowsApps;F:\python\PyCharm 193.4932.14\bin;;F:\工作安装包\ssm框架\整合包\mysql\bin;C:\Users\15718\AppData\Roaming\npm;.
06-Jan-2020 09:03:30.498 信息 [main] org.apache.coyote.AbstractProtocol.init Initializing ProtocolHandler ["http-nio-8081"]
06-Jan-2020 09:03:30.974 信息 [main] org.apache.tomcat.util.net.NioSelectorPool.getSharedSelector Using a shared selector for servlet write/read
06-Jan-2020 09:03:30.977 信息 [main] org.apache.coyote.AbstractProtocol.init Initializing ProtocolHandler ["ajp-nio-9009"]
06-Jan-2020 09:03:30.981 信息 [main] org.apache.tomcat.util.net.NioSelectorPool.getSharedSelector Using a shared selector for servlet write/read
06-Jan-2020 09:03:30.982 信息 [main] org.apache.catalina.startup.Catalina.load Initialization processed in 1360 ms
06-Jan-2020 09:03:31.015 信息 [main] org.apache.catalina.core.StandardService.startInternal Starting service Catalina
06-Jan-2020 09:03:31.016 信息 [main] org.apache.catalina.core.StandardEngine.startInternal Starting Servlet Engine: Apache Tomcat/8.0.52
06-Jan-2020 09:03:31.027 信息 [localhost-startStop-1] org.apache.catalina.startup.HostConfig.deployDirectory Deploying web application directory F:\solr\tomcatsolr\webapps\docs
06-Jan-2020 09:03:31.440 信息 [localhost-startStop-1] org.apache.catalina.startup.HostConfig.deployDirectory Deployment of web application directory F:\solr\tomcatsolr\webapps\docs has finished in 412 ms
06-Jan-2020 09:03:31.441 信息 [localhost-startStop-1] org.apache.catalina.startup.HostConfig.deployDirectory Deploying web application directory F:\solr\tomcatsolr\webapps\examples
06-Jan-2020 09:03:31.990 信息 [localhost-startStop-1] org.apache.catalina.startup.HostConfig.deployDirectory Deployment of web application directory F:\solr\tomcatsolr\webapps\examples has finished in 549 ms
06-Jan-2020 09:03:31.990 信息 [localhost-startStop-1] org.apache.catalina.startup.HostConfig.deployDirectory Deploying web application directory F:\solr\tomcatsolr\webapps\host-manager
06-Jan-2020 09:03:32.040 信息 [localhost-startStop-1] org.apache.catalina.startup.HostConfig.deployDirectory Deployment of web application directory F:\solr\tomcatsolr\webapps\host-manager has finished in 50 ms
06-Jan-2020 09:03:32.040 信息 [localhost-startStop-1] org.apache.catalina.startup.HostConfig.deployDirectory Deploying web application directory F:\solr\tomcatsolr\webapps\manager
06-Jan-2020 09:03:32.099 信息 [localhost-startStop-1] org.apache.catalina.startup.HostConfig.deployDirectory Deployment of web application directory F:\solr\tomcatsolr\webapps\manager has finished in 59 ms
06-Jan-2020 09:03:32.100 信息 [localhost-startStop-1] org.apache.catalina.startup.HostConfig.deployDirectory Deploying web application directory F:\solr\tomcatsolr\webapps\ROOT
06-Jan-2020 09:03:32.137 信息 [localhost-startStop-1] org.apache.catalina.startup.HostConfig.deployDirectory Deployment of web application directory F:\solr\tomcatsolr\webapps\ROOT has finished in 37 ms
06-Jan-2020 09:03:32.138 信息 [localhost-startStop-1] org.apache.catalina.startup.HostConfig.deployDirectory Deploying web application directory F:\solr\tomcatsolr\webapps\solr
06-Jan-2020 09:03:35.577 信息 [localhost-startStop-1] org.apache.jasper.servlet.TldScanner.scanJars At least one JAR was scanned for TLDs yet contained no TLDs. Enable debug logging for this logger for a complete list of JARs that were scanned but no TLDs were found in them. Skipping unneeded JARs during scanning can improve startup time and JSP compilation time.
06-Jan-2020 09:03:39.666 信息 [localhost-startStop-1] org.apache.catalina.startup.HostConfig.deployDirectory Deployment of web application directory F:\solr\tomcatsolr\webapps\solr has finished in 7,528 ms
06-Jan-2020 09:03:39.671 信息 [main] org.apache.coyote.AbstractProtocol.start Starting ProtocolHandler ["http-nio-8081"]
06-Jan-2020 09:03:39.683 信息 [main] org.apache.coyote.AbstractProtocol.start Starting ProtocolHandler ["ajp-nio-9009"]
06-Jan-2020 09:03:39.687 信息 [main] org.apache.catalina.startup.Catalina.start Server startup in 8704 ms
06-Jan-2020 17:35:02.008 信息 [main] org.apache.catalina.startup.VersionLoggerListener.log Server version:        Apache Tomcat/8.0.52
06-Jan-2020 17:35:02.012 信息 [main] org.apache.catalina.startup.VersionLoggerListener.log Server built:          Apr 28 2018 16:24:29 UTC
06-Jan-2020 17:35:02.014 信息 [main] org.apache.catalina.startup.VersionLoggerListener.log Server number:         8.0.52.0
06-Jan-2020 17:35:02.014 信息 [main] org.apache.catalina.startup.VersionLoggerListener.log OS Name:               Windows 10
06-Jan-2020 17:35:02.014 信息 [main] org.apache.catalina.startup.VersionLoggerListener.log OS Version:            10.0
06-Jan-2020 17:35:02.014 信息 [main] org.apache.catalina.startup.VersionLoggerListener.log Architecture:          amd64
06-Jan-2020 17:35:02.014 信息 [main] org.apache.catalina.startup.VersionLoggerListener.log Java Home:             C:\Program Files\Java\jdk1.8.0_181\jre
06-Jan-2020 17:35:02.015 信息 [main] org.apache.catalina.startup.VersionLoggerListener.log JVM Version:           1.8.0_181-b13
06-Jan-2020 17:35:02.015 信息 [main] org.apache.catalina.startup.VersionLoggerListener.log JVM Vendor:            Oracle Corporation
06-Jan-2020 17:35:02.015 信息 [main] org.apache.catalina.startup.VersionLoggerListener.log CATALINA_BASE:         F:\solr\tomcatsolr
06-Jan-2020 17:35:02.015 信息 [main] org.apache.catalina.startup.VersionLoggerListener.log CATALINA_HOME:         F:\solr\tomcatsolr
06-Jan-2020 17:35:02.015 信息 [main] org.apache.catalina.startup.VersionLoggerListener.log Command line argument: -Djava.util.logging.config.file=F:\solr\tomcatsolr\conf\logging.properties
06-Jan-2020 17:35:02.016 信息 [main] org.apache.catalina.startup.VersionLoggerListener.log Command line argument: -Djava.util.logging.manager=org.apache.juli.ClassLoaderLogManager
06-Jan-2020 17:35:02.016 信息 [main] org.apache.catalina.startup.VersionLoggerListener.log Command line argument: -Djdk.tls.ephemeralDHKeySize=2048
06-Jan-2020 17:35:02.016 信息 [main] org.apache.catalina.startup.VersionLoggerListener.log Command line argument: -Djava.protocol.handler.pkgs=org.apache.catalina.webresources
06-Jan-2020 17:35:02.016 信息 [main] org.apache.catalina.startup.VersionLoggerListener.log Command line argument: -Dignore.endorsed.dirs=
06-Jan-2020 17:35:02.017 信息 [main] org.apache.catalina.startup.VersionLoggerListener.log Command line argument: -Dcatalina.base=F:\solr\tomcatsolr
06-Jan-2020 17:35:02.017 信息 [main] org.apache.catalina.startup.VersionLoggerListener.log Command line argument: -Dcatalina.home=F:\solr\tomcatsolr
06-Jan-2020 17:35:02.018 信息 [main] org.apache.catalina.startup.VersionLoggerListener.log Command line argument: -Djava.io.tmpdir=F:\solr\tomcatsolr\temp
06-Jan-2020 17:35:02.024 信息 [main] org.apache.catalina.core.AprLifecycleListener.lifecycleEvent The APR based Apache Tomcat Native library which allows optimal performance in production environments was not found on the java.library.path: C:\Program Files\Java\jdk1.8.0_181\bin;C:\WINDOWS\Sun\Java\bin;C:\WINDOWS\system32;C:\WINDOWS;C:\Program Files (x86)\Common Files\Oracle\Java\javapath;C:\WINDOWS\system32;C:\WINDOWS;C:\WINDOWS\System32\Wbem;C:\WINDOWS\System32\WindowsPowerShell\v1.0\;C:\Program Files (x86)\Microsoft SQL Server\110\Tools\Binn\ManagementStudio\;C:\Program Files (x86)\Microsoft SQL Server\110\Tools\Binn\;C:\Program Files\Microsoft SQL Server\110\Tools\Binn\;C:\Program Files (x86)\Microsoft Visual Studio 10.0\Common7\IDE\PrivateAssemblies\;C:\Program Files (x86)\Microsoft SQL Server\110\DTS\Binn\;C:\Program Files\Microsoft SQL Server\110\DTS\Binn\;C:\Program Files\Java\jdk1.8.0_181\bin;C:\Program Files\Java\jdk1.8.0_181\jre\bin;C:\WINDOWS\System32\OpenSSH\;F:\工作安装包\node安装路径\;C:\Users\15718\AppData\Local\Microsoft\WindowsApps;F:\python\PyCharm 193.4932.14\bin;;F:\工作安装包\ssm框架\整合包\mysql\bin;C:\Users\15718\AppData\Roaming\npm;.
06-Jan-2020 17:35:02.256 信息 [main] org.apache.coyote.AbstractProtocol.init Initializing ProtocolHandler ["http-nio-8081"]
06-Jan-2020 17:35:02.805 信息 [main] org.apache.tomcat.util.net.NioSelectorPool.getSharedSelector Using a shared selector for servlet write/read
06-Jan-2020 17:35:02.809 信息 [main] org.apache.coyote.AbstractProtocol.init Initializing ProtocolHandler ["ajp-nio-9009"]
06-Jan-2020 17:35:02.815 信息 [main] org.apache.tomcat.util.net.NioSelectorPool.getSharedSelector Using a shared selector for servlet write/read
06-Jan-2020 17:35:02.816 信息 [main] org.apache.catalina.startup.Catalina.load Initialization processed in 1407 ms
06-Jan-2020 17:35:02.856 信息 [main] org.apache.catalina.core.StandardService.startInternal Starting service Catalina
06-Jan-2020 17:35:02.856 信息 [main] org.apache.catalina.core.StandardEngine.startInternal Starting Servlet Engine: Apache Tomcat/8.0.52
06-Jan-2020 17:35:02.869 信息 [localhost-startStop-1] org.apache.catalina.startup.HostConfig.deployDirectory Deploying web application directory F:\solr\tomcatsolr\webapps\docs
06-Jan-2020 17:35:03.353 信息 [localhost-startStop-1] org.apache.catalina.startup.HostConfig.deployDirectory Deployment of web application directory F:\solr\tomcatsolr\webapps\docs has finished in 483 ms
06-Jan-2020 17:35:03.353 信息 [localhost-startStop-1] org.apache.catalina.startup.HostConfig.deployDirectory Deploying web application directory F:\solr\tomcatsolr\webapps\examples
06-Jan-2020 17:35:03.972 信息 [localhost-startStop-1] org.apache.catalina.startup.HostConfig.deployDirectory Deployment of web application directory F:\solr\tomcatsolr\webapps\examples has finished in 619 ms
06-Jan-2020 17:35:03.973 信息 [localhost-startStop-1] org.apache.catalina.startup.HostConfig.deployDirectory Deploying web application directory F:\solr\tomcatsolr\webapps\host-manager
06-Jan-2020 17:35:04.015 信息 [localhost-startStop-1] org.apache.catalina.startup.HostConfig.deployDirectory Deployment of web application directory F:\solr\tomcatsolr\webapps\host-manager has finished in 42 ms
06-Jan-2020 17:35:04.016 信息 [localhost-startStop-1] org.apache.catalina.startup.HostConfig.deployDirectory Deploying web application directory F:\solr\tomcatsolr\webapps\manager
06-Jan-2020 17:35:04.070 信息 [localhost-startStop-1] org.apache.catalina.startup.HostConfig.deployDirectory Deployment of web application directory F:\solr\tomcatsolr\webapps\manager has finished in 54 ms
06-Jan-2020 17:35:04.070 信息 [localhost-startStop-1] org.apache.catalina.startup.HostConfig.deployDirectory Deploying web application directory F:\solr\tomcatsolr\webapps\ROOT
06-Jan-2020 17:35:04.102 信息 [localhost-startStop-1] org.apache.catalina.startup.HostConfig.deployDirectory Deployment of web application directory F:\solr\tomcatsolr\webapps\ROOT has finished in 32 ms
06-Jan-2020 17:35:04.102 信息 [localhost-startStop-1] org.apache.catalina.startup.HostConfig.deployDirectory Deploying web application directory F:\solr\tomcatsolr\webapps\solr
06-Jan-2020 17:35:08.427 信息 [localhost-startStop-1] org.apache.jasper.servlet.TldScanner.scanJars At least one JAR was scanned for TLDs yet contained no TLDs. Enable debug logging for this logger for a complete list of JARs that were scanned but no TLDs were found in them. Skipping unneeded JARs during scanning can improve startup time and JSP compilation time.
06-Jan-2020 17:35:13.242 信息 [localhost-startStop-1] org.apache.catalina.startup.HostConfig.deployDirectory Deployment of web application directory F:\solr\tomcatsolr\webapps\solr has finished in 9,140 ms
06-Jan-2020 17:35:13.247 信息 [main] org.apache.coyote.AbstractProtocol.start Starting ProtocolHandler ["http-nio-8081"]
06-Jan-2020 17:35:13.261 信息 [main] org.apache.coyote.AbstractProtocol.start Starting ProtocolHandler ["ajp-nio-9009"]
06-Jan-2020 17:35:13.265 信息 [main] org.apache.catalina.startup.Catalina.start Server startup in 10448 ms
06-Jan-2020 17:52:12.646 信息 [main] org.apache.catalina.startup.VersionLoggerListener.log Server version:        Apache Tomcat/8.0.52
06-Jan-2020 17:52:12.651 信息 [main] org.apache.catalina.startup.VersionLoggerListener.log Server built:          Apr 28 2018 16:24:29 UTC
06-Jan-2020 17:52:12.651 信息 [main] org.apache.catalina.startup.VersionLoggerListener.log Server number:         8.0.52.0
06-Jan-2020 17:52:12.651 信息 [main] org.apache.catalina.startup.VersionLoggerListener.log OS Name:               Windows 10
06-Jan-2020 17:52:12.651 信息 [main] org.apache.catalina.startup.VersionLoggerListener.log OS Version:            10.0
06-Jan-2020 17:52:12.652 信息 [main] org.apache.catalina.startup.VersionLoggerListener.log Architecture:          amd64
06-Jan-2020 17:52:12.652 信息 [main] org.apache.catalina.startup.VersionLoggerListener.log Java Home:             C:\Program Files\Java\jdk1.8.0_181\jre
06-Jan-2020 17:52:12.652 信息 [main] org.apache.catalina.startup.VersionLoggerListener.log JVM Version:           1.8.0_181-b13
06-Jan-2020 17:52:12.652 信息 [main] org.apache.catalina.startup.VersionLoggerListener.log JVM Vendor:            Oracle Corporation
06-Jan-2020 17:52:12.652 信息 [main] org.apache.catalina.startup.VersionLoggerListener.log CATALINA_BASE:         F:\solr\tomcatsolr
06-Jan-2020 17:52:12.652 信息 [main] org.apache.catalina.startup.VersionLoggerListener.log CATALINA_HOME:         F:\solr\tomcatsolr
06-Jan-2020 17:52:12.653 信息 [main] org.apache.catalina.startup.VersionLoggerListener.log Command line argument: -Djava.util.logging.config.file=F:\solr\tomcatsolr\conf\logging.properties
06-Jan-2020 17:52:12.653 信息 [main] org.apache.catalina.startup.VersionLoggerListener.log Command line argument: -Djava.util.logging.manager=org.apache.juli.ClassLoaderLogManager
06-Jan-2020 17:52:12.653 信息 [main] org.apache.catalina.startup.VersionLoggerListener.log Command line argument: -Djdk.tls.ephemeralDHKeySize=2048
06-Jan-2020 17:52:12.653 信息 [main] org.apache.catalina.startup.VersionLoggerListener.log Command line argument: -Djava.protocol.handler.pkgs=org.apache.catalina.webresources
06-Jan-2020 17:52:12.654 信息 [main] org.apache.catalina.startup.VersionLoggerListener.log Command line argument: -Dignore.endorsed.dirs=
06-Jan-2020 17:52:12.654 信息 [main] org.apache.catalina.startup.VersionLoggerListener.log Command line argument: -Dcatalina.base=F:\solr\tomcatsolr
06-Jan-2020 17:52:12.655 信息 [main] org.apache.catalina.startup.VersionLoggerListener.log Command line argument: -Dcatalina.home=F:\solr\tomcatsolr
06-Jan-2020 17:52:12.655 信息 [main] org.apache.catalina.startup.VersionLoggerListener.log Command line argument: -Djava.io.tmpdir=F:\solr\tomcatsolr\temp
06-Jan-2020 17:52:12.663 信息 [main] org.apache.catalina.core.AprLifecycleListener.lifecycleEvent The APR based Apache Tomcat Native library which allows optimal performance in production environments was not found on the java.library.path: C:\Program Files\Java\jdk1.8.0_181\bin;C:\WINDOWS\Sun\Java\bin;C:\WINDOWS\system32;C:\WINDOWS;C:\Program Files (x86)\Common Files\Oracle\Java\javapath;C:\WINDOWS\system32;C:\WINDOWS;C:\WINDOWS\System32\Wbem;C:\WINDOWS\System32\WindowsPowerShell\v1.0\;C:\Program Files (x86)\Microsoft SQL Server\110\Tools\Binn\ManagementStudio\;C:\Program Files (x86)\Microsoft SQL Server\110\Tools\Binn\;C:\Program Files\Microsoft SQL Server\110\Tools\Binn\;C:\Program Files (x86)\Microsoft Visual Studio 10.0\Common7\IDE\PrivateAssemblies\;C:\Program Files (x86)\Microsoft SQL Server\110\DTS\Binn\;C:\Program Files\Microsoft SQL Server\110\DTS\Binn\;C:\Program Files\Java\jdk1.8.0_181\bin;C:\Program Files\Java\jdk1.8.0_181\jre\bin;C:\WINDOWS\System32\OpenSSH\;F:\工作安装包\node安装路径\;C:\Users\15718\AppData\Local\Microsoft\WindowsApps;F:\python\PyCharm 193.4932.14\bin;;F:\工作安装包\ssm框架\整合包\mysql\bin;C:\Users\15718\AppData\Roaming\npm;.
06-Jan-2020 17:52:12.869 信息 [main] org.apache.coyote.AbstractProtocol.init Initializing ProtocolHandler ["http-nio-8081"]
06-Jan-2020 17:52:13.388 信息 [main] org.apache.tomcat.util.net.NioSelectorPool.getSharedSelector Using a shared selector for servlet write/read
06-Jan-2020 17:52:13.391 信息 [main] org.apache.coyote.AbstractProtocol.init Initializing ProtocolHandler ["ajp-nio-9009"]
06-Jan-2020 17:52:13.396 信息 [main] org.apache.tomcat.util.net.NioSelectorPool.getSharedSelector Using a shared selector for servlet write/read
06-Jan-2020 17:52:13.396 信息 [main] org.apache.catalina.startup.Catalina.load Initialization processed in 1293 ms
06-Jan-2020 17:52:13.432 信息 [main] org.apache.catalina.core.StandardService.startInternal Starting service Catalina
06-Jan-2020 17:52:13.432 信息 [main] org.apache.catalina.core.StandardEngine.startInternal Starting Servlet Engine: Apache Tomcat/8.0.52
06-Jan-2020 17:52:13.446 信息 [localhost-startStop-1] org.apache.catalina.startup.HostConfig.deployDirectory Deploying web application directory F:\solr\tomcatsolr\webapps\docs
06-Jan-2020 17:52:13.867 信息 [localhost-startStop-1] org.apache.catalina.startup.HostConfig.deployDirectory Deployment of web application directory F:\solr\tomcatsolr\webapps\docs has finished in 421 ms
06-Jan-2020 17:52:13.869 信息 [localhost-startStop-1] org.apache.catalina.startup.HostConfig.deployDirectory Deploying web application directory F:\solr\tomcatsolr\webapps\examples
06-Jan-2020 17:52:14.466 信息 [localhost-startStop-1] org.apache.catalina.startup.HostConfig.deployDirectory Deployment of web application directory F:\solr\tomcatsolr\webapps\examples has finished in 597 ms
06-Jan-2020 17:52:14.467 信息 [localhost-startStop-1] org.apache.catalina.startup.HostConfig.deployDirectory Deploying web application directory F:\solr\tomcatsolr\webapps\host-manager
06-Jan-2020 17:52:14.507 信息 [localhost-startStop-1] org.apache.catalina.startup.HostConfig.deployDirectory Deployment of web application directory F:\solr\tomcatsolr\webapps\host-manager has finished in 40 ms
06-Jan-2020 17:52:14.507 信息 [localhost-startStop-1] org.apache.catalina.startup.HostConfig.deployDirectory Deploying web application directory F:\solr\tomcatsolr\webapps\manager
06-Jan-2020 17:52:14.551 信息 [localhost-startStop-1] org.apache.catalina.startup.HostConfig.deployDirectory Deployment of web application directory F:\solr\tomcatsolr\webapps\manager has finished in 43 ms
06-Jan-2020 17:52:14.551 信息 [localhost-startStop-1] org.apache.catalina.startup.HostConfig.deployDirectory Deploying web application directory F:\solr\tomcatsolr\webapps\ROOT
06-Jan-2020 17:52:14.582 信息 [localhost-startStop-1] org.apache.catalina.startup.HostConfig.deployDirectory Deployment of web application directory F:\solr\tomcatsolr\webapps\ROOT has finished in 31 ms
06-Jan-2020 17:52:14.582 信息 [localhost-startStop-1] org.apache.catalina.startup.HostConfig.deployDirectory Deploying web application directory F:\solr\tomcatsolr\webapps\solr
06-Jan-2020 17:52:18.515 信息 [localhost-startStop-1] org.apache.jasper.servlet.TldScanner.scanJars At least one JAR was scanned for TLDs yet contained no TLDs. Enable debug logging for this logger for a complete list of JARs that were scanned but no TLDs were found in them. Skipping unneeded JARs during scanning can improve startup time and JSP compilation time.
06-Jan-2020 17:52:23.771 信息 [localhost-startStop-1] org.apache.catalina.startup.HostConfig.deployDirectory Deployment of web application directory F:\solr\tomcatsolr\webapps\solr has finished in 9,189 ms
06-Jan-2020 17:52:23.775 信息 [main] org.apache.coyote.AbstractProtocol.start Starting ProtocolHandler ["http-nio-8081"]
06-Jan-2020 17:52:23.788 信息 [main] org.apache.coyote.AbstractProtocol.start Starting ProtocolHandler ["ajp-nio-9009"]
06-Jan-2020 17:52:23.792 信息 [main] org.apache.catalina.startup.Catalina.start Server startup in 10395 ms
06-Jan-2020 18:56:18.398 信息 [main] org.apache.catalina.startup.VersionLoggerListener.log Server version:        Apache Tomcat/8.0.52
06-Jan-2020 18:56:18.403 信息 [main] org.apache.catalina.startup.VersionLoggerListener.log Server built:          Apr 28 2018 16:24:29 UTC
06-Jan-2020 18:56:18.404 信息 [main] org.apache.catalina.startup.VersionLoggerListener.log Server number:         8.0.52.0
06-Jan-2020 18:56:18.404 信息 [main] org.apache.catalina.startup.VersionLoggerListener.log OS Name:               Windows 10
06-Jan-2020 18:56:18.404 信息 [main] org.apache.catalina.startup.VersionLoggerListener.log OS Version:            10.0
06-Jan-2020 18:56:18.404 信息 [main] org.apache.catalina.startup.VersionLoggerListener.log Architecture:          amd64
06-Jan-2020 18:56:18.404 信息 [main] org.apache.catalina.startup.VersionLoggerListener.log Java Home:             C:\Program Files\Java\jdk1.8.0_181\jre
06-Jan-2020 18:56:18.404 信息 [main] org.apache.catalina.startup.VersionLoggerListener.log JVM Version:           1.8.0_181-b13
06-Jan-2020 18:56:18.405 信息 [main] org.apache.catalina.startup.VersionLoggerListener.log JVM Vendor:            Oracle Corporation
06-Jan-2020 18:56:18.405 信息 [main] org.apache.catalina.startup.VersionLoggerListener.log CATALINA_BASE:         E:\solr\tomcatsolr
06-Jan-2020 18:56:18.405 信息 [main] org.apache.catalina.startup.VersionLoggerListener.log CATALINA_HOME:         E:\solr\tomcatsolr
06-Jan-2020 18:56:18.405 信息 [main] org.apache.catalina.startup.VersionLoggerListener.log Command line argument: -Djava.util.logging.config.file=E:\solr\tomcatsolr\conf\logging.properties
06-Jan-2020 18:56:18.406 信息 [main] org.apache.catalina.startup.VersionLoggerListener.log Command line argument: -Djava.util.logging.manager=org.apache.juli.ClassLoaderLogManager
06-Jan-2020 18:56:18.406 信息 [main] org.apache.catalina.startup.VersionLoggerListener.log Command line argument: -Djdk.tls.ephemeralDHKeySize=2048
06-Jan-2020 18:56:18.406 信息 [main] org.apache.catalina.startup.VersionLoggerListener.log Command line argument: -Djava.protocol.handler.pkgs=org.apache.catalina.webresources
06-Jan-2020 18:56:18.406 信息 [main] org.apache.catalina.startup.VersionLoggerListener.log Command line argument: -Dignore.endorsed.dirs=
06-Jan-2020 18:56:18.406 信息 [main] org.apache.catalina.startup.VersionLoggerListener.log Command line argument: -Dcatalina.base=E:\solr\tomcatsolr
06-Jan-2020 18:56:18.407 信息 [main] org.apache.catalina.startup.VersionLoggerListener.log Command line argument: -Dcatalina.home=E:\solr\tomcatsolr
06-Jan-2020 18:56:18.407 信息 [main] org.apache.catalina.startup.VersionLoggerListener.log Command line argument: -Djava.io.tmpdir=E:\solr\tomcatsolr\temp
06-Jan-2020 18:56:18.413 信息 [main] org.apache.catalina.core.AprLifecycleListener.lifecycleEvent The APR based Apache Tomcat Native library which allows optimal performance in production environments was not found on the java.library.path: C:\Program Files\Java\jdk1.8.0_181\bin;C:\WINDOWS\Sun\Java\bin;C:\WINDOWS\system32;C:\WINDOWS;C:\Program Files (x86)\Common Files\Oracle\Java\javapath;C:\WINDOWS\system32;C:\WINDOWS;C:\WINDOWS\System32\Wbem;C:\WINDOWS\System32\WindowsPowerShell\v1.0\;C:\Program Files (x86)\Microsoft SQL Server\110\Tools\Binn\ManagementStudio\;C:\Program Files (x86)\Microsoft SQL Server\110\Tools\Binn\;C:\Program Files\Microsoft SQL Server\110\Tools\Binn\;C:\Program Files (x86)\Microsoft Visual Studio 10.0\Common7\IDE\PrivateAssemblies\;C:\Program Files (x86)\Microsoft SQL Server\110\DTS\Binn\;C:\Program Files\Microsoft SQL Server\110\DTS\Binn\;C:\Program Files\Java\jdk1.8.0_181\bin;C:\Program Files\Java\jdk1.8.0_181\jre\bin;C:\WINDOWS\System32\OpenSSH\;F:\工作安装包\node安装路径\;C:\Users\15718\AppData\Local\Microsoft\WindowsApps;F:\python\PyCharm 193.4932.14\bin;;F:\工作安装包\ssm框架\整合包\mysql\bin;C:\Users\15718\AppData\Roaming\npm;.
06-Jan-2020 18:56:18.614 信息 [main] org.apache.coyote.AbstractProtocol.init Initializing ProtocolHandler ["http-nio-8081"]
06-Jan-2020 18:56:19.110 信息 [main] org.apache.tomcat.util.net.NioSelectorPool.getSharedSelector Using a shared selector for servlet write/read
06-Jan-2020 18:56:19.114 信息 [main] org.apache.coyote.AbstractProtocol.init Initializing ProtocolHandler ["ajp-nio-9009"]
06-Jan-2020 18:56:19.119 信息 [main] org.apache.tomcat.util.net.NioSelectorPool.getSharedSelector Using a shared selector for servlet write/read
06-Jan-2020 18:56:19.121 信息 [main] org.apache.catalina.startup.Catalina.load Initialization processed in 1313 ms
06-Jan-2020 18:56:19.155 信息 [main] org.apache.catalina.core.StandardService.startInternal Starting service Catalina
06-Jan-2020 18:56:19.156 信息 [main] org.apache.catalina.core.StandardEngine.startInternal Starting Servlet Engine: Apache Tomcat/8.0.52
06-Jan-2020 18:56:19.167 信息 [localhost-startStop-1] org.apache.catalina.startup.HostConfig.deployDirectory Deploying web application directory E:\solr\tomcatsolr\webapps\docs
06-Jan-2020 18:56:19.616 信息 [localhost-startStop-1] org.apache.catalina.startup.HostConfig.deployDirectory Deployment of web application directory E:\solr\tomcatsolr\webapps\docs has finished in 448 ms
06-Jan-2020 18:56:19.617 信息 [localhost-startStop-1] org.apache.catalina.startup.HostConfig.deployDirectory Deploying web application directory E:\solr\tomcatsolr\webapps\examples
06-Jan-2020 18:56:20.204 信息 [localhost-startStop-1] org.apache.catalina.startup.HostConfig.deployDirectory Deployment of web application directory E:\solr\tomcatsolr\webapps\examples has finished in 587 ms
06-Jan-2020 18:56:20.205 信息 [localhost-startStop-1] org.apache.catalina.startup.HostConfig.deployDirectory Deploying web application directory E:\solr\tomcatsolr\webapps\host-manager
06-Jan-2020 18:56:20.245 信息 [localhost-startStop-1] org.apache.catalina.startup.HostConfig.deployDirectory Deployment of web application directory E:\solr\tomcatsolr\webapps\host-manager has finished in 39 ms
06-Jan-2020 18:56:20.245 信息 [localhost-startStop-1] org.apache.catalina.startup.HostConfig.deployDirectory Deploying web application directory E:\solr\tomcatsolr\webapps\manager
06-Jan-2020 18:56:20.289 信息 [localhost-startStop-1] org.apache.catalina.startup.HostConfig.deployDirectory Deployment of web application directory E:\solr\tomcatsolr\webapps\manager has finished in 44 ms
06-Jan-2020 18:56:20.290 信息 [localhost-startStop-1] org.apache.catalina.startup.HostConfig.deployDirectory Deploying web application directory E:\solr\tomcatsolr\webapps\ROOT
06-Jan-2020 18:56:20.320 信息 [localhost-startStop-1] org.apache.catalina.startup.HostConfig.deployDirectory Deployment of web application directory E:\solr\tomcatsolr\webapps\ROOT has finished in 30 ms
06-Jan-2020 18:56:20.320 信息 [localhost-startStop-1] org.apache.catalina.startup.HostConfig.deployDirectory Deploying web application directory E:\solr\tomcatsolr\webapps\solr
06-Jan-2020 18:56:24.744 信息 [localhost-startStop-1] org.apache.jasper.servlet.TldScanner.scanJars At least one JAR was scanned for TLDs yet contained no TLDs. Enable debug logging for this logger for a complete list of JARs that were scanned but no TLDs were found in them. Skipping unneeded JARs during scanning can improve startup time and JSP compilation time.
06-Jan-2020 18:56:26.478 信息 [localhost-startStop-1] org.apache.catalina.startup.HostConfig.deployDirectory Deployment of web application directory E:\solr\tomcatsolr\webapps\solr has finished in 6,158 ms
06-Jan-2020 18:56:26.482 信息 [main] org.apache.coyote.AbstractProtocol.start Starting ProtocolHandler ["http-nio-8081"]
06-Jan-2020 18:56:26.493 信息 [main] org.apache.coyote.AbstractProtocol.start Starting ProtocolHandler ["ajp-nio-9009"]
06-Jan-2020 18:56:26.497 信息 [main] org.apache.catalina.startup.Catalina.start Server startup in 7375 ms
