20-Dec-2019 09:34:24.710 信息 [main] org.apache.catalina.startup.VersionLoggerListener.log Server version:        Apache Tomcat/8.0.52
20-Dec-2019 09:34:24.714 信息 [main] org.apache.catalina.startup.VersionLoggerListener.log Server built:          Apr 28 2018 16:24:29 UTC
20-Dec-2019 09:34:24.715 信息 [main] org.apache.catalina.startup.VersionLoggerListener.log Server number:         8.0.52.0
20-Dec-2019 09:34:24.715 信息 [main] org.apache.catalina.startup.VersionLoggerListener.log OS Name:               Windows 10
20-Dec-2019 09:34:24.716 信息 [main] org.apache.catalina.startup.VersionLoggerListener.log OS Version:            10.0
20-Dec-2019 09:34:24.716 信息 [main] org.apache.catalina.startup.VersionLoggerListener.log Architecture:          amd64
20-Dec-2019 09:34:24.716 信息 [main] org.apache.catalina.startup.VersionLoggerListener.log Java Home:             C:\Program Files\Java\jdk1.8.0_181\jre
20-Dec-2019 09:34:24.716 信息 [main] org.apache.catalina.startup.VersionLoggerListener.log JVM Version:           1.8.0_181-b13
20-Dec-2019 09:34:24.716 信息 [main] org.apache.catalina.startup.VersionLoggerListener.log JVM Vendor:            Oracle Corporation
20-Dec-2019 09:34:24.716 信息 [main] org.apache.catalina.startup.VersionLoggerListener.log CATALINA_BASE:         F:\apache-tomcat-8.0.52
20-Dec-2019 09:34:24.716 信息 [main] org.apache.catalina.startup.VersionLoggerListener.log CATALINA_HOME:         F:\apache-tomcat-8.0.52
20-Dec-2019 09:34:24.717 信息 [main] org.apache.catalina.startup.VersionLoggerListener.log Command line argument: -Djava.util.logging.config.file=F:\apache-tomcat-8.0.52\conf\logging.properties
20-Dec-2019 09:34:24.717 信息 [main] org.apache.catalina.startup.VersionLoggerListener.log Command line argument: -Djava.util.logging.manager=org.apache.juli.ClassLoaderLogManager
20-Dec-2019 09:34:24.717 信息 [main] org.apache.catalina.startup.VersionLoggerListener.log Command line argument: -Djdk.tls.ephemeralDHKeySize=2048
20-Dec-2019 09:34:24.717 信息 [main] org.apache.catalina.startup.VersionLoggerListener.log Command line argument: -Djava.protocol.handler.pkgs=org.apache.catalina.webresources
20-Dec-2019 09:34:24.717 信息 [main] org.apache.catalina.startup.VersionLoggerListener.log Command line argument: -Dignore.endorsed.dirs=
20-Dec-2019 09:34:24.717 信息 [main] org.apache.catalina.startup.VersionLoggerListener.log Command line argument: -Dcatalina.base=F:\apache-tomcat-8.0.52
20-Dec-2019 09:34:24.719 信息 [main] org.apache.catalina.startup.VersionLoggerListener.log Command line argument: -Dcatalina.home=F:\apache-tomcat-8.0.52
20-Dec-2019 09:34:24.719 信息 [main] org.apache.catalina.startup.VersionLoggerListener.log Command line argument: -Djava.io.tmpdir=F:\apache-tomcat-8.0.52\temp
20-Dec-2019 09:34:24.725 信息 [main] org.apache.catalina.core.AprLifecycleListener.lifecycleEvent The APR based Apache Tomcat Native library which allows optimal performance in production environments was not found on the java.library.path: C:\Program Files\Java\jdk1.8.0_181\bin;C:\WINDOWS\Sun\Java\bin;C:\WINDOWS\system32;C:\WINDOWS;C:\Program Files (x86)\Common Files\Oracle\Java\javapath;C:\WINDOWS\system32;C:\WINDOWS;C:\WINDOWS\System32\Wbem;C:\WINDOWS\System32\WindowsPowerShell\v1.0\;C:\Program Files (x86)\Microsoft SQL Server\110\Tools\Binn\ManagementStudio\;C:\Program Files (x86)\Microsoft SQL Server\110\Tools\Binn\;C:\Program Files\Microsoft SQL Server\110\Tools\Binn\;C:\Program Files (x86)\Microsoft Visual Studio 10.0\Common7\IDE\PrivateAssemblies\;C:\Program Files (x86)\Microsoft SQL Server\110\DTS\Binn\;C:\Program Files\Microsoft SQL Server\110\DTS\Binn\;C:\Program Files\Java\jdk1.8.0_181\bin;C:\Program Files\Java\jdk1.8.0_181\jre\bin;C:\WINDOWS\System32\OpenSSH\;C:\Users\15718\AppData\Local\Microsoft\WindowsApps;F:\python\PyCharm 193.4932.14\bin;;F:\工作安装包\ssm框架\整合包\mysql\bin;;.
20-Dec-2019 09:34:24.914 信息 [main] org.apache.coyote.AbstractProtocol.init Initializing ProtocolHandler ["http-nio-8080"]
20-Dec-2019 09:34:25.401 信息 [main] org.apache.tomcat.util.net.NioSelectorPool.getSharedSelector Using a shared selector for servlet write/read
20-Dec-2019 09:34:25.405 信息 [main] org.apache.coyote.AbstractProtocol.init Initializing ProtocolHandler ["ajp-nio-8009"]
20-Dec-2019 09:34:25.408 信息 [main] org.apache.tomcat.util.net.NioSelectorPool.getSharedSelector Using a shared selector for servlet write/read
20-Dec-2019 09:34:25.410 信息 [main] org.apache.catalina.startup.Catalina.load Initialization processed in 1234 ms
20-Dec-2019 09:34:25.444 信息 [main] org.apache.catalina.core.StandardService.startInternal Starting service Catalina
20-Dec-2019 09:34:25.444 信息 [main] org.apache.catalina.core.StandardEngine.startInternal Starting Servlet Engine: Apache Tomcat/8.0.52
20-Dec-2019 09:34:25.456 信息 [localhost-startStop-1] org.apache.catalina.startup.HostConfig.deployDirectory Deploying web application directory F:\apache-tomcat-8.0.52\webapps\docs
20-Dec-2019 09:34:25.832 信息 [localhost-startStop-1] org.apache.catalina.startup.HostConfig.deployDirectory Deployment of web application directory F:\apache-tomcat-8.0.52\webapps\docs has finished in 376 ms
20-Dec-2019 09:34:25.833 信息 [localhost-startStop-1] org.apache.catalina.startup.HostConfig.deployDirectory Deploying web application directory F:\apache-tomcat-8.0.52\webapps\examples
20-Dec-2019 09:34:26.344 信息 [localhost-startStop-1] org.apache.catalina.startup.HostConfig.deployDirectory Deployment of web application directory F:\apache-tomcat-8.0.52\webapps\examples has finished in 511 ms
20-Dec-2019 09:34:26.345 信息 [localhost-startStop-1] org.apache.catalina.startup.HostConfig.deployDirectory Deploying web application directory F:\apache-tomcat-8.0.52\webapps\host-manager
20-Dec-2019 09:34:26.381 信息 [localhost-startStop-1] org.apache.catalina.startup.HostConfig.deployDirectory Deployment of web application directory F:\apache-tomcat-8.0.52\webapps\host-manager has finished in 36 ms
20-Dec-2019 09:34:26.382 信息 [localhost-startStop-1] org.apache.catalina.startup.HostConfig.deployDirectory Deploying web application directory F:\apache-tomcat-8.0.52\webapps\manager
20-Dec-2019 09:34:26.424 信息 [localhost-startStop-1] org.apache.catalina.startup.HostConfig.deployDirectory Deployment of web application directory F:\apache-tomcat-8.0.52\webapps\manager has finished in 42 ms
20-Dec-2019 09:34:26.425 信息 [localhost-startStop-1] org.apache.catalina.startup.HostConfig.deployDirectory Deploying web application directory F:\apache-tomcat-8.0.52\webapps\ROOT
20-Dec-2019 09:34:26.457 信息 [localhost-startStop-1] org.apache.catalina.startup.HostConfig.deployDirectory Deployment of web application directory F:\apache-tomcat-8.0.52\webapps\ROOT has finished in 32 ms
20-Dec-2019 09:34:26.458 信息 [localhost-startStop-1] org.apache.catalina.startup.HostConfig.deployDirectory Deploying web application directory F:\apache-tomcat-8.0.52\webapps\solr
20-Dec-2019 09:34:30.023 信息 [localhost-startStop-1] org.apache.jasper.servlet.TldScanner.scanJars At least one JAR was scanned for TLDs yet contained no TLDs. Enable debug logging for this logger for a complete list of JARs that were scanned but no TLDs were found in them. Skipping unneeded JARs during scanning can improve startup time and JSP compilation time.
20-Dec-2019 09:34:35.324 信息 [localhost-startStop-1] org.apache.catalina.startup.HostConfig.deployDirectory Deployment of web application directory F:\apache-tomcat-8.0.52\webapps\solr has finished in 8,866 ms
20-Dec-2019 09:34:35.333 信息 [main] org.apache.coyote.AbstractProtocol.start Starting ProtocolHandler ["http-nio-8080"]
20-Dec-2019 09:34:35.346 信息 [main] org.apache.coyote.AbstractProtocol.start Starting ProtocolHandler ["ajp-nio-8009"]
20-Dec-2019 09:34:35.351 信息 [main] org.apache.catalina.startup.Catalina.start Server startup in 9939 ms
20-Dec-2019 09:47:48.813 信息 [main] org.apache.catalina.startup.VersionLoggerListener.log Server version:        Apache Tomcat/8.0.52
20-Dec-2019 09:47:48.818 信息 [main] org.apache.catalina.startup.VersionLoggerListener.log Server built:          Apr 28 2018 16:24:29 UTC
20-Dec-2019 09:47:48.818 信息 [main] org.apache.catalina.startup.VersionLoggerListener.log Server number:         8.0.52.0
20-Dec-2019 09:47:48.818 信息 [main] org.apache.catalina.startup.VersionLoggerListener.log OS Name:               Windows 10
20-Dec-2019 09:47:48.818 信息 [main] org.apache.catalina.startup.VersionLoggerListener.log OS Version:            10.0
20-Dec-2019 09:47:48.819 信息 [main] org.apache.catalina.startup.VersionLoggerListener.log Architecture:          amd64
20-Dec-2019 09:47:48.819 信息 [main] org.apache.catalina.startup.VersionLoggerListener.log Java Home:             C:\Program Files\Java\jdk1.8.0_181\jre
20-Dec-2019 09:47:48.819 信息 [main] org.apache.catalina.startup.VersionLoggerListener.log JVM Version:           1.8.0_181-b13
20-Dec-2019 09:47:48.819 信息 [main] org.apache.catalina.startup.VersionLoggerListener.log JVM Vendor:            Oracle Corporation
20-Dec-2019 09:47:48.819 信息 [main] org.apache.catalina.startup.VersionLoggerListener.log CATALINA_BASE:         F:\apache-tomcat-8.0.52
20-Dec-2019 09:47:48.819 信息 [main] org.apache.catalina.startup.VersionLoggerListener.log CATALINA_HOME:         F:\apache-tomcat-8.0.52
20-Dec-2019 09:47:48.820 信息 [main] org.apache.catalina.startup.VersionLoggerListener.log Command line argument: -Djava.util.logging.config.file=F:\apache-tomcat-8.0.52\conf\logging.properties
20-Dec-2019 09:47:48.820 信息 [main] org.apache.catalina.startup.VersionLoggerListener.log Command line argument: -Djava.util.logging.manager=org.apache.juli.ClassLoaderLogManager
20-Dec-2019 09:47:48.820 信息 [main] org.apache.catalina.startup.VersionLoggerListener.log Command line argument: -Djdk.tls.ephemeralDHKeySize=2048
20-Dec-2019 09:47:48.820 信息 [main] org.apache.catalina.startup.VersionLoggerListener.log Command line argument: -Djava.protocol.handler.pkgs=org.apache.catalina.webresources
20-Dec-2019 09:47:48.820 信息 [main] org.apache.catalina.startup.VersionLoggerListener.log Command line argument: -Dignore.endorsed.dirs=
20-Dec-2019 09:47:48.821 信息 [main] org.apache.catalina.startup.VersionLoggerListener.log Command line argument: -Dcatalina.base=F:\apache-tomcat-8.0.52
20-Dec-2019 09:47:48.821 信息 [main] org.apache.catalina.startup.VersionLoggerListener.log Command line argument: -Dcatalina.home=F:\apache-tomcat-8.0.52
20-Dec-2019 09:47:48.822 信息 [main] org.apache.catalina.startup.VersionLoggerListener.log Command line argument: -Djava.io.tmpdir=F:\apache-tomcat-8.0.52\temp
20-Dec-2019 09:47:48.829 信息 [main] org.apache.catalina.core.AprLifecycleListener.lifecycleEvent The APR based Apache Tomcat Native library which allows optimal performance in production environments was not found on the java.library.path: C:\Program Files\Java\jdk1.8.0_181\bin;C:\WINDOWS\Sun\Java\bin;C:\WINDOWS\system32;C:\WINDOWS;C:\Program Files (x86)\Common Files\Oracle\Java\javapath;C:\WINDOWS\system32;C:\WINDOWS;C:\WINDOWS\System32\Wbem;C:\WINDOWS\System32\WindowsPowerShell\v1.0\;C:\Program Files (x86)\Microsoft SQL Server\110\Tools\Binn\ManagementStudio\;C:\Program Files (x86)\Microsoft SQL Server\110\Tools\Binn\;C:\Program Files\Microsoft SQL Server\110\Tools\Binn\;C:\Program Files (x86)\Microsoft Visual Studio 10.0\Common7\IDE\PrivateAssemblies\;C:\Program Files (x86)\Microsoft SQL Server\110\DTS\Binn\;C:\Program Files\Microsoft SQL Server\110\DTS\Binn\;C:\Program Files\Java\jdk1.8.0_181\bin;C:\Program Files\Java\jdk1.8.0_181\jre\bin;C:\WINDOWS\System32\OpenSSH\;C:\Users\15718\AppData\Local\Microsoft\WindowsApps;F:\python\PyCharm 193.4932.14\bin;;F:\工作安装包\ssm框架\整合包\mysql\bin;;.
20-Dec-2019 09:47:49.016 信息 [main] org.apache.coyote.AbstractProtocol.init Initializing ProtocolHandler ["http-nio-8080"]
20-Dec-2019 09:47:49.496 信息 [main] org.apache.tomcat.util.net.NioSelectorPool.getSharedSelector Using a shared selector for servlet write/read
20-Dec-2019 09:47:49.500 信息 [main] org.apache.coyote.AbstractProtocol.init Initializing ProtocolHandler ["ajp-nio-8009"]
20-Dec-2019 09:47:49.504 信息 [main] org.apache.tomcat.util.net.NioSelectorPool.getSharedSelector Using a shared selector for servlet write/read
20-Dec-2019 09:47:49.504 信息 [main] org.apache.catalina.startup.Catalina.load Initialization processed in 1352 ms
20-Dec-2019 09:47:49.537 信息 [main] org.apache.catalina.core.StandardService.startInternal Starting service Catalina
20-Dec-2019 09:47:49.538 信息 [main] org.apache.catalina.core.StandardEngine.startInternal Starting Servlet Engine: Apache Tomcat/8.0.52
20-Dec-2019 09:47:49.551 信息 [localhost-startStop-1] org.apache.catalina.startup.HostConfig.deployDirectory Deploying web application directory F:\apache-tomcat-8.0.52\webapps\docs
20-Dec-2019 09:47:49.956 信息 [localhost-startStop-1] org.apache.catalina.startup.HostConfig.deployDirectory Deployment of web application directory F:\apache-tomcat-8.0.52\webapps\docs has finished in 404 ms
20-Dec-2019 09:47:49.957 信息 [localhost-startStop-1] org.apache.catalina.startup.HostConfig.deployDirectory Deploying web application directory F:\apache-tomcat-8.0.52\webapps\examples
20-Dec-2019 09:47:50.540 信息 [localhost-startStop-1] org.apache.catalina.startup.HostConfig.deployDirectory Deployment of web application directory F:\apache-tomcat-8.0.52\webapps\examples has finished in 583 ms
20-Dec-2019 09:47:50.540 信息 [localhost-startStop-1] org.apache.catalina.startup.HostConfig.deployDirectory Deploying web application directory F:\apache-tomcat-8.0.52\webapps\host-manager
20-Dec-2019 09:47:50.587 信息 [localhost-startStop-1] org.apache.catalina.startup.HostConfig.deployDirectory Deployment of web application directory F:\apache-tomcat-8.0.52\webapps\host-manager has finished in 47 ms
20-Dec-2019 09:47:50.588 信息 [localhost-startStop-1] org.apache.catalina.startup.HostConfig.deployDirectory Deploying web application directory F:\apache-tomcat-8.0.52\webapps\manager
20-Dec-2019 09:47:50.644 信息 [localhost-startStop-1] org.apache.catalina.startup.HostConfig.deployDirectory Deployment of web application directory F:\apache-tomcat-8.0.52\webapps\manager has finished in 55 ms
20-Dec-2019 09:47:50.644 信息 [localhost-startStop-1] org.apache.catalina.startup.HostConfig.deployDirectory Deploying web application directory F:\apache-tomcat-8.0.52\webapps\ROOT
20-Dec-2019 09:47:50.675 信息 [localhost-startStop-1] org.apache.catalina.startup.HostConfig.deployDirectory Deployment of web application directory F:\apache-tomcat-8.0.52\webapps\ROOT has finished in 31 ms
20-Dec-2019 09:47:50.675 信息 [localhost-startStop-1] org.apache.catalina.startup.HostConfig.deployDirectory Deploying web application directory F:\apache-tomcat-8.0.52\webapps\solr
20-Dec-2019 09:47:54.055 信息 [localhost-startStop-1] org.apache.jasper.servlet.TldScanner.scanJars At least one JAR was scanned for TLDs yet contained no TLDs. Enable debug logging for this logger for a complete list of JARs that were scanned but no TLDs were found in them. Skipping unneeded JARs during scanning can improve startup time and JSP compilation time.
20-Dec-2019 09:47:57.725 信息 [localhost-startStop-1] org.apache.catalina.startup.HostConfig.deployDirectory Deployment of web application directory F:\apache-tomcat-8.0.52\webapps\solr has finished in 7,050 ms
20-Dec-2019 09:47:57.733 信息 [main] org.apache.coyote.AbstractProtocol.start Starting ProtocolHandler ["http-nio-8080"]
20-Dec-2019 09:47:57.747 信息 [main] org.apache.coyote.AbstractProtocol.start Starting ProtocolHandler ["ajp-nio-8009"]
20-Dec-2019 09:47:57.752 信息 [main] org.apache.catalina.startup.Catalina.start Server startup in 8247 ms
20-Dec-2019 10:14:42.629 信息 [main] org.apache.catalina.startup.VersionLoggerListener.log Server version:        Apache Tomcat/8.0.52
20-Dec-2019 10:14:42.634 信息 [main] org.apache.catalina.startup.VersionLoggerListener.log Server built:          Apr 28 2018 16:24:29 UTC
20-Dec-2019 10:14:42.634 信息 [main] org.apache.catalina.startup.VersionLoggerListener.log Server number:         8.0.52.0
20-Dec-2019 10:14:42.635 信息 [main] org.apache.catalina.startup.VersionLoggerListener.log OS Name:               Windows 10
20-Dec-2019 10:14:42.635 信息 [main] org.apache.catalina.startup.VersionLoggerListener.log OS Version:            10.0
20-Dec-2019 10:14:42.635 信息 [main] org.apache.catalina.startup.VersionLoggerListener.log Architecture:          amd64
20-Dec-2019 10:14:42.635 信息 [main] org.apache.catalina.startup.VersionLoggerListener.log Java Home:             C:\Program Files\Java\jdk1.8.0_181\jre
20-Dec-2019 10:14:42.635 信息 [main] org.apache.catalina.startup.VersionLoggerListener.log JVM Version:           1.8.0_181-b13
20-Dec-2019 10:14:42.636 信息 [main] org.apache.catalina.startup.VersionLoggerListener.log JVM Vendor:            Oracle Corporation
20-Dec-2019 10:14:42.636 信息 [main] org.apache.catalina.startup.VersionLoggerListener.log CATALINA_BASE:         F:\apache-tomcat-8.0.52
20-Dec-2019 10:14:42.636 信息 [main] org.apache.catalina.startup.VersionLoggerListener.log CATALINA_HOME:         F:\apache-tomcat-8.0.52
20-Dec-2019 10:14:42.637 信息 [main] org.apache.catalina.startup.VersionLoggerListener.log Command line argument: -Djava.util.logging.config.file=F:\apache-tomcat-8.0.52\conf\logging.properties
20-Dec-2019 10:14:42.637 信息 [main] org.apache.catalina.startup.VersionLoggerListener.log Command line argument: -Djava.util.logging.manager=org.apache.juli.ClassLoaderLogManager
20-Dec-2019 10:14:42.637 信息 [main] org.apache.catalina.startup.VersionLoggerListener.log Command line argument: -Djdk.tls.ephemeralDHKeySize=2048
20-Dec-2019 10:14:42.638 信息 [main] org.apache.catalina.startup.VersionLoggerListener.log Command line argument: -Djava.protocol.handler.pkgs=org.apache.catalina.webresources
20-Dec-2019 10:14:42.638 信息 [main] org.apache.catalina.startup.VersionLoggerListener.log Command line argument: -Dignore.endorsed.dirs=
20-Dec-2019 10:14:42.638 信息 [main] org.apache.catalina.startup.VersionLoggerListener.log Command line argument: -Dcatalina.base=F:\apache-tomcat-8.0.52
20-Dec-2019 10:14:42.639 信息 [main] org.apache.catalina.startup.VersionLoggerListener.log Command line argument: -Dcatalina.home=F:\apache-tomcat-8.0.52
20-Dec-2019 10:14:42.639 信息 [main] org.apache.catalina.startup.VersionLoggerListener.log Command line argument: -Djava.io.tmpdir=F:\apache-tomcat-8.0.52\temp
20-Dec-2019 10:14:42.647 信息 [main] org.apache.catalina.core.AprLifecycleListener.lifecycleEvent The APR based Apache Tomcat Native library which allows optimal performance in production environments was not found on the java.library.path: C:\Program Files\Java\jdk1.8.0_181\bin;C:\WINDOWS\Sun\Java\bin;C:\WINDOWS\system32;C:\WINDOWS;C:\Program Files (x86)\Common Files\Oracle\Java\javapath;C:\WINDOWS\system32;C:\WINDOWS;C:\WINDOWS\System32\Wbem;C:\WINDOWS\System32\WindowsPowerShell\v1.0\;C:\Program Files (x86)\Microsoft SQL Server\110\Tools\Binn\ManagementStudio\;C:\Program Files (x86)\Microsoft SQL Server\110\Tools\Binn\;C:\Program Files\Microsoft SQL Server\110\Tools\Binn\;C:\Program Files (x86)\Microsoft Visual Studio 10.0\Common7\IDE\PrivateAssemblies\;C:\Program Files (x86)\Microsoft SQL Server\110\DTS\Binn\;C:\Program Files\Microsoft SQL Server\110\DTS\Binn\;C:\Program Files\Java\jdk1.8.0_181\bin;C:\Program Files\Java\jdk1.8.0_181\jre\bin;C:\WINDOWS\System32\OpenSSH\;C:\Users\15718\AppData\Local\Microsoft\WindowsApps;F:\python\PyCharm 193.4932.14\bin;;F:\工作安装包\ssm框架\整合包\mysql\bin;;.
20-Dec-2019 10:14:42.888 信息 [main] org.apache.coyote.AbstractProtocol.init Initializing ProtocolHandler ["http-nio-8080"]
20-Dec-2019 10:14:43.455 信息 [main] org.apache.tomcat.util.net.NioSelectorPool.getSharedSelector Using a shared selector for servlet write/read
20-Dec-2019 10:14:43.458 信息 [main] org.apache.coyote.AbstractProtocol.init Initializing ProtocolHandler ["ajp-nio-8009"]
20-Dec-2019 10:14:43.462 信息 [main] org.apache.tomcat.util.net.NioSelectorPool.getSharedSelector Using a shared selector for servlet write/read
20-Dec-2019 10:14:43.463 信息 [main] org.apache.catalina.startup.Catalina.load Initialization processed in 1585 ms
20-Dec-2019 10:14:43.497 信息 [main] org.apache.catalina.core.StandardService.startInternal Starting service Catalina
20-Dec-2019 10:14:43.497 信息 [main] org.apache.catalina.core.StandardEngine.startInternal Starting Servlet Engine: Apache Tomcat/8.0.52
20-Dec-2019 10:14:43.511 信息 [localhost-startStop-1] org.apache.catalina.startup.HostConfig.deployDirectory Deploying web application directory F:\apache-tomcat-8.0.52\webapps\docs
20-Dec-2019 10:14:43.908 信息 [localhost-startStop-1] org.apache.catalina.startup.HostConfig.deployDirectory Deployment of web application directory F:\apache-tomcat-8.0.52\webapps\docs has finished in 397 ms
20-Dec-2019 10:14:43.909 信息 [localhost-startStop-1] org.apache.catalina.startup.HostConfig.deployDirectory Deploying web application directory F:\apache-tomcat-8.0.52\webapps\examples
20-Dec-2019 10:14:44.425 信息 [localhost-startStop-1] org.apache.catalina.startup.HostConfig.deployDirectory Deployment of web application directory F:\apache-tomcat-8.0.52\webapps\examples has finished in 516 ms
20-Dec-2019 10:14:44.425 信息 [localhost-startStop-1] org.apache.catalina.startup.HostConfig.deployDirectory Deploying web application directory F:\apache-tomcat-8.0.52\webapps\host-manager
20-Dec-2019 10:14:44.464 信息 [localhost-startStop-1] org.apache.catalina.startup.HostConfig.deployDirectory Deployment of web application directory F:\apache-tomcat-8.0.52\webapps\host-manager has finished in 39 ms
20-Dec-2019 10:14:44.465 信息 [localhost-startStop-1] org.apache.catalina.startup.HostConfig.deployDirectory Deploying web application directory F:\apache-tomcat-8.0.52\webapps\manager
20-Dec-2019 10:14:44.509 信息 [localhost-startStop-1] org.apache.catalina.startup.HostConfig.deployDirectory Deployment of web application directory F:\apache-tomcat-8.0.52\webapps\manager has finished in 44 ms
20-Dec-2019 10:14:44.510 信息 [localhost-startStop-1] org.apache.catalina.startup.HostConfig.deployDirectory Deploying web application directory F:\apache-tomcat-8.0.52\webapps\ROOT
20-Dec-2019 10:14:44.541 信息 [localhost-startStop-1] org.apache.catalina.startup.HostConfig.deployDirectory Deployment of web application directory F:\apache-tomcat-8.0.52\webapps\ROOT has finished in 31 ms
20-Dec-2019 10:14:44.541 信息 [localhost-startStop-1] org.apache.catalina.startup.HostConfig.deployDirectory Deploying web application directory F:\apache-tomcat-8.0.52\webapps\solr
20-Dec-2019 10:14:48.242 信息 [localhost-startStop-1] org.apache.jasper.servlet.TldScanner.scanJars At least one JAR was scanned for TLDs yet contained no TLDs. Enable debug logging for this logger for a complete list of JARs that were scanned but no TLDs were found in them. Skipping unneeded JARs during scanning can improve startup time and JSP compilation time.
20-Dec-2019 10:14:51.870 信息 [localhost-startStop-1] org.apache.catalina.startup.HostConfig.deployDirectory Deployment of web application directory F:\apache-tomcat-8.0.52\webapps\solr has finished in 7,329 ms
20-Dec-2019 10:14:51.878 信息 [main] org.apache.coyote.AbstractProtocol.start Starting ProtocolHandler ["http-nio-8080"]
20-Dec-2019 10:14:51.892 信息 [main] org.apache.coyote.AbstractProtocol.start Starting ProtocolHandler ["ajp-nio-8009"]
20-Dec-2019 10:14:51.896 信息 [main] org.apache.catalina.startup.Catalina.start Server startup in 8432 ms
