25-Dec-2019 09:11:52.278 信息 [main] org.apache.catalina.startup.VersionLoggerListener.log Server version:        Apache Tomcat/8.0.52
25-Dec-2019 09:11:52.283 信息 [main] org.apache.catalina.startup.VersionLoggerListener.log Server built:          Apr 28 2018 16:24:29 UTC
25-Dec-2019 09:11:52.287 信息 [main] org.apache.catalina.startup.VersionLoggerListener.log Server number:         8.0.52.0
25-Dec-2019 09:11:52.287 信息 [main] org.apache.catalina.startup.VersionLoggerListener.log OS Name:               Windows 10
25-Dec-2019 09:11:52.287 信息 [main] org.apache.catalina.startup.VersionLoggerListener.log OS Version:            10.0
25-Dec-2019 09:11:52.287 信息 [main] org.apache.catalina.startup.VersionLoggerListener.log Architecture:          amd64
25-Dec-2019 09:11:52.288 信息 [main] org.apache.catalina.startup.VersionLoggerListener.log Java Home:             C:\Program Files\Java\jdk1.8.0_181\jre
25-Dec-2019 09:11:52.288 信息 [main] org.apache.catalina.startup.VersionLoggerListener.log JVM Version:           1.8.0_181-b13
25-Dec-2019 09:11:52.288 信息 [main] org.apache.catalina.startup.VersionLoggerListener.log JVM Vendor:            Oracle Corporation
25-Dec-2019 09:11:52.288 信息 [main] org.apache.catalina.startup.VersionLoggerListener.log CATALINA_BASE:         F:\solr\tomcatsolr
25-Dec-2019 09:11:52.288 信息 [main] org.apache.catalina.startup.VersionLoggerListener.log CATALINA_HOME:         F:\solr\tomcatsolr
25-Dec-2019 09:11:52.289 信息 [main] org.apache.catalina.startup.VersionLoggerListener.log Command line argument: -Djava.util.logging.config.file=F:\solr\tomcatsolr\conf\logging.properties
25-Dec-2019 09:11:52.289 信息 [main] org.apache.catalina.startup.VersionLoggerListener.log Command line argument: -Djava.util.logging.manager=org.apache.juli.ClassLoaderLogManager
25-Dec-2019 09:11:52.289 信息 [main] org.apache.catalina.startup.VersionLoggerListener.log Command line argument: -Djdk.tls.ephemeralDHKeySize=2048
25-Dec-2019 09:11:52.289 信息 [main] org.apache.catalina.startup.VersionLoggerListener.log Command line argument: -Djava.protocol.handler.pkgs=org.apache.catalina.webresources
25-Dec-2019 09:11:52.289 信息 [main] org.apache.catalina.startup.VersionLoggerListener.log Command line argument: -Dignore.endorsed.dirs=
25-Dec-2019 09:11:52.290 信息 [main] org.apache.catalina.startup.VersionLoggerListener.log Command line argument: -Dcatalina.base=F:\solr\tomcatsolr
25-Dec-2019 09:11:52.290 信息 [main] org.apache.catalina.startup.VersionLoggerListener.log Command line argument: -Dcatalina.home=F:\solr\tomcatsolr
25-Dec-2019 09:11:52.291 信息 [main] org.apache.catalina.startup.VersionLoggerListener.log Command line argument: -Djava.io.tmpdir=F:\solr\tomcatsolr\temp
25-Dec-2019 09:11:52.296 信息 [main] org.apache.catalina.core.AprLifecycleListener.lifecycleEvent The APR based Apache Tomcat Native library which allows optimal performance in production environments was not found on the java.library.path: C:\Program Files\Java\jdk1.8.0_181\bin;C:\WINDOWS\Sun\Java\bin;C:\WINDOWS\system32;C:\WINDOWS;C:\Program Files (x86)\Common Files\Oracle\Java\javapath;C:\WINDOWS\system32;C:\WINDOWS;C:\WINDOWS\System32\Wbem;C:\WINDOWS\System32\WindowsPowerShell\v1.0\;C:\Program Files (x86)\Microsoft SQL Server\110\Tools\Binn\ManagementStudio\;C:\Program Files (x86)\Microsoft SQL Server\110\Tools\Binn\;C:\Program Files\Microsoft SQL Server\110\Tools\Binn\;C:\Program Files (x86)\Microsoft Visual Studio 10.0\Common7\IDE\PrivateAssemblies\;C:\Program Files (x86)\Microsoft SQL Server\110\DTS\Binn\;C:\Program Files\Microsoft SQL Server\110\DTS\Binn\;C:\Program Files\Java\jdk1.8.0_181\bin;C:\Program Files\Java\jdk1.8.0_181\jre\bin;C:\WINDOWS\System32\OpenSSH\;C:\Users\15718\AppData\Local\Microsoft\WindowsApps;F:\python\PyCharm 193.4932.14\bin;;F:\工作安装包\ssm框架\整合包\mysql\bin;;.
25-Dec-2019 09:11:52.497 信息 [main] org.apache.coyote.AbstractProtocol.init Initializing ProtocolHandler ["http-nio-8081"]
25-Dec-2019 09:11:52.956 信息 [main] org.apache.tomcat.util.net.NioSelectorPool.getSharedSelector Using a shared selector for servlet write/read
25-Dec-2019 09:11:52.961 信息 [main] org.apache.coyote.AbstractProtocol.init Initializing ProtocolHandler ["ajp-nio-9009"]
25-Dec-2019 09:11:52.965 信息 [main] org.apache.tomcat.util.net.NioSelectorPool.getSharedSelector Using a shared selector for servlet write/read
25-Dec-2019 09:11:52.968 信息 [main] org.apache.catalina.startup.Catalina.load Initialization processed in 1241 ms
25-Dec-2019 09:11:53.023 信息 [main] org.apache.catalina.core.StandardService.startInternal Starting service Catalina
25-Dec-2019 09:11:53.023 信息 [main] org.apache.catalina.core.StandardEngine.startInternal Starting Servlet Engine: Apache Tomcat/8.0.52
25-Dec-2019 09:11:53.047 信息 [localhost-startStop-1] org.apache.catalina.startup.HostConfig.deployDirectory Deploying web application directory F:\solr\tomcatsolr\webapps\docs
25-Dec-2019 09:11:53.475 信息 [localhost-startStop-1] org.apache.catalina.startup.HostConfig.deployDirectory Deployment of web application directory F:\solr\tomcatsolr\webapps\docs has finished in 427 ms
25-Dec-2019 09:11:53.476 信息 [localhost-startStop-1] org.apache.catalina.startup.HostConfig.deployDirectory Deploying web application directory F:\solr\tomcatsolr\webapps\examples
25-Dec-2019 09:11:54.120 信息 [localhost-startStop-1] org.apache.catalina.startup.HostConfig.deployDirectory Deployment of web application directory F:\solr\tomcatsolr\webapps\examples has finished in 644 ms
25-Dec-2019 09:11:54.120 信息 [localhost-startStop-1] org.apache.catalina.startup.HostConfig.deployDirectory Deploying web application directory F:\solr\tomcatsolr\webapps\host-manager
25-Dec-2019 09:11:54.266 信息 [localhost-startStop-1] org.apache.catalina.startup.HostConfig.deployDirectory Deployment of web application directory F:\solr\tomcatsolr\webapps\host-manager has finished in 146 ms
25-Dec-2019 09:11:54.266 信息 [localhost-startStop-1] org.apache.catalina.startup.HostConfig.deployDirectory Deploying web application directory F:\solr\tomcatsolr\webapps\manager
25-Dec-2019 09:11:54.310 信息 [localhost-startStop-1] org.apache.catalina.startup.HostConfig.deployDirectory Deployment of web application directory F:\solr\tomcatsolr\webapps\manager has finished in 44 ms
25-Dec-2019 09:11:54.310 信息 [localhost-startStop-1] org.apache.catalina.startup.HostConfig.deployDirectory Deploying web application directory F:\solr\tomcatsolr\webapps\ROOT
25-Dec-2019 09:11:54.343 信息 [localhost-startStop-1] org.apache.catalina.startup.HostConfig.deployDirectory Deployment of web application directory F:\solr\tomcatsolr\webapps\ROOT has finished in 33 ms
25-Dec-2019 09:11:54.343 信息 [localhost-startStop-1] org.apache.catalina.startup.HostConfig.deployDirectory Deploying web application directory F:\solr\tomcatsolr\webapps\solr
25-Dec-2019 09:11:58.726 信息 [localhost-startStop-1] org.apache.jasper.servlet.TldScanner.scanJars At least one JAR was scanned for TLDs yet contained no TLDs. Enable debug logging for this logger for a complete list of JARs that were scanned but no TLDs were found in them. Skipping unneeded JARs during scanning can improve startup time and JSP compilation time.
25-Dec-2019 09:12:03.957 信息 [localhost-startStop-1] org.apache.catalina.startup.HostConfig.deployDirectory Deployment of web application directory F:\solr\tomcatsolr\webapps\solr has finished in 9,614 ms
25-Dec-2019 09:12:03.962 信息 [main] org.apache.coyote.AbstractProtocol.start Starting ProtocolHandler ["http-nio-8081"]
25-Dec-2019 09:12:03.974 信息 [main] org.apache.coyote.AbstractProtocol.start Starting ProtocolHandler ["ajp-nio-9009"]
25-Dec-2019 09:12:03.978 信息 [main] org.apache.catalina.startup.Catalina.start Server startup in 11008 ms
