23-Dec-2019 15:56:13.877 信息 [main] org.apache.catalina.startup.VersionLoggerListener.log Server version:        Apache Tomcat/8.0.52
23-Dec-2019 15:56:13.882 信息 [main] org.apache.catalina.startup.VersionLoggerListener.log Server built:          Apr 28 2018 16:24:29 UTC
23-Dec-2019 15:56:13.883 信息 [main] org.apache.catalina.startup.VersionLoggerListener.log Server number:         8.0.52.0
23-Dec-2019 15:56:13.884 信息 [main] org.apache.catalina.startup.VersionLoggerListener.log OS Name:               Windows 10
23-Dec-2019 15:56:13.884 信息 [main] org.apache.catalina.startup.VersionLoggerListener.log OS Version:            10.0
23-Dec-2019 15:56:13.884 信息 [main] org.apache.catalina.startup.VersionLoggerListener.log Architecture:          amd64
23-Dec-2019 15:56:13.884 信息 [main] org.apache.catalina.startup.VersionLoggerListener.log Java Home:             C:\Program Files\Java\jdk1.8.0_181\jre
23-Dec-2019 15:56:13.884 信息 [main] org.apache.catalina.startup.VersionLoggerListener.log JVM Version:           1.8.0_181-b13
23-Dec-2019 15:56:13.884 信息 [main] org.apache.catalina.startup.VersionLoggerListener.log JVM Vendor:            Oracle Corporation
23-Dec-2019 15:56:13.884 信息 [main] org.apache.catalina.startup.VersionLoggerListener.log CATALINA_BASE:         F:\apache-tomcat-8.0.52
23-Dec-2019 15:56:13.885 信息 [main] org.apache.catalina.startup.VersionLoggerListener.log CATALINA_HOME:         F:\apache-tomcat-8.0.52
23-Dec-2019 15:56:13.885 信息 [main] org.apache.catalina.startup.VersionLoggerListener.log Command line argument: -Djava.util.logging.config.file=F:\apache-tomcat-8.0.52\conf\logging.properties
23-Dec-2019 15:56:13.885 信息 [main] org.apache.catalina.startup.VersionLoggerListener.log Command line argument: -Djava.util.logging.manager=org.apache.juli.ClassLoaderLogManager
23-Dec-2019 15:56:13.885 信息 [main] org.apache.catalina.startup.VersionLoggerListener.log Command line argument: -Djdk.tls.ephemeralDHKeySize=2048
23-Dec-2019 15:56:13.885 信息 [main] org.apache.catalina.startup.VersionLoggerListener.log Command line argument: -Djava.protocol.handler.pkgs=org.apache.catalina.webresources
23-Dec-2019 15:56:13.885 信息 [main] org.apache.catalina.startup.VersionLoggerListener.log Command line argument: -Dignore.endorsed.dirs=
23-Dec-2019 15:56:13.886 信息 [main] org.apache.catalina.startup.VersionLoggerListener.log Command line argument: -Dcatalina.base=F:\apache-tomcat-8.0.52
23-Dec-2019 15:56:13.887 信息 [main] org.apache.catalina.startup.VersionLoggerListener.log Command line argument: -Dcatalina.home=F:\apache-tomcat-8.0.52
23-Dec-2019 15:56:13.887 信息 [main] org.apache.catalina.startup.VersionLoggerListener.log Command line argument: -Djava.io.tmpdir=F:\apache-tomcat-8.0.52\temp
23-Dec-2019 15:56:13.888 信息 [main] org.apache.catalina.core.AprLifecycleListener.lifecycleEvent The APR based Apache Tomcat Native library which allows optimal performance in production environments was not found on the java.library.path: C:\Program Files\Java\jdk1.8.0_181\bin;C:\WINDOWS\Sun\Java\bin;C:\WINDOWS\system32;C:\WINDOWS;C:\Program Files (x86)\Common Files\Oracle\Java\javapath;C:\WINDOWS\system32;C:\WINDOWS;C:\WINDOWS\System32\Wbem;C:\WINDOWS\System32\WindowsPowerShell\v1.0\;C:\Program Files (x86)\Microsoft SQL Server\110\Tools\Binn\ManagementStudio\;C:\Program Files (x86)\Microsoft SQL Server\110\Tools\Binn\;C:\Program Files\Microsoft SQL Server\110\Tools\Binn\;C:\Program Files (x86)\Microsoft Visual Studio 10.0\Common7\IDE\PrivateAssemblies\;C:\Program Files (x86)\Microsoft SQL Server\110\DTS\Binn\;C:\Program Files\Microsoft SQL Server\110\DTS\Binn\;C:\Program Files\Java\jdk1.8.0_181\bin;C:\Program Files\Java\jdk1.8.0_181\jre\bin;C:\WINDOWS\System32\OpenSSH\;C:\Users\15718\AppData\Local\Microsoft\WindowsApps;F:\python\PyCharm 193.4932.14\bin;;F:\工作安装包\ssm框架\整合包\mysql\bin;;.
23-Dec-2019 15:56:14.091 信息 [main] org.apache.coyote.AbstractProtocol.init Initializing ProtocolHandler ["http-nio-8080"]
23-Dec-2019 15:56:14.582 信息 [main] org.apache.tomcat.util.net.NioSelectorPool.getSharedSelector Using a shared selector for servlet write/read
23-Dec-2019 15:56:14.585 信息 [main] org.apache.coyote.AbstractProtocol.init Initializing ProtocolHandler ["ajp-nio-8009"]
23-Dec-2019 15:56:14.589 信息 [main] org.apache.tomcat.util.net.NioSelectorPool.getSharedSelector Using a shared selector for servlet write/read
23-Dec-2019 15:56:14.589 信息 [main] org.apache.catalina.startup.Catalina.load Initialization processed in 1297 ms
23-Dec-2019 15:56:14.623 信息 [main] org.apache.catalina.core.StandardService.startInternal Starting service Catalina
23-Dec-2019 15:56:14.623 信息 [main] org.apache.catalina.core.StandardEngine.startInternal Starting Servlet Engine: Apache Tomcat/8.0.52
23-Dec-2019 15:56:14.640 信息 [localhost-startStop-1] org.apache.catalina.startup.HostConfig.deployDirectory Deploying web application directory F:\apache-tomcat-8.0.52\webapps\docs
23-Dec-2019 15:56:15.069 信息 [localhost-startStop-1] org.apache.catalina.startup.HostConfig.deployDirectory Deployment of web application directory F:\apache-tomcat-8.0.52\webapps\docs has finished in 425 ms
23-Dec-2019 15:56:15.070 信息 [localhost-startStop-1] org.apache.catalina.startup.HostConfig.deployDirectory Deploying web application directory F:\apache-tomcat-8.0.52\webapps\examples
23-Dec-2019 15:56:15.609 信息 [localhost-startStop-1] org.apache.catalina.startup.HostConfig.deployDirectory Deployment of web application directory F:\apache-tomcat-8.0.52\webapps\examples has finished in 539 ms
23-Dec-2019 15:56:15.610 信息 [localhost-startStop-1] org.apache.catalina.startup.HostConfig.deployDirectory Deploying web application directory F:\apache-tomcat-8.0.52\webapps\host-manager
23-Dec-2019 15:56:15.654 信息 [localhost-startStop-1] org.apache.catalina.startup.HostConfig.deployDirectory Deployment of web application directory F:\apache-tomcat-8.0.52\webapps\host-manager has finished in 43 ms
23-Dec-2019 15:56:15.654 信息 [localhost-startStop-1] org.apache.catalina.startup.HostConfig.deployDirectory Deploying web application directory F:\apache-tomcat-8.0.52\webapps\manager
23-Dec-2019 15:56:15.697 信息 [localhost-startStop-1] org.apache.catalina.startup.HostConfig.deployDirectory Deployment of web application directory F:\apache-tomcat-8.0.52\webapps\manager has finished in 43 ms
23-Dec-2019 15:56:15.698 信息 [localhost-startStop-1] org.apache.catalina.startup.HostConfig.deployDirectory Deploying web application directory F:\apache-tomcat-8.0.52\webapps\ROOT
23-Dec-2019 15:56:15.726 信息 [localhost-startStop-1] org.apache.catalina.startup.HostConfig.deployDirectory Deployment of web application directory F:\apache-tomcat-8.0.52\webapps\ROOT has finished in 28 ms
23-Dec-2019 15:56:15.726 信息 [localhost-startStop-1] org.apache.catalina.startup.HostConfig.deployDirectory Deploying web application directory F:\apache-tomcat-8.0.52\webapps\solr
23-Dec-2019 15:56:19.072 信息 [localhost-startStop-1] org.apache.jasper.servlet.TldScanner.scanJars At least one JAR was scanned for TLDs yet contained no TLDs. Enable debug logging for this logger for a complete list of JARs that were scanned but no TLDs were found in them. Skipping unneeded JARs during scanning can improve startup time and JSP compilation time.
23-Dec-2019 15:56:23.273 信息 [localhost-startStop-1] org.apache.catalina.startup.HostConfig.deployDirectory Deployment of web application directory F:\apache-tomcat-8.0.52\webapps\solr has finished in 7,547 ms
23-Dec-2019 15:56:23.280 信息 [main] org.apache.coyote.AbstractProtocol.start Starting ProtocolHandler ["http-nio-8080"]
23-Dec-2019 15:56:23.305 信息 [main] org.apache.coyote.AbstractProtocol.start Starting ProtocolHandler ["ajp-nio-8009"]
23-Dec-2019 15:56:23.310 信息 [main] org.apache.catalina.startup.Catalina.start Server startup in 8720 ms
23-Dec-2019 16:18:14.781 信息 [main] org.apache.catalina.startup.VersionLoggerListener.log Server version:        Apache Tomcat/8.0.52
23-Dec-2019 16:18:14.790 信息 [main] org.apache.catalina.startup.VersionLoggerListener.log Server built:          Apr 28 2018 16:24:29 UTC
23-Dec-2019 16:18:14.790 信息 [main] org.apache.catalina.startup.VersionLoggerListener.log Server number:         8.0.52.0
23-Dec-2019 16:18:14.790 信息 [main] org.apache.catalina.startup.VersionLoggerListener.log OS Name:               Windows 10
23-Dec-2019 16:18:14.791 信息 [main] org.apache.catalina.startup.VersionLoggerListener.log OS Version:            10.0
23-Dec-2019 16:18:14.791 信息 [main] org.apache.catalina.startup.VersionLoggerListener.log Architecture:          amd64
23-Dec-2019 16:18:14.791 信息 [main] org.apache.catalina.startup.VersionLoggerListener.log Java Home:             C:\Program Files\Java\jdk1.8.0_181\jre
23-Dec-2019 16:18:14.791 信息 [main] org.apache.catalina.startup.VersionLoggerListener.log JVM Version:           1.8.0_181-b13
23-Dec-2019 16:18:14.791 信息 [main] org.apache.catalina.startup.VersionLoggerListener.log JVM Vendor:            Oracle Corporation
23-Dec-2019 16:18:14.791 信息 [main] org.apache.catalina.startup.VersionLoggerListener.log CATALINA_BASE:         F:\apache-tomcat-8.0.52
23-Dec-2019 16:18:14.791 信息 [main] org.apache.catalina.startup.VersionLoggerListener.log CATALINA_HOME:         F:\apache-tomcat-8.0.52
23-Dec-2019 16:18:14.792 信息 [main] org.apache.catalina.startup.VersionLoggerListener.log Command line argument: -Djava.util.logging.config.file=F:\apache-tomcat-8.0.52\conf\logging.properties
23-Dec-2019 16:18:14.792 信息 [main] org.apache.catalina.startup.VersionLoggerListener.log Command line argument: -Djava.util.logging.manager=org.apache.juli.ClassLoaderLogManager
23-Dec-2019 16:18:14.792 信息 [main] org.apache.catalina.startup.VersionLoggerListener.log Command line argument: -Djdk.tls.ephemeralDHKeySize=2048
23-Dec-2019 16:18:14.792 信息 [main] org.apache.catalina.startup.VersionLoggerListener.log Command line argument: -Djava.protocol.handler.pkgs=org.apache.catalina.webresources
23-Dec-2019 16:18:14.792 信息 [main] org.apache.catalina.startup.VersionLoggerListener.log Command line argument: -Dignore.endorsed.dirs=
23-Dec-2019 16:18:14.792 信息 [main] org.apache.catalina.startup.VersionLoggerListener.log Command line argument: -Dcatalina.base=F:\apache-tomcat-8.0.52
23-Dec-2019 16:18:14.793 信息 [main] org.apache.catalina.startup.VersionLoggerListener.log Command line argument: -Dcatalina.home=F:\apache-tomcat-8.0.52
23-Dec-2019 16:18:14.794 信息 [main] org.apache.catalina.startup.VersionLoggerListener.log Command line argument: -Djava.io.tmpdir=F:\apache-tomcat-8.0.52\temp
23-Dec-2019 16:18:14.794 信息 [main] org.apache.catalina.core.AprLifecycleListener.lifecycleEvent The APR based Apache Tomcat Native library which allows optimal performance in production environments was not found on the java.library.path: C:\Program Files\Java\jdk1.8.0_181\bin;C:\WINDOWS\Sun\Java\bin;C:\WINDOWS\system32;C:\WINDOWS;C:\Program Files (x86)\Common Files\Oracle\Java\javapath;C:\WINDOWS\system32;C:\WINDOWS;C:\WINDOWS\System32\Wbem;C:\WINDOWS\System32\WindowsPowerShell\v1.0\;C:\Program Files (x86)\Microsoft SQL Server\110\Tools\Binn\ManagementStudio\;C:\Program Files (x86)\Microsoft SQL Server\110\Tools\Binn\;C:\Program Files\Microsoft SQL Server\110\Tools\Binn\;C:\Program Files (x86)\Microsoft Visual Studio 10.0\Common7\IDE\PrivateAssemblies\;C:\Program Files (x86)\Microsoft SQL Server\110\DTS\Binn\;C:\Program Files\Microsoft SQL Server\110\DTS\Binn\;C:\Program Files\Java\jdk1.8.0_181\bin;C:\Program Files\Java\jdk1.8.0_181\jre\bin;C:\WINDOWS\System32\OpenSSH\;C:\Users\15718\AppData\Local\Microsoft\WindowsApps;F:\python\PyCharm 193.4932.14\bin;;F:\工作安装包\ssm框架\整合包\mysql\bin;;.
23-Dec-2019 16:18:15.008 信息 [main] org.apache.coyote.AbstractProtocol.init Initializing ProtocolHandler ["http-nio-8080"]
23-Dec-2019 16:18:15.022 严重 [main] org.apache.coyote.AbstractProtocol.init Failed to initialize end point associated with ProtocolHandler ["http-nio-8080"]
 java.net.BindException: Address already in use: bind
	at sun.nio.ch.Net.bind0(Native Method)
	at sun.nio.ch.Net.bind(Net.java:433)
	at sun.nio.ch.Net.bind(Net.java:425)
	at sun.nio.ch.ServerSocketChannelImpl.bind(ServerSocketChannelImpl.java:223)
	at sun.nio.ch.ServerSocketAdaptor.bind(ServerSocketAdaptor.java:74)
	at org.apache.tomcat.util.net.NioEndpoint.bind(NioEndpoint.java:350)
	at org.apache.tomcat.util.net.AbstractEndpoint.init(AbstractEndpoint.java:823)
	at org.apache.coyote.AbstractProtocol.init(AbstractProtocol.java:476)
	at org.apache.coyote.http11.AbstractHttp11JsseProtocol.init(AbstractHttp11JsseProtocol.java:120)
	at org.apache.catalina.connector.Connector.initInternal(Connector.java:960)
	at org.apache.catalina.util.LifecycleBase.init(LifecycleBase.java:102)
	at org.apache.catalina.core.StandardService.initInternal(StandardService.java:568)
	at org.apache.catalina.util.LifecycleBase.init(LifecycleBase.java:102)
	at org.apache.catalina.core.StandardServer.initInternal(StandardServer.java:871)
	at org.apache.catalina.util.LifecycleBase.init(LifecycleBase.java:102)
	at org.apache.catalina.startup.Catalina.load(Catalina.java:592)
	at org.apache.catalina.startup.Catalina.load(Catalina.java:615)
	at sun.reflect.NativeMethodAccessorImpl.invoke0(Native Method)
	at sun.reflect.NativeMethodAccessorImpl.invoke(NativeMethodAccessorImpl.java:62)
	at sun.reflect.DelegatingMethodAccessorImpl.invoke(DelegatingMethodAccessorImpl.java:43)
	at java.lang.reflect.Method.invoke(Method.java:498)
	at org.apache.catalina.startup.Bootstrap.load(Bootstrap.java:308)
	at org.apache.catalina.startup.Bootstrap.main(Bootstrap.java:482)

23-Dec-2019 16:18:15.024 严重 [main] org.apache.catalina.core.StandardService.initInternal Failed to initialize connector [Connector[HTTP/1.1-8080]]
 org.apache.catalina.LifecycleException: Failed to initialize component [Connector[HTTP/1.1-8080]]
	at org.apache.catalina.util.LifecycleBase.init(LifecycleBase.java:107)
	at org.apache.catalina.core.StandardService.initInternal(StandardService.java:568)
	at org.apache.catalina.util.LifecycleBase.init(LifecycleBase.java:102)
	at org.apache.catalina.core.StandardServer.initInternal(StandardServer.java:871)
	at org.apache.catalina.util.LifecycleBase.init(LifecycleBase.java:102)
	at org.apache.catalina.startup.Catalina.load(Catalina.java:592)
	at org.apache.catalina.startup.Catalina.load(Catalina.java:615)
	at sun.reflect.NativeMethodAccessorImpl.invoke0(Native Method)
	at sun.reflect.NativeMethodAccessorImpl.invoke(NativeMethodAccessorImpl.java:62)
	at sun.reflect.DelegatingMethodAccessorImpl.invoke(DelegatingMethodAccessorImpl.java:43)
	at java.lang.reflect.Method.invoke(Method.java:498)
	at org.apache.catalina.startup.Bootstrap.load(Bootstrap.java:308)
	at org.apache.catalina.startup.Bootstrap.main(Bootstrap.java:482)
Caused by: org.apache.catalina.LifecycleException: Protocol handler initialization failed
	at org.apache.catalina.connector.Connector.initInternal(Connector.java:962)
	at org.apache.catalina.util.LifecycleBase.init(LifecycleBase.java:102)
	... 12 more
Caused by: java.net.BindException: Address already in use: bind
	at sun.nio.ch.Net.bind0(Native Method)
	at sun.nio.ch.Net.bind(Net.java:433)
	at sun.nio.ch.Net.bind(Net.java:425)
	at sun.nio.ch.ServerSocketChannelImpl.bind(ServerSocketChannelImpl.java:223)
	at sun.nio.ch.ServerSocketAdaptor.bind(ServerSocketAdaptor.java:74)
	at org.apache.tomcat.util.net.NioEndpoint.bind(NioEndpoint.java:350)
	at org.apache.tomcat.util.net.AbstractEndpoint.init(AbstractEndpoint.java:823)
	at org.apache.coyote.AbstractProtocol.init(AbstractProtocol.java:476)
	at org.apache.coyote.http11.AbstractHttp11JsseProtocol.init(AbstractHttp11JsseProtocol.java:120)
	at org.apache.catalina.connector.Connector.initInternal(Connector.java:960)
	... 13 more

23-Dec-2019 16:18:15.025 信息 [main] org.apache.coyote.AbstractProtocol.init Initializing ProtocolHandler ["ajp-nio-8009"]
23-Dec-2019 16:18:15.027 严重 [main] org.apache.coyote.AbstractProtocol.init Failed to initialize end point associated with ProtocolHandler ["ajp-nio-8009"]
 java.net.BindException: Address already in use: bind
	at sun.nio.ch.Net.bind0(Native Method)
	at sun.nio.ch.Net.bind(Net.java:433)
	at sun.nio.ch.Net.bind(Net.java:425)
	at sun.nio.ch.ServerSocketChannelImpl.bind(ServerSocketChannelImpl.java:223)
	at sun.nio.ch.ServerSocketAdaptor.bind(ServerSocketAdaptor.java:74)
	at org.apache.tomcat.util.net.NioEndpoint.bind(NioEndpoint.java:350)
	at org.apache.tomcat.util.net.AbstractEndpoint.init(AbstractEndpoint.java:823)
	at org.apache.coyote.AbstractProtocol.init(AbstractProtocol.java:476)
	at org.apache.catalina.connector.Connector.initInternal(Connector.java:960)
	at org.apache.catalina.util.LifecycleBase.init(LifecycleBase.java:102)
	at org.apache.catalina.core.StandardService.initInternal(StandardService.java:568)
	at org.apache.catalina.util.LifecycleBase.init(LifecycleBase.java:102)
	at org.apache.catalina.core.StandardServer.initInternal(StandardServer.java:871)
	at org.apache.catalina.util.LifecycleBase.init(LifecycleBase.java:102)
	at org.apache.catalina.startup.Catalina.load(Catalina.java:592)
	at org.apache.catalina.startup.Catalina.load(Catalina.java:615)
	at sun.reflect.NativeMethodAccessorImpl.invoke0(Native Method)
	at sun.reflect.NativeMethodAccessorImpl.invoke(NativeMethodAccessorImpl.java:62)
	at sun.reflect.DelegatingMethodAccessorImpl.invoke(DelegatingMethodAccessorImpl.java:43)
	at java.lang.reflect.Method.invoke(Method.java:498)
	at org.apache.catalina.startup.Bootstrap.load(Bootstrap.java:308)
	at org.apache.catalina.startup.Bootstrap.main(Bootstrap.java:482)

23-Dec-2019 16:18:15.030 严重 [main] org.apache.catalina.core.StandardService.initInternal Failed to initialize connector [Connector[AJP/1.3-8009]]
 org.apache.catalina.LifecycleException: Failed to initialize component [Connector[AJP/1.3-8009]]
	at org.apache.catalina.util.LifecycleBase.init(LifecycleBase.java:107)
	at org.apache.catalina.core.StandardService.initInternal(StandardService.java:568)
	at org.apache.catalina.util.LifecycleBase.init(LifecycleBase.java:102)
	at org.apache.catalina.core.StandardServer.initInternal(StandardServer.java:871)
	at org.apache.catalina.util.LifecycleBase.init(LifecycleBase.java:102)
	at org.apache.catalina.startup.Catalina.load(Catalina.java:592)
	at org.apache.catalina.startup.Catalina.load(Catalina.java:615)
	at sun.reflect.NativeMethodAccessorImpl.invoke0(Native Method)
	at sun.reflect.NativeMethodAccessorImpl.invoke(NativeMethodAccessorImpl.java:62)
	at sun.reflect.DelegatingMethodAccessorImpl.invoke(DelegatingMethodAccessorImpl.java:43)
	at java.lang.reflect.Method.invoke(Method.java:498)
	at org.apache.catalina.startup.Bootstrap.load(Bootstrap.java:308)
	at org.apache.catalina.startup.Bootstrap.main(Bootstrap.java:482)
Caused by: org.apache.catalina.LifecycleException: Protocol handler initialization failed
	at org.apache.catalina.connector.Connector.initInternal(Connector.java:962)
	at org.apache.catalina.util.LifecycleBase.init(LifecycleBase.java:102)
	... 12 more
Caused by: java.net.BindException: Address already in use: bind
	at sun.nio.ch.Net.bind0(Native Method)
	at sun.nio.ch.Net.bind(Net.java:433)
	at sun.nio.ch.Net.bind(Net.java:425)
	at sun.nio.ch.ServerSocketChannelImpl.bind(ServerSocketChannelImpl.java:223)
	at sun.nio.ch.ServerSocketAdaptor.bind(ServerSocketAdaptor.java:74)
	at org.apache.tomcat.util.net.NioEndpoint.bind(NioEndpoint.java:350)
	at org.apache.tomcat.util.net.AbstractEndpoint.init(AbstractEndpoint.java:823)
	at org.apache.coyote.AbstractProtocol.init(AbstractProtocol.java:476)
	at org.apache.catalina.connector.Connector.initInternal(Connector.java:960)
	... 13 more

23-Dec-2019 16:18:15.031 信息 [main] org.apache.catalina.startup.Catalina.load Initialization processed in 799 ms
23-Dec-2019 16:18:15.067 信息 [main] org.apache.catalina.core.StandardService.startInternal Starting service Catalina
23-Dec-2019 16:18:15.067 信息 [main] org.apache.catalina.core.StandardEngine.startInternal Starting Servlet Engine: Apache Tomcat/8.0.52
23-Dec-2019 16:18:15.078 信息 [localhost-startStop-1] org.apache.catalina.startup.HostConfig.deployDirectory Deploying web application directory F:\apache-tomcat-8.0.52\webapps\docs
23-Dec-2019 16:18:15.915 警告 [localhost-startStop-1] org.apache.catalina.util.SessionIdGeneratorBase.createSecureRandom Creation of SecureRandom instance for session ID generation using [SHA1PRNG] took [452] milliseconds.
23-Dec-2019 16:18:15.944 信息 [localhost-startStop-1] org.apache.catalina.startup.HostConfig.deployDirectory Deployment of web application directory F:\apache-tomcat-8.0.52\webapps\docs has finished in 866 ms
23-Dec-2019 16:18:15.945 信息 [localhost-startStop-1] org.apache.catalina.startup.HostConfig.deployDirectory Deploying web application directory F:\apache-tomcat-8.0.52\webapps\examples
23-Dec-2019 16:18:16.462 信息 [localhost-startStop-1] org.apache.catalina.startup.HostConfig.deployDirectory Deployment of web application directory F:\apache-tomcat-8.0.52\webapps\examples has finished in 517 ms
23-Dec-2019 16:18:16.462 信息 [localhost-startStop-1] org.apache.catalina.startup.HostConfig.deployDirectory Deploying web application directory F:\apache-tomcat-8.0.52\webapps\host-manager
23-Dec-2019 16:18:16.510 信息 [localhost-startStop-1] org.apache.catalina.startup.HostConfig.deployDirectory Deployment of web application directory F:\apache-tomcat-8.0.52\webapps\host-manager has finished in 48 ms
23-Dec-2019 16:18:16.511 信息 [localhost-startStop-1] org.apache.catalina.startup.HostConfig.deployDirectory Deploying web application directory F:\apache-tomcat-8.0.52\webapps\manager
23-Dec-2019 16:18:16.558 信息 [localhost-startStop-1] org.apache.catalina.startup.HostConfig.deployDirectory Deployment of web application directory F:\apache-tomcat-8.0.52\webapps\manager has finished in 47 ms
23-Dec-2019 16:18:16.559 信息 [localhost-startStop-1] org.apache.catalina.startup.HostConfig.deployDirectory Deploying web application directory F:\apache-tomcat-8.0.52\webapps\ROOT
23-Dec-2019 16:18:16.588 信息 [localhost-startStop-1] org.apache.catalina.startup.HostConfig.deployDirectory Deployment of web application directory F:\apache-tomcat-8.0.52\webapps\ROOT has finished in 29 ms
23-Dec-2019 16:18:16.588 信息 [localhost-startStop-1] org.apache.catalina.startup.HostConfig.deployDirectory Deploying web application directory F:\apache-tomcat-8.0.52\webapps\solr
23-Dec-2019 16:18:20.274 信息 [localhost-startStop-1] org.apache.jasper.servlet.TldScanner.scanJars At least one JAR was scanned for TLDs yet contained no TLDs. Enable debug logging for this logger for a complete list of JARs that were scanned but no TLDs were found in them. Skipping unneeded JARs during scanning can improve startup time and JSP compilation time.
23-Dec-2019 16:18:25.708 信息 [localhost-startStop-1] org.apache.catalina.startup.HostConfig.deployDirectory Deployment of web application directory F:\apache-tomcat-8.0.52\webapps\solr has finished in 9,120 ms
23-Dec-2019 16:18:25.713 信息 [main] org.apache.catalina.startup.Catalina.start Server startup in 10680 ms
23-Dec-2019 16:18:25.715 严重 [main] org.apache.catalina.core.StandardServer.await StandardServer.await: create[localhost:8005]: 
 java.net.BindException: Address already in use: JVM_Bind
	at java.net.DualStackPlainSocketImpl.bind0(Native Method)
	at java.net.DualStackPlainSocketImpl.socketBind(DualStackPlainSocketImpl.java:106)
	at java.net.AbstractPlainSocketImpl.bind(AbstractPlainSocketImpl.java:387)
	at java.net.PlainSocketImpl.bind(PlainSocketImpl.java:190)
	at java.net.ServerSocket.bind(ServerSocket.java:375)
	at java.net.ServerSocket.<init>(ServerSocket.java:237)
	at org.apache.catalina.core.StandardServer.await(StandardServer.java:438)
	at org.apache.catalina.startup.Catalina.await(Catalina.java:729)
	at org.apache.catalina.startup.Catalina.start(Catalina.java:675)
	at sun.reflect.NativeMethodAccessorImpl.invoke0(Native Method)
	at sun.reflect.NativeMethodAccessorImpl.invoke(NativeMethodAccessorImpl.java:62)
	at sun.reflect.DelegatingMethodAccessorImpl.invoke(DelegatingMethodAccessorImpl.java:43)
	at java.lang.reflect.Method.invoke(Method.java:498)
	at org.apache.catalina.startup.Bootstrap.start(Bootstrap.java:349)
	at org.apache.catalina.startup.Bootstrap.main(Bootstrap.java:483)

23-Dec-2019 16:18:25.715 信息 [main] org.apache.coyote.AbstractProtocol.pause Pausing ProtocolHandler ["http-nio-8080"]
23-Dec-2019 16:18:25.716 信息 [main] org.apache.coyote.AbstractProtocol.pause Pausing ProtocolHandler ["ajp-nio-8009"]
23-Dec-2019 16:18:25.716 信息 [main] org.apache.catalina.core.StandardService.stopInternal Stopping service Catalina
23-Dec-2019 16:18:25.778 信息 [main] org.apache.coyote.AbstractProtocol.stop Stopping ProtocolHandler ["http-nio-8080"]
23-Dec-2019 16:18:25.780 信息 [main] org.apache.coyote.AbstractProtocol.destroy Destroying ProtocolHandler ["http-nio-8080"]
23-Dec-2019 16:18:25.782 信息 [main] org.apache.coyote.AbstractProtocol.stop Stopping ProtocolHandler ["ajp-nio-8009"]
23-Dec-2019 16:18:25.782 信息 [main] org.apache.coyote.AbstractProtocol.destroy Destroying ProtocolHandler ["ajp-nio-8009"]
23-Dec-2019 16:18:53.603 信息 [main] org.apache.catalina.startup.VersionLoggerListener.log Server version:        Apache Tomcat/8.0.52
23-Dec-2019 16:18:53.609 信息 [main] org.apache.catalina.startup.VersionLoggerListener.log Server built:          Apr 28 2018 16:24:29 UTC
23-Dec-2019 16:18:53.609 信息 [main] org.apache.catalina.startup.VersionLoggerListener.log Server number:         8.0.52.0
23-Dec-2019 16:18:53.609 信息 [main] org.apache.catalina.startup.VersionLoggerListener.log OS Name:               Windows 10
23-Dec-2019 16:18:53.609 信息 [main] org.apache.catalina.startup.VersionLoggerListener.log OS Version:            10.0
23-Dec-2019 16:18:53.609 信息 [main] org.apache.catalina.startup.VersionLoggerListener.log Architecture:          amd64
23-Dec-2019 16:18:53.609 信息 [main] org.apache.catalina.startup.VersionLoggerListener.log Java Home:             C:\Program Files\Java\jdk1.8.0_181\jre
23-Dec-2019 16:18:53.610 信息 [main] org.apache.catalina.startup.VersionLoggerListener.log JVM Version:           1.8.0_181-b13
23-Dec-2019 16:18:53.610 信息 [main] org.apache.catalina.startup.VersionLoggerListener.log JVM Vendor:            Oracle Corporation
23-Dec-2019 16:18:53.610 信息 [main] org.apache.catalina.startup.VersionLoggerListener.log CATALINA_BASE:         F:\apache-tomcat-8.0.52
23-Dec-2019 16:18:53.610 信息 [main] org.apache.catalina.startup.VersionLoggerListener.log CATALINA_HOME:         F:\apache-tomcat-8.0.52
23-Dec-2019 16:18:53.610 信息 [main] org.apache.catalina.startup.VersionLoggerListener.log Command line argument: -Djava.util.logging.config.file=F:\apache-tomcat-8.0.52\conf\logging.properties
23-Dec-2019 16:18:53.611 信息 [main] org.apache.catalina.startup.VersionLoggerListener.log Command line argument: -Djava.util.logging.manager=org.apache.juli.ClassLoaderLogManager
23-Dec-2019 16:18:53.611 信息 [main] org.apache.catalina.startup.VersionLoggerListener.log Command line argument: -Djdk.tls.ephemeralDHKeySize=2048
23-Dec-2019 16:18:53.611 信息 [main] org.apache.catalina.startup.VersionLoggerListener.log Command line argument: -Djava.protocol.handler.pkgs=org.apache.catalina.webresources
23-Dec-2019 16:18:53.611 信息 [main] org.apache.catalina.startup.VersionLoggerListener.log Command line argument: -Dignore.endorsed.dirs=
23-Dec-2019 16:18:53.611 信息 [main] org.apache.catalina.startup.VersionLoggerListener.log Command line argument: -Dcatalina.base=F:\apache-tomcat-8.0.52
23-Dec-2019 16:18:53.612 信息 [main] org.apache.catalina.startup.VersionLoggerListener.log Command line argument: -Dcatalina.home=F:\apache-tomcat-8.0.52
23-Dec-2019 16:18:53.614 信息 [main] org.apache.catalina.startup.VersionLoggerListener.log Command line argument: -Djava.io.tmpdir=F:\apache-tomcat-8.0.52\temp
23-Dec-2019 16:18:53.619 信息 [main] org.apache.catalina.core.AprLifecycleListener.lifecycleEvent The APR based Apache Tomcat Native library which allows optimal performance in production environments was not found on the java.library.path: C:\Program Files\Java\jdk1.8.0_181\bin;C:\WINDOWS\Sun\Java\bin;C:\WINDOWS\system32;C:\WINDOWS;C:\Program Files (x86)\Common Files\Oracle\Java\javapath;C:\WINDOWS\system32;C:\WINDOWS;C:\WINDOWS\System32\Wbem;C:\WINDOWS\System32\WindowsPowerShell\v1.0\;C:\Program Files (x86)\Microsoft SQL Server\110\Tools\Binn\ManagementStudio\;C:\Program Files (x86)\Microsoft SQL Server\110\Tools\Binn\;C:\Program Files\Microsoft SQL Server\110\Tools\Binn\;C:\Program Files (x86)\Microsoft Visual Studio 10.0\Common7\IDE\PrivateAssemblies\;C:\Program Files (x86)\Microsoft SQL Server\110\DTS\Binn\;C:\Program Files\Microsoft SQL Server\110\DTS\Binn\;C:\Program Files\Java\jdk1.8.0_181\bin;C:\Program Files\Java\jdk1.8.0_181\jre\bin;C:\WINDOWS\System32\OpenSSH\;C:\Users\15718\AppData\Local\Microsoft\WindowsApps;F:\python\PyCharm 193.4932.14\bin;;F:\工作安装包\ssm框架\整合包\mysql\bin;;.
23-Dec-2019 16:18:53.836 信息 [main] org.apache.coyote.AbstractProtocol.init Initializing ProtocolHandler ["http-nio-8080"]
23-Dec-2019 16:18:53.851 严重 [main] org.apache.coyote.AbstractProtocol.init Failed to initialize end point associated with ProtocolHandler ["http-nio-8080"]
 java.net.BindException: Address already in use: bind
	at sun.nio.ch.Net.bind0(Native Method)
	at sun.nio.ch.Net.bind(Net.java:433)
	at sun.nio.ch.Net.bind(Net.java:425)
	at sun.nio.ch.ServerSocketChannelImpl.bind(ServerSocketChannelImpl.java:223)
	at sun.nio.ch.ServerSocketAdaptor.bind(ServerSocketAdaptor.java:74)
	at org.apache.tomcat.util.net.NioEndpoint.bind(NioEndpoint.java:350)
	at org.apache.tomcat.util.net.AbstractEndpoint.init(AbstractEndpoint.java:823)
	at org.apache.coyote.AbstractProtocol.init(AbstractProtocol.java:476)
	at org.apache.coyote.http11.AbstractHttp11JsseProtocol.init(AbstractHttp11JsseProtocol.java:120)
	at org.apache.catalina.connector.Connector.initInternal(Connector.java:960)
	at org.apache.catalina.util.LifecycleBase.init(LifecycleBase.java:102)
	at org.apache.catalina.core.StandardService.initInternal(StandardService.java:568)
	at org.apache.catalina.util.LifecycleBase.init(LifecycleBase.java:102)
	at org.apache.catalina.core.StandardServer.initInternal(StandardServer.java:871)
	at org.apache.catalina.util.LifecycleBase.init(LifecycleBase.java:102)
	at org.apache.catalina.startup.Catalina.load(Catalina.java:592)
	at org.apache.catalina.startup.Catalina.load(Catalina.java:615)
	at sun.reflect.NativeMethodAccessorImpl.invoke0(Native Method)
	at sun.reflect.NativeMethodAccessorImpl.invoke(NativeMethodAccessorImpl.java:62)
	at sun.reflect.DelegatingMethodAccessorImpl.invoke(DelegatingMethodAccessorImpl.java:43)
	at java.lang.reflect.Method.invoke(Method.java:498)
	at org.apache.catalina.startup.Bootstrap.load(Bootstrap.java:308)
	at org.apache.catalina.startup.Bootstrap.main(Bootstrap.java:482)

23-Dec-2019 16:18:53.853 严重 [main] org.apache.catalina.core.StandardService.initInternal Failed to initialize connector [Connector[HTTP/1.1-8080]]
 org.apache.catalina.LifecycleException: Failed to initialize component [Connector[HTTP/1.1-8080]]
	at org.apache.catalina.util.LifecycleBase.init(LifecycleBase.java:107)
	at org.apache.catalina.core.StandardService.initInternal(StandardService.java:568)
	at org.apache.catalina.util.LifecycleBase.init(LifecycleBase.java:102)
	at org.apache.catalina.core.StandardServer.initInternal(StandardServer.java:871)
	at org.apache.catalina.util.LifecycleBase.init(LifecycleBase.java:102)
	at org.apache.catalina.startup.Catalina.load(Catalina.java:592)
	at org.apache.catalina.startup.Catalina.load(Catalina.java:615)
	at sun.reflect.NativeMethodAccessorImpl.invoke0(Native Method)
	at sun.reflect.NativeMethodAccessorImpl.invoke(NativeMethodAccessorImpl.java:62)
	at sun.reflect.DelegatingMethodAccessorImpl.invoke(DelegatingMethodAccessorImpl.java:43)
	at java.lang.reflect.Method.invoke(Method.java:498)
	at org.apache.catalina.startup.Bootstrap.load(Bootstrap.java:308)
	at org.apache.catalina.startup.Bootstrap.main(Bootstrap.java:482)
Caused by: org.apache.catalina.LifecycleException: Protocol handler initialization failed
	at org.apache.catalina.connector.Connector.initInternal(Connector.java:962)
	at org.apache.catalina.util.LifecycleBase.init(LifecycleBase.java:102)
	... 12 more
Caused by: java.net.BindException: Address already in use: bind
	at sun.nio.ch.Net.bind0(Native Method)
	at sun.nio.ch.Net.bind(Net.java:433)
	at sun.nio.ch.Net.bind(Net.java:425)
	at sun.nio.ch.ServerSocketChannelImpl.bind(ServerSocketChannelImpl.java:223)
	at sun.nio.ch.ServerSocketAdaptor.bind(ServerSocketAdaptor.java:74)
	at org.apache.tomcat.util.net.NioEndpoint.bind(NioEndpoint.java:350)
	at org.apache.tomcat.util.net.AbstractEndpoint.init(AbstractEndpoint.java:823)
	at org.apache.coyote.AbstractProtocol.init(AbstractProtocol.java:476)
	at org.apache.coyote.http11.AbstractHttp11JsseProtocol.init(AbstractHttp11JsseProtocol.java:120)
	at org.apache.catalina.connector.Connector.initInternal(Connector.java:960)
	... 13 more

23-Dec-2019 16:18:53.854 信息 [main] org.apache.coyote.AbstractProtocol.init Initializing ProtocolHandler ["ajp-nio-8009"]
23-Dec-2019 16:18:53.856 严重 [main] org.apache.coyote.AbstractProtocol.init Failed to initialize end point associated with ProtocolHandler ["ajp-nio-8009"]
 java.net.BindException: Address already in use: bind
	at sun.nio.ch.Net.bind0(Native Method)
	at sun.nio.ch.Net.bind(Net.java:433)
	at sun.nio.ch.Net.bind(Net.java:425)
	at sun.nio.ch.ServerSocketChannelImpl.bind(ServerSocketChannelImpl.java:223)
	at sun.nio.ch.ServerSocketAdaptor.bind(ServerSocketAdaptor.java:74)
	at org.apache.tomcat.util.net.NioEndpoint.bind(NioEndpoint.java:350)
	at org.apache.tomcat.util.net.AbstractEndpoint.init(AbstractEndpoint.java:823)
	at org.apache.coyote.AbstractProtocol.init(AbstractProtocol.java:476)
	at org.apache.catalina.connector.Connector.initInternal(Connector.java:960)
	at org.apache.catalina.util.LifecycleBase.init(LifecycleBase.java:102)
	at org.apache.catalina.core.StandardService.initInternal(StandardService.java:568)
	at org.apache.catalina.util.LifecycleBase.init(LifecycleBase.java:102)
	at org.apache.catalina.core.StandardServer.initInternal(StandardServer.java:871)
	at org.apache.catalina.util.LifecycleBase.init(LifecycleBase.java:102)
	at org.apache.catalina.startup.Catalina.load(Catalina.java:592)
	at org.apache.catalina.startup.Catalina.load(Catalina.java:615)
	at sun.reflect.NativeMethodAccessorImpl.invoke0(Native Method)
	at sun.reflect.NativeMethodAccessorImpl.invoke(NativeMethodAccessorImpl.java:62)
	at sun.reflect.DelegatingMethodAccessorImpl.invoke(DelegatingMethodAccessorImpl.java:43)
	at java.lang.reflect.Method.invoke(Method.java:498)
	at org.apache.catalina.startup.Bootstrap.load(Bootstrap.java:308)
	at org.apache.catalina.startup.Bootstrap.main(Bootstrap.java:482)

23-Dec-2019 16:18:53.857 严重 [main] org.apache.catalina.core.StandardService.initInternal Failed to initialize connector [Connector[AJP/1.3-8009]]
 org.apache.catalina.LifecycleException: Failed to initialize component [Connector[AJP/1.3-8009]]
	at org.apache.catalina.util.LifecycleBase.init(LifecycleBase.java:107)
	at org.apache.catalina.core.StandardService.initInternal(StandardService.java:568)
	at org.apache.catalina.util.LifecycleBase.init(LifecycleBase.java:102)
	at org.apache.catalina.core.StandardServer.initInternal(StandardServer.java:871)
	at org.apache.catalina.util.LifecycleBase.init(LifecycleBase.java:102)
	at org.apache.catalina.startup.Catalina.load(Catalina.java:592)
	at org.apache.catalina.startup.Catalina.load(Catalina.java:615)
	at sun.reflect.NativeMethodAccessorImpl.invoke0(Native Method)
	at sun.reflect.NativeMethodAccessorImpl.invoke(NativeMethodAccessorImpl.java:62)
	at sun.reflect.DelegatingMethodAccessorImpl.invoke(DelegatingMethodAccessorImpl.java:43)
	at java.lang.reflect.Method.invoke(Method.java:498)
	at org.apache.catalina.startup.Bootstrap.load(Bootstrap.java:308)
	at org.apache.catalina.startup.Bootstrap.main(Bootstrap.java:482)
Caused by: org.apache.catalina.LifecycleException: Protocol handler initialization failed
	at org.apache.catalina.connector.Connector.initInternal(Connector.java:962)
	at org.apache.catalina.util.LifecycleBase.init(LifecycleBase.java:102)
	... 12 more
Caused by: java.net.BindException: Address already in use: bind
	at sun.nio.ch.Net.bind0(Native Method)
	at sun.nio.ch.Net.bind(Net.java:433)
	at sun.nio.ch.Net.bind(Net.java:425)
	at sun.nio.ch.ServerSocketChannelImpl.bind(ServerSocketChannelImpl.java:223)
	at sun.nio.ch.ServerSocketAdaptor.bind(ServerSocketAdaptor.java:74)
	at org.apache.tomcat.util.net.NioEndpoint.bind(NioEndpoint.java:350)
	at org.apache.tomcat.util.net.AbstractEndpoint.init(AbstractEndpoint.java:823)
	at org.apache.coyote.AbstractProtocol.init(AbstractProtocol.java:476)
	at org.apache.catalina.connector.Connector.initInternal(Connector.java:960)
	... 13 more

23-Dec-2019 16:18:53.858 信息 [main] org.apache.catalina.startup.Catalina.load Initialization processed in 864 ms
23-Dec-2019 16:18:53.892 信息 [main] org.apache.catalina.core.StandardService.startInternal Starting service Catalina
23-Dec-2019 16:18:53.893 信息 [main] org.apache.catalina.core.StandardEngine.startInternal Starting Servlet Engine: Apache Tomcat/8.0.52
23-Dec-2019 16:18:53.905 信息 [localhost-startStop-1] org.apache.catalina.startup.HostConfig.deployDirectory Deploying web application directory F:\apache-tomcat-8.0.52\webapps\docs
23-Dec-2019 16:18:54.797 警告 [localhost-startStop-1] org.apache.catalina.util.SessionIdGeneratorBase.createSecureRandom Creation of SecureRandom instance for session ID generation using [SHA1PRNG] took [506] milliseconds.
23-Dec-2019 16:18:54.835 信息 [localhost-startStop-1] org.apache.catalina.startup.HostConfig.deployDirectory Deployment of web application directory F:\apache-tomcat-8.0.52\webapps\docs has finished in 930 ms
23-Dec-2019 16:18:54.836 信息 [localhost-startStop-1] org.apache.catalina.startup.HostConfig.deployDirectory Deploying web application directory F:\apache-tomcat-8.0.52\webapps\examples
23-Dec-2019 16:18:55.465 信息 [localhost-startStop-1] org.apache.catalina.startup.HostConfig.deployDirectory Deployment of web application directory F:\apache-tomcat-8.0.52\webapps\examples has finished in 629 ms
23-Dec-2019 16:18:55.466 信息 [localhost-startStop-1] org.apache.catalina.startup.HostConfig.deployDirectory Deploying web application directory F:\apache-tomcat-8.0.52\webapps\host-manager
23-Dec-2019 16:18:55.510 信息 [localhost-startStop-1] org.apache.catalina.startup.HostConfig.deployDirectory Deployment of web application directory F:\apache-tomcat-8.0.52\webapps\host-manager has finished in 44 ms
23-Dec-2019 16:18:55.511 信息 [localhost-startStop-1] org.apache.catalina.startup.HostConfig.deployDirectory Deploying web application directory F:\apache-tomcat-8.0.52\webapps\manager
23-Dec-2019 16:18:55.565 信息 [localhost-startStop-1] org.apache.catalina.startup.HostConfig.deployDirectory Deployment of web application directory F:\apache-tomcat-8.0.52\webapps\manager has finished in 53 ms
23-Dec-2019 16:18:55.565 信息 [localhost-startStop-1] org.apache.catalina.startup.HostConfig.deployDirectory Deploying web application directory F:\apache-tomcat-8.0.52\webapps\ROOT
23-Dec-2019 16:18:55.593 信息 [localhost-startStop-1] org.apache.catalina.startup.HostConfig.deployDirectory Deployment of web application directory F:\apache-tomcat-8.0.52\webapps\ROOT has finished in 28 ms
23-Dec-2019 16:18:55.593 信息 [localhost-startStop-1] org.apache.catalina.startup.HostConfig.deployDirectory Deploying web application directory F:\apache-tomcat-8.0.52\webapps\solr
23-Dec-2019 16:19:01.136 信息 [localhost-startStop-1] org.apache.jasper.servlet.TldScanner.scanJars At least one JAR was scanned for TLDs yet contained no TLDs. Enable debug logging for this logger for a complete list of JARs that were scanned but no TLDs were found in them. Skipping unneeded JARs during scanning can improve startup time and JSP compilation time.
23-Dec-2019 16:19:05.805 信息 [localhost-startStop-1] org.apache.catalina.startup.HostConfig.deployDirectory Deployment of web application directory F:\apache-tomcat-8.0.52\webapps\solr has finished in 10,212 ms
23-Dec-2019 16:19:05.811 信息 [main] org.apache.catalina.startup.Catalina.start Server startup in 11952 ms
23-Dec-2019 16:20:14.938 信息 [main] org.apache.catalina.startup.VersionLoggerListener.log Server version:        Apache Tomcat/8.0.52
23-Dec-2019 16:20:14.943 信息 [main] org.apache.catalina.startup.VersionLoggerListener.log Server built:          Apr 28 2018 16:24:29 UTC
23-Dec-2019 16:20:14.943 信息 [main] org.apache.catalina.startup.VersionLoggerListener.log Server number:         8.0.52.0
23-Dec-2019 16:20:14.943 信息 [main] org.apache.catalina.startup.VersionLoggerListener.log OS Name:               Windows 10
23-Dec-2019 16:20:14.943 信息 [main] org.apache.catalina.startup.VersionLoggerListener.log OS Version:            10.0
23-Dec-2019 16:20:14.943 信息 [main] org.apache.catalina.startup.VersionLoggerListener.log Architecture:          amd64
23-Dec-2019 16:20:14.943 信息 [main] org.apache.catalina.startup.VersionLoggerListener.log Java Home:             C:\Program Files\Java\jdk1.8.0_181\jre
23-Dec-2019 16:20:14.944 信息 [main] org.apache.catalina.startup.VersionLoggerListener.log JVM Version:           1.8.0_181-b13
23-Dec-2019 16:20:14.945 信息 [main] org.apache.catalina.startup.VersionLoggerListener.log JVM Vendor:            Oracle Corporation
23-Dec-2019 16:20:14.945 信息 [main] org.apache.catalina.startup.VersionLoggerListener.log CATALINA_BASE:         F:\apache-tomcat-8.0.52
23-Dec-2019 16:20:14.945 信息 [main] org.apache.catalina.startup.VersionLoggerListener.log CATALINA_HOME:         F:\apache-tomcat-8.0.52
23-Dec-2019 16:20:14.945 信息 [main] org.apache.catalina.startup.VersionLoggerListener.log Command line argument: -Djava.util.logging.config.file=F:\apache-tomcat-8.0.52\conf\logging.properties
23-Dec-2019 16:20:14.946 信息 [main] org.apache.catalina.startup.VersionLoggerListener.log Command line argument: -Djava.util.logging.manager=org.apache.juli.ClassLoaderLogManager
23-Dec-2019 16:20:14.946 信息 [main] org.apache.catalina.startup.VersionLoggerListener.log Command line argument: -Djdk.tls.ephemeralDHKeySize=2048
23-Dec-2019 16:20:14.946 信息 [main] org.apache.catalina.startup.VersionLoggerListener.log Command line argument: -Djava.protocol.handler.pkgs=org.apache.catalina.webresources
23-Dec-2019 16:20:14.946 信息 [main] org.apache.catalina.startup.VersionLoggerListener.log Command line argument: -Dignore.endorsed.dirs=
23-Dec-2019 16:20:14.946 信息 [main] org.apache.catalina.startup.VersionLoggerListener.log Command line argument: -Dcatalina.base=F:\apache-tomcat-8.0.52
23-Dec-2019 16:20:14.947 信息 [main] org.apache.catalina.startup.VersionLoggerListener.log Command line argument: -Dcatalina.home=F:\apache-tomcat-8.0.52
23-Dec-2019 16:20:14.947 信息 [main] org.apache.catalina.startup.VersionLoggerListener.log Command line argument: -Djava.io.tmpdir=F:\apache-tomcat-8.0.52\temp
23-Dec-2019 16:20:14.953 信息 [main] org.apache.catalina.core.AprLifecycleListener.lifecycleEvent The APR based Apache Tomcat Native library which allows optimal performance in production environments was not found on the java.library.path: C:\Program Files\Java\jdk1.8.0_181\bin;C:\WINDOWS\Sun\Java\bin;C:\WINDOWS\system32;C:\WINDOWS;C:\Program Files (x86)\Common Files\Oracle\Java\javapath;C:\WINDOWS\system32;C:\WINDOWS;C:\WINDOWS\System32\Wbem;C:\WINDOWS\System32\WindowsPowerShell\v1.0\;C:\Program Files (x86)\Microsoft SQL Server\110\Tools\Binn\ManagementStudio\;C:\Program Files (x86)\Microsoft SQL Server\110\Tools\Binn\;C:\Program Files\Microsoft SQL Server\110\Tools\Binn\;C:\Program Files (x86)\Microsoft Visual Studio 10.0\Common7\IDE\PrivateAssemblies\;C:\Program Files (x86)\Microsoft SQL Server\110\DTS\Binn\;C:\Program Files\Microsoft SQL Server\110\DTS\Binn\;C:\Program Files\Java\jdk1.8.0_181\bin;C:\Program Files\Java\jdk1.8.0_181\jre\bin;C:\WINDOWS\System32\OpenSSH\;C:\Users\15718\AppData\Local\Microsoft\WindowsApps;F:\python\PyCharm 193.4932.14\bin;;F:\工作安装包\ssm框架\整合包\mysql\bin;;.
23-Dec-2019 16:20:15.138 信息 [main] org.apache.coyote.AbstractProtocol.init Initializing ProtocolHandler ["http-nio-8080"]
23-Dec-2019 16:20:15.618 信息 [main] org.apache.tomcat.util.net.NioSelectorPool.getSharedSelector Using a shared selector for servlet write/read
23-Dec-2019 16:20:15.621 信息 [main] org.apache.coyote.AbstractProtocol.init Initializing ProtocolHandler ["ajp-nio-8009"]
23-Dec-2019 16:20:15.625 信息 [main] org.apache.tomcat.util.net.NioSelectorPool.getSharedSelector Using a shared selector for servlet write/read
23-Dec-2019 16:20:15.626 信息 [main] org.apache.catalina.startup.Catalina.load Initialization processed in 1248 ms
23-Dec-2019 16:20:15.657 信息 [main] org.apache.catalina.core.StandardService.startInternal Starting service Catalina
23-Dec-2019 16:20:15.657 信息 [main] org.apache.catalina.core.StandardEngine.startInternal Starting Servlet Engine: Apache Tomcat/8.0.52
23-Dec-2019 16:20:15.670 信息 [localhost-startStop-1] org.apache.catalina.startup.HostConfig.deployDirectory Deploying web application directory F:\apache-tomcat-8.0.52\webapps\docs
23-Dec-2019 16:20:16.049 信息 [localhost-startStop-1] org.apache.catalina.startup.HostConfig.deployDirectory Deployment of web application directory F:\apache-tomcat-8.0.52\webapps\docs has finished in 379 ms
23-Dec-2019 16:20:16.050 信息 [localhost-startStop-1] org.apache.catalina.startup.HostConfig.deployDirectory Deploying web application directory F:\apache-tomcat-8.0.52\webapps\examples
23-Dec-2019 16:20:16.581 信息 [localhost-startStop-1] org.apache.catalina.startup.HostConfig.deployDirectory Deployment of web application directory F:\apache-tomcat-8.0.52\webapps\examples has finished in 531 ms
23-Dec-2019 16:20:16.582 信息 [localhost-startStop-1] org.apache.catalina.startup.HostConfig.deployDirectory Deploying web application directory F:\apache-tomcat-8.0.52\webapps\host-manager
23-Dec-2019 16:20:16.622 信息 [localhost-startStop-1] org.apache.catalina.startup.HostConfig.deployDirectory Deployment of web application directory F:\apache-tomcat-8.0.52\webapps\host-manager has finished in 40 ms
23-Dec-2019 16:20:16.622 信息 [localhost-startStop-1] org.apache.catalina.startup.HostConfig.deployDirectory Deploying web application directory F:\apache-tomcat-8.0.52\webapps\manager
23-Dec-2019 16:20:16.664 信息 [localhost-startStop-1] org.apache.catalina.startup.HostConfig.deployDirectory Deployment of web application directory F:\apache-tomcat-8.0.52\webapps\manager has finished in 42 ms
23-Dec-2019 16:20:16.664 信息 [localhost-startStop-1] org.apache.catalina.startup.HostConfig.deployDirectory Deploying web application directory F:\apache-tomcat-8.0.52\webapps\ROOT
23-Dec-2019 16:20:16.690 信息 [localhost-startStop-1] org.apache.catalina.startup.HostConfig.deployDirectory Deployment of web application directory F:\apache-tomcat-8.0.52\webapps\ROOT has finished in 26 ms
23-Dec-2019 16:20:16.690 信息 [localhost-startStop-1] org.apache.catalina.startup.HostConfig.deployDirectory Deploying web application directory F:\apache-tomcat-8.0.52\webapps\solr
23-Dec-2019 16:20:20.082 信息 [localhost-startStop-1] org.apache.jasper.servlet.TldScanner.scanJars At least one JAR was scanned for TLDs yet contained no TLDs. Enable debug logging for this logger for a complete list of JARs that were scanned but no TLDs were found in them. Skipping unneeded JARs during scanning can improve startup time and JSP compilation time.
23-Dec-2019 16:20:24.964 信息 [localhost-startStop-1] org.apache.catalina.startup.HostConfig.deployDirectory Deployment of web application directory F:\apache-tomcat-8.0.52\webapps\solr has finished in 8,274 ms
23-Dec-2019 16:20:24.970 信息 [main] org.apache.coyote.AbstractProtocol.start Starting ProtocolHandler ["http-nio-8080"]
23-Dec-2019 16:20:24.982 信息 [main] org.apache.coyote.AbstractProtocol.start Starting ProtocolHandler ["ajp-nio-8009"]
23-Dec-2019 16:20:24.987 信息 [main] org.apache.catalina.startup.Catalina.start Server startup in 9361 ms
23-Dec-2019 16:21:28.838 信息 [Thread-6] org.apache.coyote.AbstractProtocol.pause Pausing ProtocolHandler ["http-nio-8080"]
23-Dec-2019 16:21:28.913 信息 [Thread-6] org.apache.coyote.AbstractProtocol.pause Pausing ProtocolHandler ["ajp-nio-8009"]
23-Dec-2019 16:21:28.965 信息 [Thread-6] org.apache.catalina.core.StandardService.stopInternal Stopping service Catalina
23-Dec-2019 16:21:29.054 严重 [localhost-startStop-2] org.apache.catalina.loader.WebappClassLoaderBase.checkThreadLocalMapForLeaks The web application [solr] created a ThreadLocal with key of type [org.apache.solr.schema.DateField.ThreadLocalDateFormat] (value [org.apache.solr.schema.DateField$ThreadLocalDateFormat@5f0481c8]) and a value of type [org.apache.solr.schema.DateField.ISO8601CanonicalDateFormat] (value [org.apache.solr.schema.DateField$ISO8601CanonicalDateFormat@6b2ed43a]) but failed to remove it when the web application was stopped. Threads are going to be renewed over time to try and avoid a probable memory leak.
23-Dec-2019 16:21:29.055 严重 [localhost-startStop-2] org.apache.catalina.loader.WebappClassLoaderBase.checkThreadLocalMapForLeaks The web application [solr] created a ThreadLocal with key of type [org.apache.solr.schema.DateField.ThreadLocalDateFormat] (value [org.apache.solr.schema.DateField$ThreadLocalDateFormat@5f0481c8]) and a value of type [org.apache.solr.schema.DateField.ISO8601CanonicalDateFormat] (value [org.apache.solr.schema.DateField$ISO8601CanonicalDateFormat@6b2ed43a]) but failed to remove it when the web application was stopped. Threads are going to be renewed over time to try and avoid a probable memory leak.
23-Dec-2019 16:21:29.055 严重 [localhost-startStop-2] org.apache.catalina.loader.WebappClassLoaderBase.checkThreadLocalMapForLeaks The web application [solr] created a ThreadLocal with key of type [org.apache.solr.schema.DateField.ThreadLocalDateFormat] (value [org.apache.solr.schema.DateField$ThreadLocalDateFormat@5f0481c8]) and a value of type [org.apache.solr.schema.DateField.ISO8601CanonicalDateFormat] (value [org.apache.solr.schema.DateField$ISO8601CanonicalDateFormat@6b2ed43a]) but failed to remove it when the web application was stopped. Threads are going to be renewed over time to try and avoid a probable memory leak.
23-Dec-2019 16:21:29.056 严重 [localhost-startStop-2] org.apache.catalina.loader.WebappClassLoaderBase.checkThreadLocalMapForLeaks The web application [solr] created a ThreadLocal with key of type [org.apache.solr.schema.DateField.ThreadLocalDateFormat] (value [org.apache.solr.schema.DateField$ThreadLocalDateFormat@5f0481c8]) and a value of type [org.apache.solr.schema.DateField.ISO8601CanonicalDateFormat] (value [org.apache.solr.schema.DateField$ISO8601CanonicalDateFormat@6b2ed43a]) but failed to remove it when the web application was stopped. Threads are going to be renewed over time to try and avoid a probable memory leak.
23-Dec-2019 16:21:29.057 严重 [localhost-startStop-2] org.apache.catalina.loader.WebappClassLoaderBase.checkThreadLocalMapForLeaks The web application [solr] created a ThreadLocal with key of type [org.apache.solr.schema.DateField.ThreadLocalDateFormat] (value [org.apache.solr.schema.DateField$ThreadLocalDateFormat@5f0481c8]) and a value of type [org.apache.solr.schema.DateField.ISO8601CanonicalDateFormat] (value [org.apache.solr.schema.DateField$ISO8601CanonicalDateFormat@6b2ed43a]) but failed to remove it when the web application was stopped. Threads are going to be renewed over time to try and avoid a probable memory leak.
23-Dec-2019 16:21:29.058 严重 [localhost-startStop-2] org.apache.catalina.loader.WebappClassLoaderBase.checkThreadLocalMapForLeaks The web application [solr] created a ThreadLocal with key of type [org.apache.solr.schema.DateField.ThreadLocalDateFormat] (value [org.apache.solr.schema.DateField$ThreadLocalDateFormat@5f0481c8]) and a value of type [org.apache.solr.schema.DateField.ISO8601CanonicalDateFormat] (value [org.apache.solr.schema.DateField$ISO8601CanonicalDateFormat@6b2ed43a]) but failed to remove it when the web application was stopped. Threads are going to be renewed over time to try and avoid a probable memory leak.
23-Dec-2019 16:21:29.068 信息 [Thread-6] org.apache.coyote.AbstractProtocol.stop Stopping ProtocolHandler ["http-nio-8080"]
23-Dec-2019 16:21:29.089 信息 [Thread-6] org.apache.coyote.AbstractProtocol.stop Stopping ProtocolHandler ["ajp-nio-8009"]
23-Dec-2019 16:21:29.097 信息 [Thread-6] org.apache.coyote.AbstractProtocol.destroy Destroying ProtocolHandler ["http-nio-8080"]
23-Dec-2019 16:21:29.098 信息 [Thread-6] org.apache.coyote.AbstractProtocol.destroy Destroying ProtocolHandler ["ajp-nio-8009"]
23-Dec-2019 16:24:09.134 信息 [main] org.apache.catalina.startup.VersionLoggerListener.log Server version:        Apache Tomcat/8.0.52
23-Dec-2019 16:24:09.137 信息 [main] org.apache.catalina.startup.VersionLoggerListener.log Server built:          Apr 28 2018 16:24:29 UTC
23-Dec-2019 16:24:09.138 信息 [main] org.apache.catalina.startup.VersionLoggerListener.log Server number:         8.0.52.0
23-Dec-2019 16:24:09.138 信息 [main] org.apache.catalina.startup.VersionLoggerListener.log OS Name:               Windows 10
23-Dec-2019 16:24:09.138 信息 [main] org.apache.catalina.startup.VersionLoggerListener.log OS Version:            10.0
23-Dec-2019 16:24:09.139 信息 [main] org.apache.catalina.startup.VersionLoggerListener.log Architecture:          amd64
23-Dec-2019 16:24:09.139 信息 [main] org.apache.catalina.startup.VersionLoggerListener.log Java Home:             C:\Program Files\Java\jdk1.8.0_181\jre
23-Dec-2019 16:24:09.139 信息 [main] org.apache.catalina.startup.VersionLoggerListener.log JVM Version:           1.8.0_181-b13
23-Dec-2019 16:24:09.139 信息 [main] org.apache.catalina.startup.VersionLoggerListener.log JVM Vendor:            Oracle Corporation
23-Dec-2019 16:24:09.139 信息 [main] org.apache.catalina.startup.VersionLoggerListener.log CATALINA_BASE:         F:\apache-tomcat-8.0.52 - 副本
23-Dec-2019 16:24:09.140 信息 [main] org.apache.catalina.startup.VersionLoggerListener.log CATALINA_HOME:         F:\apache-tomcat-8.0.52 - 副本
23-Dec-2019 16:24:09.140 信息 [main] org.apache.catalina.startup.VersionLoggerListener.log Command line argument: -Djava.util.logging.config.file=F:\apache-tomcat-8.0.52 - 副本\conf\logging.properties
23-Dec-2019 16:24:09.140 信息 [main] org.apache.catalina.startup.VersionLoggerListener.log Command line argument: -Djava.util.logging.manager=org.apache.juli.ClassLoaderLogManager
23-Dec-2019 16:24:09.140 信息 [main] org.apache.catalina.startup.VersionLoggerListener.log Command line argument: -Djdk.tls.ephemeralDHKeySize=2048
23-Dec-2019 16:24:09.141 信息 [main] org.apache.catalina.startup.VersionLoggerListener.log Command line argument: -Djava.protocol.handler.pkgs=org.apache.catalina.webresources
23-Dec-2019 16:24:09.141 信息 [main] org.apache.catalina.startup.VersionLoggerListener.log Command line argument: -Dignore.endorsed.dirs=
23-Dec-2019 16:24:09.141 信息 [main] org.apache.catalina.startup.VersionLoggerListener.log Command line argument: -Dcatalina.base=F:\apache-tomcat-8.0.52 - 副本
23-Dec-2019 16:24:09.142 信息 [main] org.apache.catalina.startup.VersionLoggerListener.log Command line argument: -Dcatalina.home=F:\apache-tomcat-8.0.52 - 副本
23-Dec-2019 16:24:09.142 信息 [main] org.apache.catalina.startup.VersionLoggerListener.log Command line argument: -Djava.io.tmpdir=F:\apache-tomcat-8.0.52 - 副本\temp
23-Dec-2019 16:24:09.147 信息 [main] org.apache.catalina.core.AprLifecycleListener.lifecycleEvent The APR based Apache Tomcat Native library which allows optimal performance in production environments was not found on the java.library.path: C:\Program Files\Java\jdk1.8.0_181\bin;C:\WINDOWS\Sun\Java\bin;C:\WINDOWS\system32;C:\WINDOWS;C:\Program Files (x86)\Common Files\Oracle\Java\javapath;C:\WINDOWS\system32;C:\WINDOWS;C:\WINDOWS\System32\Wbem;C:\WINDOWS\System32\WindowsPowerShell\v1.0\;C:\Program Files (x86)\Microsoft SQL Server\110\Tools\Binn\ManagementStudio\;C:\Program Files (x86)\Microsoft SQL Server\110\Tools\Binn\;C:\Program Files\Microsoft SQL Server\110\Tools\Binn\;C:\Program Files (x86)\Microsoft Visual Studio 10.0\Common7\IDE\PrivateAssemblies\;C:\Program Files (x86)\Microsoft SQL Server\110\DTS\Binn\;C:\Program Files\Microsoft SQL Server\110\DTS\Binn\;C:\Program Files\Java\jdk1.8.0_181\bin;C:\Program Files\Java\jdk1.8.0_181\jre\bin;C:\WINDOWS\System32\OpenSSH\;C:\Users\15718\AppData\Local\Microsoft\WindowsApps;F:\python\PyCharm 193.4932.14\bin;;F:\工作安装包\ssm框架\整合包\mysql\bin;;.
23-Dec-2019 16:24:09.331 信息 [main] org.apache.coyote.AbstractProtocol.init Initializing ProtocolHandler ["http-nio-8081"]
23-Dec-2019 16:24:09.808 信息 [main] org.apache.tomcat.util.net.NioSelectorPool.getSharedSelector Using a shared selector for servlet write/read
23-Dec-2019 16:24:09.811 信息 [main] org.apache.coyote.AbstractProtocol.init Initializing ProtocolHandler ["ajp-nio-8009"]
23-Dec-2019 16:24:09.814 信息 [main] org.apache.tomcat.util.net.NioSelectorPool.getSharedSelector Using a shared selector for servlet write/read
23-Dec-2019 16:24:09.815 信息 [main] org.apache.catalina.startup.Catalina.load Initialization processed in 1240 ms
23-Dec-2019 16:24:09.848 信息 [main] org.apache.catalina.core.StandardService.startInternal Starting service Catalina
23-Dec-2019 16:24:09.849 信息 [main] org.apache.catalina.core.StandardEngine.startInternal Starting Servlet Engine: Apache Tomcat/8.0.52
23-Dec-2019 16:24:09.870 信息 [localhost-startStop-1] org.apache.catalina.startup.HostConfig.deployDirectory Deploying web application directory F:\apache-tomcat-8.0.52 - 副本\webapps\docs
23-Dec-2019 16:24:10.272 信息 [localhost-startStop-1] org.apache.catalina.startup.HostConfig.deployDirectory Deployment of web application directory F:\apache-tomcat-8.0.52 - 副本\webapps\docs has finished in 409 ms
23-Dec-2019 16:24:10.272 信息 [localhost-startStop-1] org.apache.catalina.startup.HostConfig.deployDirectory Deploying web application directory F:\apache-tomcat-8.0.52 - 副本\webapps\examples
23-Dec-2019 16:24:10.805 信息 [localhost-startStop-1] org.apache.catalina.startup.HostConfig.deployDirectory Deployment of web application directory F:\apache-tomcat-8.0.52 - 副本\webapps\examples has finished in 532 ms
23-Dec-2019 16:24:10.805 信息 [localhost-startStop-1] org.apache.catalina.startup.HostConfig.deployDirectory Deploying web application directory F:\apache-tomcat-8.0.52 - 副本\webapps\host-manager
23-Dec-2019 16:24:10.844 信息 [localhost-startStop-1] org.apache.catalina.startup.HostConfig.deployDirectory Deployment of web application directory F:\apache-tomcat-8.0.52 - 副本\webapps\host-manager has finished in 39 ms
23-Dec-2019 16:24:10.846 信息 [localhost-startStop-1] org.apache.catalina.startup.HostConfig.deployDirectory Deploying web application directory F:\apache-tomcat-8.0.52 - 副本\webapps\manager
23-Dec-2019 16:24:10.893 信息 [localhost-startStop-1] org.apache.catalina.startup.HostConfig.deployDirectory Deployment of web application directory F:\apache-tomcat-8.0.52 - 副本\webapps\manager has finished in 47 ms
23-Dec-2019 16:24:10.895 信息 [localhost-startStop-1] org.apache.catalina.startup.HostConfig.deployDirectory Deploying web application directory F:\apache-tomcat-8.0.52 - 副本\webapps\ROOT
23-Dec-2019 16:24:10.923 信息 [localhost-startStop-1] org.apache.catalina.startup.HostConfig.deployDirectory Deployment of web application directory F:\apache-tomcat-8.0.52 - 副本\webapps\ROOT has finished in 28 ms
23-Dec-2019 16:24:10.923 信息 [localhost-startStop-1] org.apache.catalina.startup.HostConfig.deployDirectory Deploying web application directory F:\apache-tomcat-8.0.52 - 副本\webapps\solr
23-Dec-2019 16:24:14.193 信息 [localhost-startStop-1] org.apache.jasper.servlet.TldScanner.scanJars At least one JAR was scanned for TLDs yet contained no TLDs. Enable debug logging for this logger for a complete list of JARs that were scanned but no TLDs were found in them. Skipping unneeded JARs during scanning can improve startup time and JSP compilation time.
23-Dec-2019 16:24:18.029 信息 [localhost-startStop-1] org.apache.catalina.startup.HostConfig.deployDirectory Deployment of web application directory F:\apache-tomcat-8.0.52 - 副本\webapps\solr has finished in 7,106 ms
23-Dec-2019 16:24:18.033 信息 [main] org.apache.coyote.AbstractProtocol.start Starting ProtocolHandler ["http-nio-8081"]
23-Dec-2019 16:24:18.046 信息 [main] org.apache.coyote.AbstractProtocol.start Starting ProtocolHandler ["ajp-nio-8009"]
23-Dec-2019 16:24:18.050 信息 [main] org.apache.catalina.startup.Catalina.start Server startup in 8234 ms
23-Dec-2019 16:27:07.954 信息 [main] org.apache.catalina.startup.VersionLoggerListener.log Server version:        Apache Tomcat/8.0.52
23-Dec-2019 16:27:07.959 信息 [main] org.apache.catalina.startup.VersionLoggerListener.log Server built:          Apr 28 2018 16:24:29 UTC
23-Dec-2019 16:27:07.959 信息 [main] org.apache.catalina.startup.VersionLoggerListener.log Server number:         8.0.52.0
23-Dec-2019 16:27:07.959 信息 [main] org.apache.catalina.startup.VersionLoggerListener.log OS Name:               Windows 10
23-Dec-2019 16:27:07.959 信息 [main] org.apache.catalina.startup.VersionLoggerListener.log OS Version:            10.0
23-Dec-2019 16:27:07.959 信息 [main] org.apache.catalina.startup.VersionLoggerListener.log Architecture:          amd64
23-Dec-2019 16:27:07.959 信息 [main] org.apache.catalina.startup.VersionLoggerListener.log Java Home:             C:\Program Files\Java\jdk1.8.0_181\jre
23-Dec-2019 16:27:07.960 信息 [main] org.apache.catalina.startup.VersionLoggerListener.log JVM Version:           1.8.0_181-b13
23-Dec-2019 16:27:07.960 信息 [main] org.apache.catalina.startup.VersionLoggerListener.log JVM Vendor:            Oracle Corporation
23-Dec-2019 16:27:07.960 信息 [main] org.apache.catalina.startup.VersionLoggerListener.log CATALINA_BASE:         F:\tomcatsolr
23-Dec-2019 16:27:07.961 信息 [main] org.apache.catalina.startup.VersionLoggerListener.log CATALINA_HOME:         F:\tomcatsolr
23-Dec-2019 16:27:07.961 信息 [main] org.apache.catalina.startup.VersionLoggerListener.log Command line argument: -Djava.util.logging.config.file=F:\tomcatsolr\conf\logging.properties
23-Dec-2019 16:27:07.961 信息 [main] org.apache.catalina.startup.VersionLoggerListener.log Command line argument: -Djava.util.logging.manager=org.apache.juli.ClassLoaderLogManager
23-Dec-2019 16:27:07.961 信息 [main] org.apache.catalina.startup.VersionLoggerListener.log Command line argument: -Djdk.tls.ephemeralDHKeySize=2048
23-Dec-2019 16:27:07.962 信息 [main] org.apache.catalina.startup.VersionLoggerListener.log Command line argument: -Djava.protocol.handler.pkgs=org.apache.catalina.webresources
23-Dec-2019 16:27:07.962 信息 [main] org.apache.catalina.startup.VersionLoggerListener.log Command line argument: -Dignore.endorsed.dirs=
23-Dec-2019 16:27:07.962 信息 [main] org.apache.catalina.startup.VersionLoggerListener.log Command line argument: -Dcatalina.base=F:\tomcatsolr
23-Dec-2019 16:27:07.963 信息 [main] org.apache.catalina.startup.VersionLoggerListener.log Command line argument: -Dcatalina.home=F:\tomcatsolr
23-Dec-2019 16:27:07.963 信息 [main] org.apache.catalina.startup.VersionLoggerListener.log Command line argument: -Djava.io.tmpdir=F:\tomcatsolr\temp
23-Dec-2019 16:27:07.968 信息 [main] org.apache.catalina.core.AprLifecycleListener.lifecycleEvent The APR based Apache Tomcat Native library which allows optimal performance in production environments was not found on the java.library.path: C:\Program Files\Java\jdk1.8.0_181\bin;C:\WINDOWS\Sun\Java\bin;C:\WINDOWS\system32;C:\WINDOWS;C:\Program Files (x86)\Common Files\Oracle\Java\javapath;C:\WINDOWS\system32;C:\WINDOWS;C:\WINDOWS\System32\Wbem;C:\WINDOWS\System32\WindowsPowerShell\v1.0\;C:\Program Files (x86)\Microsoft SQL Server\110\Tools\Binn\ManagementStudio\;C:\Program Files (x86)\Microsoft SQL Server\110\Tools\Binn\;C:\Program Files\Microsoft SQL Server\110\Tools\Binn\;C:\Program Files (x86)\Microsoft Visual Studio 10.0\Common7\IDE\PrivateAssemblies\;C:\Program Files (x86)\Microsoft SQL Server\110\DTS\Binn\;C:\Program Files\Microsoft SQL Server\110\DTS\Binn\;C:\Program Files\Java\jdk1.8.0_181\bin;C:\Program Files\Java\jdk1.8.0_181\jre\bin;C:\WINDOWS\System32\OpenSSH\;C:\Users\15718\AppData\Local\Microsoft\WindowsApps;F:\python\PyCharm 193.4932.14\bin;;F:\工作安装包\ssm框架\整合包\mysql\bin;;.
23-Dec-2019 16:27:08.171 信息 [main] org.apache.coyote.AbstractProtocol.init Initializing ProtocolHandler ["http-nio-8081"]
23-Dec-2019 16:27:08.688 信息 [main] org.apache.tomcat.util.net.NioSelectorPool.getSharedSelector Using a shared selector for servlet write/read
23-Dec-2019 16:27:08.691 信息 [main] org.apache.coyote.AbstractProtocol.init Initializing ProtocolHandler ["ajp-nio-8009"]
23-Dec-2019 16:27:08.696 信息 [main] org.apache.tomcat.util.net.NioSelectorPool.getSharedSelector Using a shared selector for servlet write/read
23-Dec-2019 16:27:08.697 信息 [main] org.apache.catalina.startup.Catalina.load Initialization processed in 1306 ms
23-Dec-2019 16:27:08.733 信息 [main] org.apache.catalina.core.StandardService.startInternal Starting service Catalina
23-Dec-2019 16:27:08.733 信息 [main] org.apache.catalina.core.StandardEngine.startInternal Starting Servlet Engine: Apache Tomcat/8.0.52
23-Dec-2019 16:27:08.745 信息 [localhost-startStop-1] org.apache.catalina.startup.HostConfig.deployDirectory Deploying web application directory F:\tomcatsolr\webapps\docs
23-Dec-2019 16:27:09.128 信息 [localhost-startStop-1] org.apache.catalina.startup.HostConfig.deployDirectory Deployment of web application directory F:\tomcatsolr\webapps\docs has finished in 383 ms
23-Dec-2019 16:27:09.129 信息 [localhost-startStop-1] org.apache.catalina.startup.HostConfig.deployDirectory Deploying web application directory F:\tomcatsolr\webapps\examples
23-Dec-2019 16:27:09.704 信息 [localhost-startStop-1] org.apache.catalina.startup.HostConfig.deployDirectory Deployment of web application directory F:\tomcatsolr\webapps\examples has finished in 575 ms
23-Dec-2019 16:27:09.704 信息 [localhost-startStop-1] org.apache.catalina.startup.HostConfig.deployDirectory Deploying web application directory F:\tomcatsolr\webapps\host-manager
23-Dec-2019 16:27:09.745 信息 [localhost-startStop-1] org.apache.catalina.startup.HostConfig.deployDirectory Deployment of web application directory F:\tomcatsolr\webapps\host-manager has finished in 40 ms
23-Dec-2019 16:27:09.745 信息 [localhost-startStop-1] org.apache.catalina.startup.HostConfig.deployDirectory Deploying web application directory F:\tomcatsolr\webapps\manager
23-Dec-2019 16:27:09.789 信息 [localhost-startStop-1] org.apache.catalina.startup.HostConfig.deployDirectory Deployment of web application directory F:\tomcatsolr\webapps\manager has finished in 44 ms
23-Dec-2019 16:27:09.790 信息 [localhost-startStop-1] org.apache.catalina.startup.HostConfig.deployDirectory Deploying web application directory F:\tomcatsolr\webapps\ROOT
23-Dec-2019 16:27:09.819 信息 [localhost-startStop-1] org.apache.catalina.startup.HostConfig.deployDirectory Deployment of web application directory F:\tomcatsolr\webapps\ROOT has finished in 29 ms
23-Dec-2019 16:27:09.820 信息 [localhost-startStop-1] org.apache.catalina.startup.HostConfig.deployDirectory Deploying web application directory F:\tomcatsolr\webapps\solr
23-Dec-2019 16:27:13.828 信息 [localhost-startStop-1] org.apache.jasper.servlet.TldScanner.scanJars At least one JAR was scanned for TLDs yet contained no TLDs. Enable debug logging for this logger for a complete list of JARs that were scanned but no TLDs were found in them. Skipping unneeded JARs during scanning can improve startup time and JSP compilation time.
23-Dec-2019 16:27:18.615 信息 [localhost-startStop-1] org.apache.catalina.startup.HostConfig.deployDirectory Deployment of web application directory F:\tomcatsolr\webapps\solr has finished in 8,794 ms
23-Dec-2019 16:27:18.624 信息 [main] org.apache.coyote.AbstractProtocol.start Starting ProtocolHandler ["http-nio-8081"]
23-Dec-2019 16:27:18.642 信息 [main] org.apache.coyote.AbstractProtocol.start Starting ProtocolHandler ["ajp-nio-8009"]
23-Dec-2019 16:27:18.647 信息 [main] org.apache.catalina.startup.Catalina.start Server startup in 9948 ms
23-Dec-2019 16:58:06.346 信息 [main] org.apache.catalina.startup.VersionLoggerListener.log Server version:        Apache Tomcat/8.0.52
23-Dec-2019 16:58:06.351 信息 [main] org.apache.catalina.startup.VersionLoggerListener.log Server built:          Apr 28 2018 16:24:29 UTC
23-Dec-2019 16:58:06.351 信息 [main] org.apache.catalina.startup.VersionLoggerListener.log Server number:         8.0.52.0
23-Dec-2019 16:58:06.351 信息 [main] org.apache.catalina.startup.VersionLoggerListener.log OS Name:               Windows 10
23-Dec-2019 16:58:06.351 信息 [main] org.apache.catalina.startup.VersionLoggerListener.log OS Version:            10.0
23-Dec-2019 16:58:06.352 信息 [main] org.apache.catalina.startup.VersionLoggerListener.log Architecture:          amd64
23-Dec-2019 16:58:06.352 信息 [main] org.apache.catalina.startup.VersionLoggerListener.log Java Home:             C:\Program Files\Java\jdk1.8.0_181\jre
23-Dec-2019 16:58:06.353 信息 [main] org.apache.catalina.startup.VersionLoggerListener.log JVM Version:           1.8.0_181-b13
23-Dec-2019 16:58:06.353 信息 [main] org.apache.catalina.startup.VersionLoggerListener.log JVM Vendor:            Oracle Corporation
23-Dec-2019 16:58:06.353 信息 [main] org.apache.catalina.startup.VersionLoggerListener.log CATALINA_BASE:         F:\tomcatsolr
23-Dec-2019 16:58:06.353 信息 [main] org.apache.catalina.startup.VersionLoggerListener.log CATALINA_HOME:         F:\tomcatsolr
23-Dec-2019 16:58:06.353 信息 [main] org.apache.catalina.startup.VersionLoggerListener.log Command line argument: -Djava.util.logging.config.file=F:\tomcatsolr\conf\logging.properties
23-Dec-2019 16:58:06.354 信息 [main] org.apache.catalina.startup.VersionLoggerListener.log Command line argument: -Djava.util.logging.manager=org.apache.juli.ClassLoaderLogManager
23-Dec-2019 16:58:06.354 信息 [main] org.apache.catalina.startup.VersionLoggerListener.log Command line argument: -Djdk.tls.ephemeralDHKeySize=2048
23-Dec-2019 16:58:06.354 信息 [main] org.apache.catalina.startup.VersionLoggerListener.log Command line argument: -Djava.protocol.handler.pkgs=org.apache.catalina.webresources
23-Dec-2019 16:58:06.354 信息 [main] org.apache.catalina.startup.VersionLoggerListener.log Command line argument: -Dignore.endorsed.dirs=
23-Dec-2019 16:58:06.354 信息 [main] org.apache.catalina.startup.VersionLoggerListener.log Command line argument: -Dcatalina.base=F:\tomcatsolr
23-Dec-2019 16:58:06.355 信息 [main] org.apache.catalina.startup.VersionLoggerListener.log Command line argument: -Dcatalina.home=F:\tomcatsolr
23-Dec-2019 16:58:06.356 信息 [main] org.apache.catalina.startup.VersionLoggerListener.log Command line argument: -Djava.io.tmpdir=F:\tomcatsolr\temp
23-Dec-2019 16:58:06.361 信息 [main] org.apache.catalina.core.AprLifecycleListener.lifecycleEvent The APR based Apache Tomcat Native library which allows optimal performance in production environments was not found on the java.library.path: C:\Program Files\Java\jdk1.8.0_181\bin;C:\WINDOWS\Sun\Java\bin;C:\WINDOWS\system32;C:\WINDOWS;C:\Program Files (x86)\Common Files\Oracle\Java\javapath;C:\WINDOWS\system32;C:\WINDOWS;C:\WINDOWS\System32\Wbem;C:\WINDOWS\System32\WindowsPowerShell\v1.0\;C:\Program Files (x86)\Microsoft SQL Server\110\Tools\Binn\ManagementStudio\;C:\Program Files (x86)\Microsoft SQL Server\110\Tools\Binn\;C:\Program Files\Microsoft SQL Server\110\Tools\Binn\;C:\Program Files (x86)\Microsoft Visual Studio 10.0\Common7\IDE\PrivateAssemblies\;C:\Program Files (x86)\Microsoft SQL Server\110\DTS\Binn\;C:\Program Files\Microsoft SQL Server\110\DTS\Binn\;C:\Program Files\Java\jdk1.8.0_181\bin;C:\Program Files\Java\jdk1.8.0_181\jre\bin;C:\WINDOWS\System32\OpenSSH\;C:\Users\15718\AppData\Local\Microsoft\WindowsApps;F:\python\PyCharm 193.4932.14\bin;;F:\工作安装包\ssm框架\整合包\mysql\bin;;.
23-Dec-2019 16:58:06.549 信息 [main] org.apache.coyote.AbstractProtocol.init Initializing ProtocolHandler ["http-nio-8081"]
23-Dec-2019 16:58:07.067 信息 [main] org.apache.tomcat.util.net.NioSelectorPool.getSharedSelector Using a shared selector for servlet write/read
23-Dec-2019 16:58:07.072 信息 [main] org.apache.coyote.AbstractProtocol.init Initializing ProtocolHandler ["ajp-nio-8009"]
23-Dec-2019 16:58:07.076 信息 [main] org.apache.tomcat.util.net.NioSelectorPool.getSharedSelector Using a shared selector for servlet write/read
23-Dec-2019 16:58:07.077 信息 [main] org.apache.catalina.startup.Catalina.load Initialization processed in 1299 ms
23-Dec-2019 16:58:07.117 信息 [main] org.apache.catalina.core.StandardService.startInternal Starting service Catalina
23-Dec-2019 16:58:07.118 信息 [main] org.apache.catalina.core.StandardEngine.startInternal Starting Servlet Engine: Apache Tomcat/8.0.52
23-Dec-2019 16:58:07.133 信息 [localhost-startStop-1] org.apache.catalina.startup.HostConfig.deployDirectory Deploying web application directory F:\tomcatsolr\webapps\docs
23-Dec-2019 16:58:07.724 信息 [localhost-startStop-1] org.apache.catalina.startup.HostConfig.deployDirectory Deployment of web application directory F:\tomcatsolr\webapps\docs has finished in 590 ms
23-Dec-2019 16:58:07.725 信息 [localhost-startStop-1] org.apache.catalina.startup.HostConfig.deployDirectory Deploying web application directory F:\tomcatsolr\webapps\examples
23-Dec-2019 16:58:08.368 信息 [localhost-startStop-1] org.apache.catalina.startup.HostConfig.deployDirectory Deployment of web application directory F:\tomcatsolr\webapps\examples has finished in 643 ms
23-Dec-2019 16:58:08.372 信息 [localhost-startStop-1] org.apache.catalina.startup.HostConfig.deployDirectory Deploying web application directory F:\tomcatsolr\webapps\host-manager
23-Dec-2019 16:58:08.434 信息 [localhost-startStop-1] org.apache.catalina.startup.HostConfig.deployDirectory Deployment of web application directory F:\tomcatsolr\webapps\host-manager has finished in 63 ms
23-Dec-2019 16:58:08.445 信息 [localhost-startStop-1] org.apache.catalina.startup.HostConfig.deployDirectory Deploying web application directory F:\tomcatsolr\webapps\manager
23-Dec-2019 16:58:08.532 信息 [localhost-startStop-1] org.apache.catalina.startup.HostConfig.deployDirectory Deployment of web application directory F:\tomcatsolr\webapps\manager has finished in 87 ms
23-Dec-2019 16:58:08.558 信息 [localhost-startStop-1] org.apache.catalina.startup.HostConfig.deployDirectory Deploying web application directory F:\tomcatsolr\webapps\ROOT
23-Dec-2019 16:58:08.613 信息 [localhost-startStop-1] org.apache.catalina.startup.HostConfig.deployDirectory Deployment of web application directory F:\tomcatsolr\webapps\ROOT has finished in 55 ms
23-Dec-2019 16:58:08.615 信息 [localhost-startStop-1] org.apache.catalina.startup.HostConfig.deployDirectory Deploying web application directory F:\tomcatsolr\webapps\solr
23-Dec-2019 16:58:12.429 信息 [localhost-startStop-1] org.apache.jasper.servlet.TldScanner.scanJars At least one JAR was scanned for TLDs yet contained no TLDs. Enable debug logging for this logger for a complete list of JARs that were scanned but no TLDs were found in them. Skipping unneeded JARs during scanning can improve startup time and JSP compilation time.
23-Dec-2019 16:58:16.510 信息 [localhost-startStop-1] org.apache.catalina.startup.HostConfig.deployDirectory Deployment of web application directory F:\tomcatsolr\webapps\solr has finished in 7,895 ms
23-Dec-2019 16:58:16.516 信息 [main] org.apache.coyote.AbstractProtocol.start Starting ProtocolHandler ["http-nio-8081"]
23-Dec-2019 16:58:16.528 信息 [main] org.apache.coyote.AbstractProtocol.start Starting ProtocolHandler ["ajp-nio-8009"]
23-Dec-2019 16:58:16.531 信息 [main] org.apache.catalina.startup.Catalina.start Server startup in 9453 ms
23-Dec-2019 17:03:19.531 信息 [main] org.apache.catalina.startup.VersionLoggerListener.log Server version:        Apache Tomcat/8.0.52
23-Dec-2019 17:03:19.537 信息 [main] org.apache.catalina.startup.VersionLoggerListener.log Server built:          Apr 28 2018 16:24:29 UTC
23-Dec-2019 17:03:19.538 信息 [main] org.apache.catalina.startup.VersionLoggerListener.log Server number:         8.0.52.0
23-Dec-2019 17:03:19.538 信息 [main] org.apache.catalina.startup.VersionLoggerListener.log OS Name:               Windows 10
23-Dec-2019 17:03:19.538 信息 [main] org.apache.catalina.startup.VersionLoggerListener.log OS Version:            10.0
23-Dec-2019 17:03:19.538 信息 [main] org.apache.catalina.startup.VersionLoggerListener.log Architecture:          amd64
23-Dec-2019 17:03:19.539 信息 [main] org.apache.catalina.startup.VersionLoggerListener.log Java Home:             C:\Program Files\Java\jdk1.8.0_181\jre
23-Dec-2019 17:03:19.539 信息 [main] org.apache.catalina.startup.VersionLoggerListener.log JVM Version:           1.8.0_181-b13
23-Dec-2019 17:03:19.540 信息 [main] org.apache.catalina.startup.VersionLoggerListener.log JVM Vendor:            Oracle Corporation
23-Dec-2019 17:03:19.540 信息 [main] org.apache.catalina.startup.VersionLoggerListener.log CATALINA_BASE:         F:\tomcatsolr
23-Dec-2019 17:03:19.540 信息 [main] org.apache.catalina.startup.VersionLoggerListener.log CATALINA_HOME:         F:\tomcatsolr
23-Dec-2019 17:03:19.541 信息 [main] org.apache.catalina.startup.VersionLoggerListener.log Command line argument: -Djava.util.logging.config.file=F:\tomcatsolr\conf\logging.properties
23-Dec-2019 17:03:19.542 信息 [main] org.apache.catalina.startup.VersionLoggerListener.log Command line argument: -Djava.util.logging.manager=org.apache.juli.ClassLoaderLogManager
23-Dec-2019 17:03:19.542 信息 [main] org.apache.catalina.startup.VersionLoggerListener.log Command line argument: -Djdk.tls.ephemeralDHKeySize=2048
23-Dec-2019 17:03:19.543 信息 [main] org.apache.catalina.startup.VersionLoggerListener.log Command line argument: -Djava.protocol.handler.pkgs=org.apache.catalina.webresources
23-Dec-2019 17:03:19.543 信息 [main] org.apache.catalina.startup.VersionLoggerListener.log Command line argument: -Dignore.endorsed.dirs=
23-Dec-2019 17:03:19.545 信息 [main] org.apache.catalina.startup.VersionLoggerListener.log Command line argument: -Dcatalina.base=F:\tomcatsolr
23-Dec-2019 17:03:19.549 信息 [main] org.apache.catalina.startup.VersionLoggerListener.log Command line argument: -Dcatalina.home=F:\tomcatsolr
23-Dec-2019 17:03:19.550 信息 [main] org.apache.catalina.startup.VersionLoggerListener.log Command line argument: -Djava.io.tmpdir=F:\tomcatsolr\temp
23-Dec-2019 17:03:19.556 信息 [main] org.apache.catalina.core.AprLifecycleListener.lifecycleEvent The APR based Apache Tomcat Native library which allows optimal performance in production environments was not found on the java.library.path: C:\Program Files\Java\jdk1.8.0_181\bin;C:\WINDOWS\Sun\Java\bin;C:\WINDOWS\system32;C:\WINDOWS;C:\Program Files (x86)\Common Files\Oracle\Java\javapath;C:\WINDOWS\system32;C:\WINDOWS;C:\WINDOWS\System32\Wbem;C:\WINDOWS\System32\WindowsPowerShell\v1.0\;C:\Program Files (x86)\Microsoft SQL Server\110\Tools\Binn\ManagementStudio\;C:\Program Files (x86)\Microsoft SQL Server\110\Tools\Binn\;C:\Program Files\Microsoft SQL Server\110\Tools\Binn\;C:\Program Files (x86)\Microsoft Visual Studio 10.0\Common7\IDE\PrivateAssemblies\;C:\Program Files (x86)\Microsoft SQL Server\110\DTS\Binn\;C:\Program Files\Microsoft SQL Server\110\DTS\Binn\;C:\Program Files\Java\jdk1.8.0_181\bin;C:\Program Files\Java\jdk1.8.0_181\jre\bin;C:\WINDOWS\System32\OpenSSH\;C:\Users\15718\AppData\Local\Microsoft\WindowsApps;F:\python\PyCharm 193.4932.14\bin;;F:\工作安装包\ssm框架\整合包\mysql\bin;;.
23-Dec-2019 17:03:19.759 信息 [main] org.apache.coyote.AbstractProtocol.init Initializing ProtocolHandler ["http-nio-8081"]
23-Dec-2019 17:03:20.234 信息 [main] org.apache.tomcat.util.net.NioSelectorPool.getSharedSelector Using a shared selector for servlet write/read
23-Dec-2019 17:03:20.237 信息 [main] org.apache.coyote.AbstractProtocol.init Initializing ProtocolHandler ["ajp-nio-8009"]
23-Dec-2019 17:03:20.242 信息 [main] org.apache.tomcat.util.net.NioSelectorPool.getSharedSelector Using a shared selector for servlet write/read
23-Dec-2019 17:03:20.243 信息 [main] org.apache.catalina.startup.Catalina.load Initialization processed in 1375 ms
23-Dec-2019 17:03:20.278 信息 [main] org.apache.catalina.core.StandardService.startInternal Starting service Catalina
23-Dec-2019 17:03:20.279 信息 [main] org.apache.catalina.core.StandardEngine.startInternal Starting Servlet Engine: Apache Tomcat/8.0.52
23-Dec-2019 17:03:20.289 信息 [localhost-startStop-1] org.apache.catalina.startup.HostConfig.deployDirectory Deploying web application directory F:\tomcatsolr\webapps\docs
23-Dec-2019 17:03:20.695 信息 [localhost-startStop-1] org.apache.catalina.startup.HostConfig.deployDirectory Deployment of web application directory F:\tomcatsolr\webapps\docs has finished in 405 ms
23-Dec-2019 17:03:20.696 信息 [localhost-startStop-1] org.apache.catalina.startup.HostConfig.deployDirectory Deploying web application directory F:\tomcatsolr\webapps\examples
23-Dec-2019 17:03:21.262 信息 [localhost-startStop-1] org.apache.catalina.startup.HostConfig.deployDirectory Deployment of web application directory F:\tomcatsolr\webapps\examples has finished in 567 ms
23-Dec-2019 17:03:21.263 信息 [localhost-startStop-1] org.apache.catalina.startup.HostConfig.deployDirectory Deploying web application directory F:\tomcatsolr\webapps\host-manager
23-Dec-2019 17:03:21.303 信息 [localhost-startStop-1] org.apache.catalina.startup.HostConfig.deployDirectory Deployment of web application directory F:\tomcatsolr\webapps\host-manager has finished in 40 ms
23-Dec-2019 17:03:21.303 信息 [localhost-startStop-1] org.apache.catalina.startup.HostConfig.deployDirectory Deploying web application directory F:\tomcatsolr\webapps\manager
23-Dec-2019 17:03:21.347 信息 [localhost-startStop-1] org.apache.catalina.startup.HostConfig.deployDirectory Deployment of web application directory F:\tomcatsolr\webapps\manager has finished in 44 ms
23-Dec-2019 17:03:21.348 信息 [localhost-startStop-1] org.apache.catalina.startup.HostConfig.deployDirectory Deploying web application directory F:\tomcatsolr\webapps\ROOT
23-Dec-2019 17:03:21.385 信息 [localhost-startStop-1] org.apache.catalina.startup.HostConfig.deployDirectory Deployment of web application directory F:\tomcatsolr\webapps\ROOT has finished in 36 ms
23-Dec-2019 17:03:21.385 信息 [localhost-startStop-1] org.apache.catalina.startup.HostConfig.deployDirectory Deploying web application directory F:\tomcatsolr\webapps\solr
23-Dec-2019 17:03:25.441 信息 [localhost-startStop-1] org.apache.jasper.servlet.TldScanner.scanJars At least one JAR was scanned for TLDs yet contained no TLDs. Enable debug logging for this logger for a complete list of JARs that were scanned but no TLDs were found in them. Skipping unneeded JARs during scanning can improve startup time and JSP compilation time.
23-Dec-2019 17:03:29.209 信息 [localhost-startStop-1] org.apache.catalina.startup.HostConfig.deployDirectory Deployment of web application directory F:\tomcatsolr\webapps\solr has finished in 7,824 ms
23-Dec-2019 17:03:29.214 信息 [main] org.apache.coyote.AbstractProtocol.start Starting ProtocolHandler ["http-nio-8081"]
23-Dec-2019 17:03:29.227 信息 [main] org.apache.coyote.AbstractProtocol.start Starting ProtocolHandler ["ajp-nio-8009"]
23-Dec-2019 17:03:29.231 信息 [main] org.apache.catalina.startup.Catalina.start Server startup in 8987 ms
