26-Dec-2019 08:33:48.993 信息 [main] org.apache.catalina.startup.VersionLoggerListener.log Server version:        Apache Tomcat/8.0.52
26-Dec-2019 08:33:48.999 信息 [main] org.apache.catalina.startup.VersionLoggerListener.log Server built:          Apr 28 2018 16:24:29 UTC
26-Dec-2019 08:33:48.999 信息 [main] org.apache.catalina.startup.VersionLoggerListener.log Server number:         8.0.52.0
26-Dec-2019 08:33:48.999 信息 [main] org.apache.catalina.startup.VersionLoggerListener.log OS Name:               Windows 10
26-Dec-2019 08:33:49.000 信息 [main] org.apache.catalina.startup.VersionLoggerListener.log OS Version:            10.0
26-Dec-2019 08:33:49.000 信息 [main] org.apache.catalina.startup.VersionLoggerListener.log Architecture:          amd64
26-Dec-2019 08:33:49.000 信息 [main] org.apache.catalina.startup.VersionLoggerListener.log Java Home:             C:\Program Files\Java\jdk1.8.0_181\jre
26-Dec-2019 08:33:49.000 信息 [main] org.apache.catalina.startup.VersionLoggerListener.log JVM Version:           1.8.0_181-b13
26-Dec-2019 08:33:49.000 信息 [main] org.apache.catalina.startup.VersionLoggerListener.log JVM Vendor:            Oracle Corporation
26-Dec-2019 08:33:49.000 信息 [main] org.apache.catalina.startup.VersionLoggerListener.log CATALINA_BASE:         F:\solr\tomcatsolr
26-Dec-2019 08:33:49.001 信息 [main] org.apache.catalina.startup.VersionLoggerListener.log CATALINA_HOME:         F:\solr\tomcatsolr
26-Dec-2019 08:33:49.001 信息 [main] org.apache.catalina.startup.VersionLoggerListener.log Command line argument: -Djava.util.logging.config.file=F:\solr\tomcatsolr\conf\logging.properties
26-Dec-2019 08:33:49.001 信息 [main] org.apache.catalina.startup.VersionLoggerListener.log Command line argument: -Djava.util.logging.manager=org.apache.juli.ClassLoaderLogManager
26-Dec-2019 08:33:49.001 信息 [main] org.apache.catalina.startup.VersionLoggerListener.log Command line argument: -Djdk.tls.ephemeralDHKeySize=2048
26-Dec-2019 08:33:49.002 信息 [main] org.apache.catalina.startup.VersionLoggerListener.log Command line argument: -Djava.protocol.handler.pkgs=org.apache.catalina.webresources
26-Dec-2019 08:33:49.002 信息 [main] org.apache.catalina.startup.VersionLoggerListener.log Command line argument: -Dignore.endorsed.dirs=
26-Dec-2019 08:33:49.002 信息 [main] org.apache.catalina.startup.VersionLoggerListener.log Command line argument: -Dcatalina.base=F:\solr\tomcatsolr
26-Dec-2019 08:33:49.003 信息 [main] org.apache.catalina.startup.VersionLoggerListener.log Command line argument: -Dcatalina.home=F:\solr\tomcatsolr
26-Dec-2019 08:33:49.003 信息 [main] org.apache.catalina.startup.VersionLoggerListener.log Command line argument: -Djava.io.tmpdir=F:\solr\tomcatsolr\temp
26-Dec-2019 08:33:49.009 信息 [main] org.apache.catalina.core.AprLifecycleListener.lifecycleEvent The APR based Apache Tomcat Native library which allows optimal performance in production environments was not found on the java.library.path: C:\Program Files\Java\jdk1.8.0_181\bin;C:\WINDOWS\Sun\Java\bin;C:\WINDOWS\system32;C:\WINDOWS;C:\Program Files (x86)\Common Files\Oracle\Java\javapath;C:\WINDOWS\system32;C:\WINDOWS;C:\WINDOWS\System32\Wbem;C:\WINDOWS\System32\WindowsPowerShell\v1.0\;C:\Program Files (x86)\Microsoft SQL Server\110\Tools\Binn\ManagementStudio\;C:\Program Files (x86)\Microsoft SQL Server\110\Tools\Binn\;C:\Program Files\Microsoft SQL Server\110\Tools\Binn\;C:\Program Files (x86)\Microsoft Visual Studio 10.0\Common7\IDE\PrivateAssemblies\;C:\Program Files (x86)\Microsoft SQL Server\110\DTS\Binn\;C:\Program Files\Microsoft SQL Server\110\DTS\Binn\;C:\Program Files\Java\jdk1.8.0_181\bin;C:\Program Files\Java\jdk1.8.0_181\jre\bin;C:\WINDOWS\System32\OpenSSH\;C:\Users\15718\AppData\Local\Microsoft\WindowsApps;F:\python\PyCharm 193.4932.14\bin;;F:\工作安装包\ssm框架\整合包\mysql\bin;;.
26-Dec-2019 08:33:49.196 信息 [main] org.apache.coyote.AbstractProtocol.init Initializing ProtocolHandler ["http-nio-8081"]
26-Dec-2019 08:33:49.695 信息 [main] org.apache.tomcat.util.net.NioSelectorPool.getSharedSelector Using a shared selector for servlet write/read
26-Dec-2019 08:33:49.698 信息 [main] org.apache.coyote.AbstractProtocol.init Initializing ProtocolHandler ["ajp-nio-9009"]
26-Dec-2019 08:33:49.702 信息 [main] org.apache.tomcat.util.net.NioSelectorPool.getSharedSelector Using a shared selector for servlet write/read
26-Dec-2019 08:33:49.703 信息 [main] org.apache.catalina.startup.Catalina.load Initialization processed in 1362 ms
26-Dec-2019 08:33:49.762 信息 [main] org.apache.catalina.core.StandardService.startInternal Starting service Catalina
26-Dec-2019 08:33:49.762 信息 [main] org.apache.catalina.core.StandardEngine.startInternal Starting Servlet Engine: Apache Tomcat/8.0.52
26-Dec-2019 08:33:49.786 信息 [localhost-startStop-1] org.apache.catalina.startup.HostConfig.deployDirectory Deploying web application directory F:\solr\tomcatsolr\webapps\docs
26-Dec-2019 08:33:50.364 信息 [localhost-startStop-1] org.apache.catalina.startup.HostConfig.deployDirectory Deployment of web application directory F:\solr\tomcatsolr\webapps\docs has finished in 578 ms
26-Dec-2019 08:33:50.366 信息 [localhost-startStop-1] org.apache.catalina.startup.HostConfig.deployDirectory Deploying web application directory F:\solr\tomcatsolr\webapps\examples
26-Dec-2019 08:33:51.081 信息 [localhost-startStop-1] org.apache.catalina.startup.HostConfig.deployDirectory Deployment of web application directory F:\solr\tomcatsolr\webapps\examples has finished in 715 ms
26-Dec-2019 08:33:51.082 信息 [localhost-startStop-1] org.apache.catalina.startup.HostConfig.deployDirectory Deploying web application directory F:\solr\tomcatsolr\webapps\host-manager
26-Dec-2019 08:33:51.153 信息 [localhost-startStop-1] org.apache.catalina.startup.HostConfig.deployDirectory Deployment of web application directory F:\solr\tomcatsolr\webapps\host-manager has finished in 72 ms
26-Dec-2019 08:33:51.153 信息 [localhost-startStop-1] org.apache.catalina.startup.HostConfig.deployDirectory Deploying web application directory F:\solr\tomcatsolr\webapps\manager
26-Dec-2019 08:33:51.193 信息 [localhost-startStop-1] org.apache.catalina.startup.HostConfig.deployDirectory Deployment of web application directory F:\solr\tomcatsolr\webapps\manager has finished in 40 ms
26-Dec-2019 08:33:51.194 信息 [localhost-startStop-1] org.apache.catalina.startup.HostConfig.deployDirectory Deploying web application directory F:\solr\tomcatsolr\webapps\ROOT
26-Dec-2019 08:33:51.238 信息 [localhost-startStop-1] org.apache.catalina.startup.HostConfig.deployDirectory Deployment of web application directory F:\solr\tomcatsolr\webapps\ROOT has finished in 44 ms
26-Dec-2019 08:33:51.239 信息 [localhost-startStop-1] org.apache.catalina.startup.HostConfig.deployDirectory Deploying web application directory F:\solr\tomcatsolr\webapps\solr
26-Dec-2019 08:33:55.748 信息 [localhost-startStop-1] org.apache.jasper.servlet.TldScanner.scanJars At least one JAR was scanned for TLDs yet contained no TLDs. Enable debug logging for this logger for a complete list of JARs that were scanned but no TLDs were found in them. Skipping unneeded JARs during scanning can improve startup time and JSP compilation time.
26-Dec-2019 08:34:01.337 信息 [localhost-startStop-1] org.apache.catalina.startup.HostConfig.deployDirectory Deployment of web application directory F:\solr\tomcatsolr\webapps\solr has finished in 10,098 ms
26-Dec-2019 08:34:01.344 信息 [main] org.apache.coyote.AbstractProtocol.start Starting ProtocolHandler ["http-nio-8081"]
26-Dec-2019 08:34:01.357 信息 [main] org.apache.coyote.AbstractProtocol.start Starting ProtocolHandler ["ajp-nio-9009"]
26-Dec-2019 08:34:01.360 信息 [main] org.apache.catalina.startup.Catalina.start Server startup in 11656 ms
26-Dec-2019 09:09:31.178 信息 [main] org.apache.catalina.startup.VersionLoggerListener.log Server version:        Apache Tomcat/8.0.52
26-Dec-2019 09:09:31.183 信息 [main] org.apache.catalina.startup.VersionLoggerListener.log Server built:          Apr 28 2018 16:24:29 UTC
26-Dec-2019 09:09:31.187 信息 [main] org.apache.catalina.startup.VersionLoggerListener.log Server number:         8.0.52.0
26-Dec-2019 09:09:31.188 信息 [main] org.apache.catalina.startup.VersionLoggerListener.log OS Name:               Windows 10
26-Dec-2019 09:09:31.188 信息 [main] org.apache.catalina.startup.VersionLoggerListener.log OS Version:            10.0
26-Dec-2019 09:09:31.188 信息 [main] org.apache.catalina.startup.VersionLoggerListener.log Architecture:          amd64
26-Dec-2019 09:09:31.189 信息 [main] org.apache.catalina.startup.VersionLoggerListener.log Java Home:             C:\Program Files\Java\jdk1.8.0_181\jre
26-Dec-2019 09:09:31.189 信息 [main] org.apache.catalina.startup.VersionLoggerListener.log JVM Version:           1.8.0_181-b13
26-Dec-2019 09:09:31.189 信息 [main] org.apache.catalina.startup.VersionLoggerListener.log JVM Vendor:            Oracle Corporation
26-Dec-2019 09:09:31.190 信息 [main] org.apache.catalina.startup.VersionLoggerListener.log CATALINA_BASE:         F:\solr\tomcatsolr
26-Dec-2019 09:09:31.190 信息 [main] org.apache.catalina.startup.VersionLoggerListener.log CATALINA_HOME:         F:\solr\tomcatsolr
26-Dec-2019 09:09:31.191 信息 [main] org.apache.catalina.startup.VersionLoggerListener.log Command line argument: -Djava.util.logging.config.file=F:\solr\tomcatsolr\conf\logging.properties
26-Dec-2019 09:09:31.193 信息 [main] org.apache.catalina.startup.VersionLoggerListener.log Command line argument: -Djava.util.logging.manager=org.apache.juli.ClassLoaderLogManager
26-Dec-2019 09:09:31.194 信息 [main] org.apache.catalina.startup.VersionLoggerListener.log Command line argument: -Djdk.tls.ephemeralDHKeySize=2048
26-Dec-2019 09:09:31.194 信息 [main] org.apache.catalina.startup.VersionLoggerListener.log Command line argument: -Djava.protocol.handler.pkgs=org.apache.catalina.webresources
26-Dec-2019 09:09:31.197 信息 [main] org.apache.catalina.startup.VersionLoggerListener.log Command line argument: -Dignore.endorsed.dirs=
26-Dec-2019 09:09:31.201 信息 [main] org.apache.catalina.startup.VersionLoggerListener.log Command line argument: -Dcatalina.base=F:\solr\tomcatsolr
26-Dec-2019 09:09:31.201 信息 [main] org.apache.catalina.startup.VersionLoggerListener.log Command line argument: -Dcatalina.home=F:\solr\tomcatsolr
26-Dec-2019 09:09:31.202 信息 [main] org.apache.catalina.startup.VersionLoggerListener.log Command line argument: -Djava.io.tmpdir=F:\solr\tomcatsolr\temp
26-Dec-2019 09:09:31.208 信息 [main] org.apache.catalina.core.AprLifecycleListener.lifecycleEvent The APR based Apache Tomcat Native library which allows optimal performance in production environments was not found on the java.library.path: C:\Program Files\Java\jdk1.8.0_181\bin;C:\WINDOWS\Sun\Java\bin;C:\WINDOWS\system32;C:\WINDOWS;C:\Program Files (x86)\Common Files\Oracle\Java\javapath;C:\WINDOWS\system32;C:\WINDOWS;C:\WINDOWS\System32\Wbem;C:\WINDOWS\System32\WindowsPowerShell\v1.0\;C:\Program Files (x86)\Microsoft SQL Server\110\Tools\Binn\ManagementStudio\;C:\Program Files (x86)\Microsoft SQL Server\110\Tools\Binn\;C:\Program Files\Microsoft SQL Server\110\Tools\Binn\;C:\Program Files (x86)\Microsoft Visual Studio 10.0\Common7\IDE\PrivateAssemblies\;C:\Program Files (x86)\Microsoft SQL Server\110\DTS\Binn\;C:\Program Files\Microsoft SQL Server\110\DTS\Binn\;C:\Program Files\Java\jdk1.8.0_181\bin;C:\Program Files\Java\jdk1.8.0_181\jre\bin;C:\WINDOWS\System32\OpenSSH\;C:\Users\15718\AppData\Local\Microsoft\WindowsApps;F:\python\PyCharm 193.4932.14\bin;;F:\工作安装包\ssm框架\整合包\mysql\bin;;.
26-Dec-2019 09:09:31.557 信息 [main] org.apache.coyote.AbstractProtocol.init Initializing ProtocolHandler ["http-nio-8081"]
26-Dec-2019 09:09:32.268 信息 [main] org.apache.tomcat.util.net.NioSelectorPool.getSharedSelector Using a shared selector for servlet write/read
26-Dec-2019 09:09:32.274 信息 [main] org.apache.coyote.AbstractProtocol.init Initializing ProtocolHandler ["ajp-nio-9009"]
26-Dec-2019 09:09:32.283 信息 [main] org.apache.tomcat.util.net.NioSelectorPool.getSharedSelector Using a shared selector for servlet write/read
26-Dec-2019 09:09:32.283 信息 [main] org.apache.catalina.startup.Catalina.load Initialization processed in 2066 ms
26-Dec-2019 09:09:32.342 信息 [main] org.apache.catalina.core.StandardService.startInternal Starting service Catalina
26-Dec-2019 09:09:32.343 信息 [main] org.apache.catalina.core.StandardEngine.startInternal Starting Servlet Engine: Apache Tomcat/8.0.52
26-Dec-2019 09:09:32.361 信息 [localhost-startStop-1] org.apache.catalina.startup.HostConfig.deployDirectory Deploying web application directory F:\solr\tomcatsolr\webapps\docs
26-Dec-2019 09:09:33.108 信息 [localhost-startStop-1] org.apache.catalina.startup.HostConfig.deployDirectory Deployment of web application directory F:\solr\tomcatsolr\webapps\docs has finished in 746 ms
26-Dec-2019 09:09:33.109 信息 [localhost-startStop-1] org.apache.catalina.startup.HostConfig.deployDirectory Deploying web application directory F:\solr\tomcatsolr\webapps\examples
26-Dec-2019 09:09:34.120 信息 [localhost-startStop-1] org.apache.catalina.startup.HostConfig.deployDirectory Deployment of web application directory F:\solr\tomcatsolr\webapps\examples has finished in 1,011 ms
26-Dec-2019 09:09:34.121 信息 [localhost-startStop-1] org.apache.catalina.startup.HostConfig.deployDirectory Deploying web application directory F:\solr\tomcatsolr\webapps\host-manager
26-Dec-2019 09:09:34.185 信息 [localhost-startStop-1] org.apache.catalina.startup.HostConfig.deployDirectory Deployment of web application directory F:\solr\tomcatsolr\webapps\host-manager has finished in 64 ms
26-Dec-2019 09:09:34.188 信息 [localhost-startStop-1] org.apache.catalina.startup.HostConfig.deployDirectory Deploying web application directory F:\solr\tomcatsolr\webapps\manager
26-Dec-2019 09:09:34.266 信息 [localhost-startStop-1] org.apache.catalina.startup.HostConfig.deployDirectory Deployment of web application directory F:\solr\tomcatsolr\webapps\manager has finished in 79 ms
26-Dec-2019 09:09:34.269 信息 [localhost-startStop-1] org.apache.catalina.startup.HostConfig.deployDirectory Deploying web application directory F:\solr\tomcatsolr\webapps\ROOT
26-Dec-2019 09:09:34.303 信息 [localhost-startStop-1] org.apache.catalina.startup.HostConfig.deployDirectory Deployment of web application directory F:\solr\tomcatsolr\webapps\ROOT has finished in 34 ms
26-Dec-2019 09:09:34.304 信息 [localhost-startStop-1] org.apache.catalina.startup.HostConfig.deployDirectory Deploying web application directory F:\solr\tomcatsolr\webapps\solr
26-Dec-2019 09:09:40.984 信息 [localhost-startStop-1] org.apache.jasper.servlet.TldScanner.scanJars At least one JAR was scanned for TLDs yet contained no TLDs. Enable debug logging for this logger for a complete list of JARs that were scanned but no TLDs were found in them. Skipping unneeded JARs during scanning can improve startup time and JSP compilation time.
26-Dec-2019 09:09:47.192 信息 [localhost-startStop-1] org.apache.catalina.startup.HostConfig.deployDirectory Deployment of web application directory F:\solr\tomcatsolr\webapps\solr has finished in 12,888 ms
26-Dec-2019 09:09:47.207 信息 [main] org.apache.coyote.AbstractProtocol.start Starting ProtocolHandler ["http-nio-8081"]
26-Dec-2019 09:09:47.224 信息 [main] org.apache.coyote.AbstractProtocol.start Starting ProtocolHandler ["ajp-nio-9009"]
26-Dec-2019 09:09:47.228 信息 [main] org.apache.catalina.startup.Catalina.start Server startup in 14944 ms
